{"user": "djmax", "timestamp": "2025-05-09 10:00", "text": "Hi again! \ud83d\ude0a"}
{"user": "djmax", "timestamp": "2025-05-09 10:05", "text": "I'm thinking of getting a new MIDI controller. Any recommendations?"}
{"user": "you", "timestamp": "2025-05-09 10:11", "text": "Exactly. The lyrics are more introspective this time."}
{"user": "djmax", "timestamp": "2025-05-09 10:14", "text": "Exactly. The lyrics are more introspective this time."}
{"user": "you", "timestamp": "2025-05-09 10:19", "text": "It\u2019s amazing how much improvisation there was in those scenes."}
{"user": "djmax", "timestamp": "2025-05-09 10:36", "text": "That book's been on my list. Did you cry at the ending?"}
{"user": "you", "timestamp": "2025-05-09 10:53", "text": "I love how it showed vulnerability without being overly dramatic."}
{"user": "djmax", "timestamp": "2025-05-09 11:00", "text": "Yeah, I listened to it last night. Definitely a shift from their earlier stuff."}
{"user": "you", "timestamp": "2025-05-09 11:18", "text": "Right? Not everything needs to be CGI-heavy."}
{"user": "djmax", "timestamp": "2025-05-09 11:31", "text": "It\u2019s cool how they\u2019ve evolved as a band."}
{"user": "you", "timestamp": "2025-05-09 11:35", "text": "Same here. I'm leaning toward something compact and portable."}
{"user": "djmax", "timestamp": "2025-05-09 11:50", "text": "The practical effects were refreshing for once."}
{"user": "you", "timestamp": "2025-05-09 12:10", "text": "Exactly. The lyrics are more introspective this time."}
{"user": "djmax", "timestamp": "2025-05-09 12:24", "text": "It\u2019s cool how they\u2019ve evolved as a band."}
{"user": "you", "timestamp": "2025-05-09 12:28", "text": "He said they shot the restaurant scene in one take!"}
{"user": "djmax", "timestamp": "2025-05-09 12:38", "text": "The practical effects were refreshing for once."}
{"user": "you", "timestamp": "2025-05-09 12:53", "text": "Totally. The pacing and character arcs were so well done."}
{"user": "djmax", "timestamp": "2025-05-09 13:11", "text": "It\u2019s cool how they\u2019ve evolved as a band."}
{"user": "you", "timestamp": "2025-05-09 13:14", "text": "Right? Not everything needs to be CGI-heavy."}
{"user": "djmax", "timestamp": "2025-05-09 13:17", "text": "I hope studios keep making more movies like that."}
{"user": "you", "timestamp": "2025-05-09 13:33", "text": "Same here. I'm leaning toward something compact and portable."}
{"user": "djmax", "timestamp": "2025-05-09 13:46", "text": "I\u2019d go for a controller with at least 8 pads if you do finger drumming."}
{"user": "you", "timestamp": "2025-05-09 14:02", "text": "The practical effects were refreshing for once."}
{"user": "djmax", "timestamp": "2025-05-09 14:06", "text": "The soundtrack was a nice surprise too."}
{"user": "you", "timestamp": "2025-05-09 14:11", "text": "The dialogue felt so real, especially between Sam and Sadie."}
{"user": "djmax", "timestamp": "2025-05-09 14:16", "text": "Right? Not everything needs to be CGI-heavy."}
{"user": "you", "timestamp": "2025-05-09 14:27", "text": "The practical effects were refreshing for once."}
{"user": "djmax", "timestamp": "2025-05-09 14:46", "text": "Totally. The pacing and character arcs were so well done."}
{"user": "you", "timestamp": "2025-05-09 15:00", "text": "Right? Not everything needs to be CGI-heavy."}
{"user": "djmax", "timestamp": "2025-05-09 15:09", "text": "Same here. I'm leaning toward something compact and portable."}
{"user": "you", "timestamp": "2025-05-09 15:21", "text": "Exactly. The lyrics are more introspective this time."}
{"user": "djmax", "timestamp": "2025-05-09 15:30", "text": "It\u2019s amazing how much improvisation there was in those scenes."}
{"user": "you", "timestamp": "2025-05-09 15:44", "text": "He said they shot the restaurant scene in one take!"}
{"user": "djmax", "timestamp": "2025-05-09 15:54", "text": "Yes! It reminded me of classic action films from the 80s."}
{"user": "you", "timestamp": "2025-05-09 16:12", "text": "Yeah, I listened to it last night. Definitely a shift from their earlier stuff."}
{"user": "djmax", "timestamp": "2025-05-09 16:19", "text": "No, but I\u2019ve seen clips. He still remembers everything in detail!"}
{"user": "you", "timestamp": "2025-05-09 16:37", "text": "I\u2019ve heard good things about the Arturia MiniLab!"}
{"user": "djmax", "timestamp": "2025-05-09 16:57", "text": "The soundtrack was a nice surprise too."}
{"user": "you", "timestamp": "2025-05-09 17:04", "text": "The soundtrack was a nice surprise too."}
{"user": "djmax", "timestamp": "2025-05-09 17:16", "text": "The soundtrack was a nice surprise too."}
{"user": "you", "timestamp": "2025-05-09 17:31", "text": "Yes! It reminded me of classic action films from the 80s."}
{"user": "djmax", "timestamp": "2025-05-09 17:43", "text": "I\u2019ve heard good things about the Arturia MiniLab!"}
{"user": "you", "timestamp": "2025-05-09 18:01", "text": "Right? Not everything needs to be CGI-heavy."}
{"user": "djmax", "timestamp": "2025-05-09 18:17", "text": "It\u2019s cool how they\u2019ve evolved as a band."}
{"user": "you", "timestamp": "2025-05-09 18:19", "text": "Yeah, and it didn\u2019t feel rushed at all."}
{"user": "djmax", "timestamp": "2025-05-09 18:22", "text": "No, but I\u2019ve seen clips. He still remembers everything in detail!"}
{"user": "you", "timestamp": "2025-05-09 18:38", "text": "It\u2019s cool how they\u2019ve evolved as a band."}
{"user": "djmax", "timestamp": "2025-05-09 18:50", "text": "Same here. I'm leaning toward something compact and portable."}
{"user": "you", "timestamp": "2025-05-09 19:03", "text": "I\u2019d go for a controller with at least 8 pads if you do finger drumming."}
{"user": "djmax", "timestamp": "2025-05-09 19:09", "text": "Yeah, I listened to it last night. Definitely a shift from their earlier stuff."}
{"user": "you", "timestamp": "2025-05-09 19:27", "text": "That book's been on my list. Did you cry at the ending?"}
{"user": "djmax", "timestamp": "2025-05-09 19:37", "text": "I\u2019d go for a controller with at least 8 pads if you do finger drumming."}
{"user": "you", "timestamp": "2025-05-09 19:51", "text": "I\u2019ve heard good things about the Arturia MiniLab!"}
{"user": "djmax", "timestamp": "2025-05-09 20:02", "text": "I\u2019ve heard good things about the Arturia MiniLab!"}
{"user": "you", "timestamp": "2025-05-09 20:22", "text": "Yeah, and it didn\u2019t feel rushed at all."}
{"user": "djmax", "timestamp": "2025-05-09 20:37", "text": "Yes! It reminded me of classic action films from the 80s."}
{"user": "you", "timestamp": "2025-05-09 20:46", "text": "No, but I\u2019ve seen clips. He still remembers everything in detail!"}
{"user": "djmax", "timestamp": "2025-05-09 20:59", "text": "Right? Not everything needs to be CGI-heavy."}
{"user": "you", "timestamp": "2025-05-09 21:05", "text": "The dialogue felt so real, especially between Sam and Sadie."}
{"user": "djmax", "timestamp": "2025-05-09 21:15", "text": "No, but I\u2019ve seen clips. He still remembers everything in detail!"}
{"user": "you", "timestamp": "2025-05-09 21:19", "text": "No, but I\u2019ve seen clips. He still remembers everything in detail!"}
{"user": "djmax", "timestamp": "2025-05-09 21:37", "text": "The practical effects were refreshing for once."}
{"user": "you", "timestamp": "2025-05-09 21:52", "text": "It\u2019s amazing how much improvisation there was in those scenes."}
{"user": "djmax", "timestamp": "2025-05-09 21:59", "text": "No, but I\u2019ve seen clips. He still remembers everything in detail!"}
{"user": "you", "timestamp": "2025-05-09 22:16", "text": "I read it in two days. Couldn't put it down."}
{"user": "djmax", "timestamp": "2025-05-09 22:32", "text": "The dialogue felt so real, especially between Sam and Sadie."}
{"user": "you", "timestamp": "2025-05-09 22:49", "text": "Same here. I'm leaning toward something compact and portable."}
{"user": "djmax", "timestamp": "2025-05-09 23:07", "text": "That book's been on my list. Did you cry at the ending?"}
{"user": "you", "timestamp": "2025-05-09 23:25", "text": "I hope studios keep making more movies like that."}
{"user": "djmax", "timestamp": "2025-05-09 23:36", "text": "Totally. The pacing and character arcs were so well done."}
{"user": "you", "timestamp": "2025-05-09 23:52", "text": "No, but I\u2019ve seen clips. He still remembers everything in detail!"}
{"user": "djmax", "timestamp": "2025-05-09 23:57", "text": "Yeah, I listened to it last night. Definitely a shift from their earlier stuff."}
{"user": "you", "timestamp": "2025-05-10 09:28", "text": "Hi again! \ud83d\ude0a"}
{"user": "you", "timestamp": "2025-05-10 09:35", "text": "It\u2019s cool how they\u2019ve evolved as a band."}
{"user": "djmax", "timestamp": "2025-05-10 09:49", "text": "It\u2019s cool how they\u2019ve evolved as a band."}
{"user": "you", "timestamp": "2025-05-10 09:56", "text": "I love how it showed vulnerability without being overly dramatic."}
{"user": "djmax", "timestamp": "2025-05-10 09:59", "text": "Exactly. The lyrics are more introspective this time."}
{"user": "you", "timestamp": "2025-05-10 10:06", "text": "Right? Not everything needs to be CGI-heavy."}
{"user": "djmax", "timestamp": "2025-05-10 10:08", "text": "That book's been on my list. Did you cry at the ending?"}
{"user": "you", "timestamp": "2025-05-10 10:20", "text": "I love how it showed vulnerability without being overly dramatic."}
{"user": "djmax", "timestamp": "2025-05-10 10:25", "text": "Yeah, and it didn\u2019t feel rushed at all."}
{"user": "you", "timestamp": "2025-05-10 10:28", "text": "I read it in two days. Couldn't put it down."}
{"user": "djmax", "timestamp": "2025-05-10 10:40", "text": "I\u2019ve heard good things about the Arturia MiniLab!"}
{"user": "you", "timestamp": "2025-05-10 10:55", "text": "I\u2019d go for a controller with at least 8 pads if you do finger drumming."}
{"user": "djmax", "timestamp": "2025-05-10 11:08", "text": "Same here. I'm leaning toward something compact and portable."}
{"user": "you", "timestamp": "2025-05-10 11:14", "text": "Right? Not everything needs to be CGI-heavy."}
{"user": "djmax", "timestamp": "2025-05-10 11:23", "text": "I\u2019d go for a controller with at least 8 pads if you do finger drumming."}
{"user": "you", "timestamp": "2025-05-10 11:34", "text": "It\u2019s cool how they\u2019ve evolved as a band."}
{"user": "djmax", "timestamp": "2025-05-10 11:41", "text": "Yeah, I listened to it last night. Definitely a shift from their earlier stuff."}
{"user": "you", "timestamp": "2025-05-10 11:43", "text": "Yeah, and it didn\u2019t feel rushed at all."}
{"user": "djmax", "timestamp": "2025-05-10 11:48", "text": "The soundtrack was a nice surprise too."}
{"user": "you", "timestamp": "2025-05-10 12:07", "text": "That book's been on my list. Did you cry at the ending?"}
{"user": "djmax", "timestamp": "2025-05-10 12:14", "text": "Right? Not everything needs to be CGI-heavy."}
{"user": "you", "timestamp": "2025-05-10 12:28", "text": "That book's been on my list. Did you cry at the ending?"}
{"user": "djmax", "timestamp": "2025-05-10 12:42", "text": "He said they shot the restaurant scene in one take!"}
{"user": "you", "timestamp": "2025-05-10 12:49", "text": "He said they shot the restaurant scene in one take!"}
{"user": "djmax", "timestamp": "2025-05-10 13:04", "text": "Right? Not everything needs to be CGI-heavy."}
{"user": "you", "timestamp": "2025-05-10 13:14", "text": "Right? Not everything needs to be CGI-heavy."}
{"user": "djmax", "timestamp": "2025-05-10 13:32", "text": "Yes! It reminded me of classic action films from the 80s."}
{"user": "you", "timestamp": "2025-05-10 13:51", "text": "Yes! It reminded me of classic action films from the 80s."}
{"user": "djmax", "timestamp": "2025-05-10 14:00", "text": "The practical effects were refreshing for once."}
{"user": "you", "timestamp": "2025-05-10 14:13", "text": "Totally. The pacing and character arcs were so well done."}
{"user": "djmax", "timestamp": "2025-05-10 14:24", "text": "I love how it showed vulnerability without being overly dramatic."}
{"user": "you", "timestamp": "2025-05-10 14:44", "text": "He said they shot the restaurant scene in one take!"}
{"user": "djmax", "timestamp": "2025-05-10 15:02", "text": "Exactly. The lyrics are more introspective this time."}
{"user": "you", "timestamp": "2025-05-10 15:08", "text": "It\u2019s amazing how much improvisation there was in those scenes."}
{"user": "djmax", "timestamp": "2025-05-10 15:12", "text": "Yes! It reminded me of classic action films from the 80s."}
{"user": "you", "timestamp": "2025-05-10 15:17", "text": "That book's been on my list. Did you cry at the ending?"}