{"user": "emily", "timestamp": "2025-05-08 10:00", "text": "Hey! How are you?"}
{"user": "emily", "timestamp": "2025-05-08 10:04", "text": "I just finished reading 'Tomorrow, and Tomorrow, and Tomorrow'. It hit hard."}
{"user": "you", "timestamp": "2025-05-08 10:08", "text": "The dialogue felt so real, especially between Sam and Sadie."}
{"user": "emily", "timestamp": "2025-05-08 10:26", "text": "No, but I\u2019ve seen clips. He still remembers everything in detail!"}
{"user": "you", "timestamp": "2025-05-08 10:40", "text": "Same here. I'm leaning toward something compact and portable."}
{"user": "emily", "timestamp": "2025-05-08 10:54", "text": "He said they shot the restaurant scene in one take!"}
{"user": "you", "timestamp": "2025-05-08 11:10", "text": "Exactly. The lyrics are more introspective this time."}
{"user": "emily", "timestamp": "2025-05-08 11:13", "text": "I read it in two days. Couldn't put it down."}
{"user": "you", "timestamp": "2025-05-08 11:22", "text": "Yes! It reminded me of classic action films from the 80s."}
{"user": "emily", "timestamp": "2025-05-08 11:33", "text": "Totally. The pacing and character arcs were so well done."}
{"user": "you", "timestamp": "2025-05-08 11:49", "text": "No, but I\u2019ve seen clips. He still remembers everything in detail!"}
{"user": "emily", "timestamp": "2025-05-08 11:58", "text": "No, but I\u2019ve seen clips. He still remembers everything in detail!"}
{"user": "you", "timestamp": "2025-05-08 12:13", "text": "The soundtrack was a nice surprise too."}
{"user": "emily", "timestamp": "2025-05-08 12:20", "text": "I\u2019d go for a controller with at least 8 pads if you do finger drumming."}
{"user": "you", "timestamp": "2025-05-08 12:26", "text": "I love how it showed vulnerability without being overly dramatic."}
{"user": "emily", "timestamp": "2025-05-08 12:36", "text": "I\u2019d go for a controller with at least 8 pads if you do finger drumming."}
{"user": "you", "timestamp": "2025-05-08 12:44", "text": "The dialogue felt so real, especially between Sam and Sadie."}
{"user": "emily", "timestamp": "2025-05-08 12:59", "text": "The dialogue felt so real, especially between Sam and Sadie."}
{"user": "you", "timestamp": "2025-05-08 13:03", "text": "Right? Not everything needs to be CGI-heavy."}
{"user": "emily", "timestamp": "2025-05-08 13:09", "text": "I love how it showed vulnerability without being overly dramatic."}
{"user": "you", "timestamp": "2025-05-08 13:29", "text": "It\u2019s amazing how much improvisation there was in those scenes."}
{"user": "emily", "timestamp": "2025-05-08 13:36", "text": "Yeah, and it didn\u2019t feel rushed at all."}
{"user": "you", "timestamp": "2025-05-08 13:48", "text": "Right? Not everything needs to be CGI-heavy."}
{"user": "emily", "timestamp": "2025-05-08 14:02", "text": "Yeah, I listened to it last night. Definitely a shift from their earlier stuff."}
{"user": "you", "timestamp": "2025-05-08 14:16", "text": "Right? Not everything needs to be CGI-heavy."}
{"user": "emily", "timestamp": "2025-05-08 14:30", "text": "The dialogue felt so real, especially between Sam and Sadie."}
{"user": "you", "timestamp": "2025-05-08 14:37", "text": "No, but I\u2019ve seen clips. He still remembers everything in detail!"}
{"user": "emily", "timestamp": "2025-05-08 14:39", "text": "I\u2019d go for a controller with at least 8 pads if you do finger drumming."}
{"user": "you", "timestamp": "2025-05-08 14:54", "text": "Right? Not everything needs to be CGI-heavy."}
{"user": "emily", "timestamp": "2025-05-08 15:07", "text": "That book's been on my list. Did you cry at the ending?"}
{"user": "you", "timestamp": "2025-05-08 15:26", "text": "It\u2019s amazing how much improvisation there was in those scenes."}
{"user": "emily", "timestamp": "2025-05-08 15:46", "text": "Totally. The pacing and character arcs were so well done."}
{"user": "you", "timestamp": "2025-05-08 16:01", "text": "The dialogue felt so real, especially between Sam and Sadie."}
{"user": "emily", "timestamp": "2025-05-08 16:15", "text": "Totally. The pacing and character arcs were so well done."}
{"user": "you", "timestamp": "2025-05-08 16:21", "text": "The soundtrack was a nice surprise too."}
{"user": "emily", "timestamp": "2025-05-08 16:39", "text": "I\u2019ve heard good things about the Arturia MiniLab!"}
{"user": "you", "timestamp": "2025-05-08 16:57", "text": "That book's been on my list. Did you cry at the ending?"}
{"user": "emily", "timestamp": "2025-05-08 17:04", "text": "The practical effects were refreshing for once."}
{"user": "you", "timestamp": "2025-05-08 17:20", "text": "It\u2019s amazing how much improvisation there was in those scenes."}
{"user": "emily", "timestamp": "2025-05-08 17:36", "text": "Right? Not everything needs to be CGI-heavy."}
{"user": "you", "timestamp": "2025-05-08 17:45", "text": "I hope studios keep making more movies like that."}
{"user": "emily", "timestamp": "2025-05-08 17:52", "text": "That book's been on my list. Did you cry at the ending?"}
{"user": "you", "timestamp": "2025-05-08 18:10", "text": "That book's been on my list. Did you cry at the ending?"}
{"user": "emily", "timestamp": "2025-05-08 18:24", "text": "Yes! It reminded me of classic action films from the 80s."}
{"user": "you", "timestamp": "2025-05-08 18:32", "text": "Right? Not everything needs to be CGI-heavy."}
{"user": "emily", "timestamp": "2025-05-08 18:35", "text": "The dialogue felt so real, especially between Sam and Sadie."}
{"user": "you", "timestamp": "2025-05-08 18:51", "text": "Exactly. The lyrics are more introspective this time."}
{"user": "emily", "timestamp": "2025-05-08 19:11", "text": "It\u2019s amazing how much improvisation there was in those scenes."}
{"user": "you", "timestamp": "2025-05-08 19:25", "text": "I hope studios keep making more movies like that."}
{"user": "emily", "timestamp": "2025-05-08 19:41", "text": "The soundtrack was a nice surprise too."}
{"user": "you", "timestamp": "2025-05-08 19:54", "text": "Yes! It reminded me of classic action films from the 80s."}
{"user": "emily", "timestamp": "2025-05-08 20:01", "text": "No, but I\u2019ve seen clips. He still remembers everything in detail!"}
{"user": "you", "timestamp": "2025-05-08 20:06", "text": "Yeah, and it didn\u2019t feel rushed at all."}
{"user": "emily", "timestamp": "2025-05-08 20:23", "text": "Exactly. The lyrics are more introspective this time."}
{"user": "you", "timestamp": "2025-05-08 20:30", "text": "I read it in two days. Couldn't put it down."}
{"user": "emily", "timestamp": "2025-05-08 20:48", "text": "It\u2019s amazing how much improvisation there was in those scenes."}
{"user": "you", "timestamp": "2025-05-08 20:57", "text": "Yeah, I listened to it last night. Definitely a shift from their earlier stuff."}
{"user": "emily", "timestamp": "2025-05-08 21:09", "text": "I read it in two days. Couldn't put it down."}
{"user": "you", "timestamp": "2025-05-08 21:18", "text": "I love how it showed vulnerability without being overly dramatic."}
{"user": "emily", "timestamp": "2025-05-08 21:25", "text": "The soundtrack was a nice surprise too."}
{"user": "you", "timestamp": "2025-05-08 21:45", "text": "Exactly. The lyrics are more introspective this time."}
{"user": "emily", "timestamp": "2025-05-08 21:56", "text": "Yeah, I listened to it last night. Definitely a shift from their earlier stuff."}
{"user": "you", "timestamp": "2025-05-08 21:59", "text": "No, but I\u2019ve seen clips. He still remembers everything in detail!"}
{"user": "emily", "timestamp": "2025-05-08 22:06", "text": "I love how it showed vulnerability without being overly dramatic."}
{"user": "you", "timestamp": "2025-05-08 22:12", "text": "Same here. I'm leaning toward something compact and portable."}
{"user": "emily", "timestamp": "2025-05-08 22:23", "text": "It\u2019s amazing how much improvisation there was in those scenes."}
{"user": "you", "timestamp": "2025-05-08 22:36", "text": "Yeah, and it didn\u2019t feel rushed at all."}
{"user": "emily", "timestamp": "2025-05-08 22:52", "text": "I read it in two days. Couldn't put it down."}
{"user": "you", "timestamp": "2025-05-08 23:01", "text": "Exactly. The lyrics are more introspective this time."}
{"user": "emily", "timestamp": "2025-05-08 23:19", "text": "Yeah, and it didn\u2019t feel rushed at all."}
{"user": "you", "timestamp": "2025-05-08 23:28", "text": "That book's been on my list. Did you cry at the ending?"}
{"user": "emily", "timestamp": "2025-05-08 23:44", "text": "Same here. I'm leaning toward something compact and portable."}
{"user": "you", "timestamp": "2025-05-08 23:48", "text": "I love how it showed vulnerability without being overly dramatic."}
{"user": "emily", "timestamp": "2025-05-08 23:55", "text": "Totally. The pacing and character arcs were so well done."}
{"user": "you", "timestamp": "2025-05-09 09:21", "text": "Good evening! How\u2019s everything?"}
{"user": "you", "timestamp": "2025-05-09 09:28", "text": "I hope studios keep making more movies like that."}
{"user": "emily", "timestamp": "2025-05-09 09:30", "text": "It\u2019s amazing how much improvisation there was in those scenes."}
{"user": "you", "timestamp": "2025-05-09 09:36", "text": "Yes! It reminded me of classic action films from the 80s."}
{"user": "emily", "timestamp": "2025-05-09 09:41", "text": "I read it in two days. Couldn't put it down."}
{"user": "you", "timestamp": "2025-05-09 09:53", "text": "Yes! It reminded me of classic action films from the 80s."}
{"user": "emily", "timestamp": "2025-05-09 09:57", "text": "The soundtrack was a nice surprise too."}
{"user": "you", "timestamp": "2025-05-09 10:12", "text": "The dialogue felt so real, especially between Sam and Sadie."}
{"user": "emily", "timestamp": "2025-05-09 10:16", "text": "I\u2019ve heard good things about the Arturia MiniLab!"}
{"user": "you", "timestamp": "2025-05-09 10:26", "text": "The practical effects were refreshing for once."}
{"user": "emily", "timestamp": "2025-05-09 10:38", "text": "Exactly. The lyrics are more introspective this time."}
{"user": "you", "timestamp": "2025-05-09 10:55", "text": "He said they shot the restaurant scene in one take!"}
{"user": "emily", "timestamp": "2025-05-09 11:06", "text": "It\u2019s cool how they\u2019ve evolved as a band."}
{"user": "you", "timestamp": "2025-05-09 11:10", "text": "It\u2019s amazing how much improvisation there was in those scenes."}
{"user": "emily", "timestamp": "2025-05-09 11:24", "text": "I\u2019ve heard good things about the Arturia MiniLab!"}
{"user": "you", "timestamp": "2025-05-09 11:28", "text": "The soundtrack was a nice surprise too."}
{"user": "emily", "timestamp": "2025-05-09 11:35", "text": "Right? Not everything needs to be CGI-heavy."}
{"user": "you", "timestamp": "2025-05-09 11:44", "text": "It\u2019s amazing how much improvisation there was in those scenes."}
{"user": "emily", "timestamp": "2025-05-09 12:04", "text": "No, but I\u2019ve seen clips. He still remembers everything in detail!"}
{"user": "you", "timestamp": "2025-05-09 12:11", "text": "I read it in two days. Couldn't put it down."}
{"user": "emily", "timestamp": "2025-05-09 12:15", "text": "It\u2019s cool how they\u2019ve evolved as a band."}
{"user": "you", "timestamp": "2025-05-09 12:19", "text": "Yeah, I listened to it last night. Definitely a shift from their earlier stuff."}
{"user": "emily", "timestamp": "2025-05-09 12:26", "text": "I love how it showed vulnerability without being overly dramatic."}
{"user": "you", "timestamp": "2025-05-09 12:37", "text": "I read it in two days. Couldn't put it down."}
{"user": "emily", "timestamp": "2025-05-09 12:50", "text": "Yes! It reminded me of classic action films from the 80s."}
{"user": "you", "timestamp": "2025-05-09 12:56", "text": "I hope studios keep making more movies like that."}
{"user": "emily", "timestamp": "2025-05-09 13:00", "text": "It\u2019s amazing how much improvisation there was in those scenes."}
{"user": "you", "timestamp": "2025-05-09 13:19", "text": "It\u2019s cool how they\u2019ve evolved as a band."}
{"user": "emily", "timestamp": "2025-05-09 13:22", "text": "Exactly. The lyrics are more introspective this time."}
{"user": "you", "timestamp": "2025-05-09 13:41", "text": "It\u2019s cool how they\u2019ve evolved as a band."}
{"user": "emily", "timestamp": "2025-05-09 13:55", "text": "The practical effects were refreshing for once."}
{"user": "you", "timestamp": "2025-05-09 14:03", "text": "No, but I\u2019ve seen clips. He still remembers everything in detail!"}
{"user": "emily", "timestamp": "2025-05-09 14:20", "text": "It\u2019s amazing how much improvisation there was in those scenes."}
{"user": "you", "timestamp": "2025-05-09 14:34", "text": "Totally. The pacing and character arcs were so well done."}
{"user": "emily", "timestamp": "2025-05-09 14:36", "text": "That book's been on my list. Did you cry at the ending?"}
{"user": "you", "timestamp": "2025-05-09 14:56", "text": "The practical effects were refreshing for once."}
{"user": "emily", "timestamp": "2025-05-09 15:15", "text": "The soundtrack was a nice surprise too."}
{"user": "you", "timestamp": "2025-05-09 15:25", "text": "I hope studios keep making more movies like that."}
{"user": "emily", "timestamp": "2025-05-09 15:44", "text": "Totally. The pacing and character arcs were so well done."}
{"user": "you", "timestamp": "2025-05-09 15:49", "text": "I hope studios keep making more movies like that."}
{"user": "emily", "timestamp": "2025-05-09 15:53", "text": "It\u2019s cool how they\u2019ve evolved as a band."}
{"user": "you", "timestamp": "2025-05-09 16:09", "text": "I\u2019ve heard good things about the Arturia MiniLab!"}
