{"user": "nina", "timestamp": "2025-05-09 10:00", "text": "Hope you had a great day!"}
{"user": "nina", "timestamp": "2025-05-09 10:03", "text": "Have you watched 'The Fall Guy'? The stunts were wild."}
{"user": "you", "timestamp": "2025-05-09 10:05", "text": "The practical effects were refreshing for once."}
{"user": "nina", "timestamp": "2025-05-09 10:21", "text": "Same here. I'm leaning toward something compact and portable."}
{"user": "you", "timestamp": "2025-05-09 10:32", "text": "Exactly. The lyrics are more introspective this time."}
{"user": "nina", "timestamp": "2025-05-09 10:49", "text": "Right? Not everything needs to be CGI-heavy."}
{"user": "you", "timestamp": "2025-05-09 10:59", "text": "I\u2019ve heard good things about the Arturia MiniLab!"}
{"user": "nina", "timestamp": "2025-05-09 11:02", "text": "I read it in two days. Couldn't put it down."}
{"user": "you", "timestamp": "2025-05-09 11:08", "text": "The practical effects were refreshing for once."}
{"user": "nina", "timestamp": "2025-05-09 11:14", "text": "Yeah, I listened to it last night. Definitely a shift from their earlier stuff."}
{"user": "you", "timestamp": "2025-05-09 11:21", "text": "I read it in two days. Couldn't put it down."}
{"user": "nina", "timestamp": "2025-05-09 11:34", "text": "I hope studios keep making more movies like that."}
{"user": "you", "timestamp": "2025-05-09 11:50", "text": "Yeah, and it didn\u2019t feel rushed at all."}
{"user": "nina", "timestamp": "2025-05-09 11:55", "text": "It\u2019s cool how they\u2019ve evolved as a band."}
{"user": "you", "timestamp": "2025-05-09 12:08", "text": "I\u2019ve heard good things about the Arturia MiniLab!"}
{"user": "nina", "timestamp": "2025-05-09 12:16", "text": "No, but I\u2019ve seen clips. He still remembers everything in detail!"}
{"user": "you", "timestamp": "2025-05-09 12:27", "text": "I hope studios keep making more movies like that."}
{"user": "nina", "timestamp": "2025-05-09 12:29", "text": "I hope studios keep making more movies like that."}
{"user": "you", "timestamp": "2025-05-09 12:43", "text": "I read it in two days. Couldn't put it down."}
{"user": "nina", "timestamp": "2025-05-09 12:54", "text": "No, but I\u2019ve seen clips. He still remembers everything in detail!"}
{"user": "you", "timestamp": "2025-05-09 12:59", "text": "I love how it showed vulnerability without being overly dramatic."}
{"user": "nina", "timestamp": "2025-05-09 13:04", "text": "Yeah, and it didn\u2019t feel rushed at all."}
{"user": "you", "timestamp": "2025-05-09 13:17", "text": "Totally. The pacing and character arcs were so well done."}
{"user": "nina", "timestamp": "2025-05-09 13:20", "text": "I read it in two days. Couldn't put it down."}
{"user": "you", "timestamp": "2025-05-09 13:34", "text": "The practical effects were refreshing for once."}
{"user": "nina", "timestamp": "2025-05-09 13:44", "text": "I hope studios keep making more movies like that."}
{"user": "you", "timestamp": "2025-05-09 13:49", "text": "I\u2019ve heard good things about the Arturia MiniLab!"}
{"user": "nina", "timestamp": "2025-05-09 14:06", "text": "I\u2019ve heard good things about the Arturia MiniLab!"}
{"user": "you", "timestamp": "2025-05-09 14:15", "text": "I read it in two days. Couldn't put it down."}
{"user": "nina", "timestamp": "2025-05-09 14:29", "text": "The practical effects were refreshing for once."}
{"user": "you", "timestamp": "2025-05-09 14:36", "text": "I\u2019ve heard good things about the Arturia MiniLab!"}
{"user": "nina", "timestamp": "2025-05-09 14:56", "text": "I hope studios keep making more movies like that."}
{"user": "you", "timestamp": "2025-05-09 15:07", "text": "Same here. I'm leaning toward something compact and portable."}
{"user": "nina", "timestamp": "2025-05-09 15:19", "text": "I\u2019ve heard good things about the Arturia MiniLab!"}
{"user": "you", "timestamp": "2025-05-09 15:33", "text": "The soundtrack was a nice surprise too."}
{"user": "nina", "timestamp": "2025-05-09 15:49", "text": "That book's been on my list. Did you cry at the ending?"}
{"user": "you", "timestamp": "2025-05-09 16:05", "text": "It\u2019s cool how they\u2019ve evolved as a band."}
{"user": "nina", "timestamp": "2025-05-09 16:08", "text": "No, but I\u2019ve seen clips. He still remembers everything in detail!"}
{"user": "you", "timestamp": "2025-05-09 16:23", "text": "The dialogue felt so real, especially between Sam and Sadie."}
{"user": "nina", "timestamp": "2025-05-09 16:26", "text": "Right? Not everything needs to be CGI-heavy."}
{"user": "you", "timestamp": "2025-05-09 16:36", "text": "It\u2019s amazing how much improvisation there was in those scenes."}
{"user": "nina", "timestamp": "2025-05-09 16:39", "text": "The dialogue felt so real, especially between Sam and Sadie."}
{"user": "you", "timestamp": "2025-05-09 16:46", "text": "The soundtrack was a nice surprise too."}
{"user": "nina", "timestamp": "2025-05-09 16:55", "text": "Exactly. The lyrics are more introspective this time."}
{"user": "you", "timestamp": "2025-05-09 17:14", "text": "Exactly. The lyrics are more introspective this time."}
{"user": "nina", "timestamp": "2025-05-09 17:22", "text": "I read it in two days. Couldn't put it down."}
{"user": "you", "timestamp": "2025-05-09 17:27", "text": "Yes! It reminded me of classic action films from the 80s."}
{"user": "nina", "timestamp": "2025-05-09 17:37", "text": "Yeah, and it didn\u2019t feel rushed at all."}
{"user": "you", "timestamp": "2025-05-09 17:57", "text": "It\u2019s amazing how much improvisation there was in those scenes."}
{"user": "nina", "timestamp": "2025-05-09 18:17", "text": "No, but I\u2019ve seen clips. He still remembers everything in detail!"}
{"user": "you", "timestamp": "2025-05-09 18:21", "text": "I\u2019ve heard good things about the Arturia MiniLab!"}
{"user": "nina", "timestamp": "2025-05-09 18:36", "text": "The soundtrack was a nice surprise too."}
{"user": "you", "timestamp": "2025-05-09 18:47", "text": "Yeah, I listened to it last night. Definitely a shift from their earlier stuff."}
{"user": "nina", "timestamp": "2025-05-09 19:04", "text": "Same here. I'm leaning toward something compact and portable."}
{"user": "you", "timestamp": "2025-05-09 19:12", "text": "Exactly. The lyrics are more introspective this time."}
{"user": "nina", "timestamp": "2025-05-09 19:16", "text": "Totally. The pacing and character arcs were so well done."}
{"user": "you", "timestamp": "2025-05-09 19:28", "text": "Totally. The pacing and character arcs were so well done."}
{"user": "nina", "timestamp": "2025-05-09 19:31", "text": "It\u2019s amazing how much improvisation there was in those scenes."}
{"user": "you", "timestamp": "2025-05-09 19:42", "text": "I\u2019d go for a controller with at least 8 pads if you do finger drumming."}
{"user": "nina", "timestamp": "2025-05-09 19:46", "text": "I\u2019ve heard good things about the Arturia MiniLab!"}
{"user": "you", "timestamp": "2025-05-09 19:51", "text": "I\u2019ve heard good things about the Arturia MiniLab!"}
{"user": "nina", "timestamp": "2025-05-09 20:04", "text": "I hope studios keep making more movies like that."}
{"user": "you", "timestamp": "2025-05-09 20:18", "text": "Right? Not everything needs to be CGI-heavy."}
{"user": "nina", "timestamp": "2025-05-09 20:38", "text": "No, but I\u2019ve seen clips. He still remembers everything in detail!"}
{"user": "you", "timestamp": "2025-05-09 20:44", "text": "Yeah, and it didn\u2019t feel rushed at all."}
{"user": "nina", "timestamp": "2025-05-09 20:57", "text": "That book's been on my list. Did you cry at the ending?"}
{"user": "you", "timestamp": "2025-05-09 21:10", "text": "Yes! It reminded me of classic action films from the 80s."}
{"user": "nina", "timestamp": "2025-05-09 21:20", "text": "No, but I\u2019ve seen clips. He still remembers everything in detail!"}
{"user": "you", "timestamp": "2025-05-09 21:34", "text": "The soundtrack was a nice surprise too."}
{"user": "nina", "timestamp": "2025-05-09 21:37", "text": "The dialogue felt so real, especially between Sam and Sadie."}
{"user": "you", "timestamp": "2025-05-09 21:56", "text": "No, but I\u2019ve seen clips. He still remembers everything in detail!"}
{"user": "nina", "timestamp": "2025-05-09 22:11", "text": "I\u2019ve heard good things about the Arturia MiniLab!"}
{"user": "you", "timestamp": "2025-05-09 22:24", "text": "Yeah, I listened to it last night. Definitely a shift from their earlier stuff."}
{"user": "nina", "timestamp": "2025-05-09 22:41", "text": "I\u2019ve heard good things about the Arturia MiniLab!"}
{"user": "you", "timestamp": "2025-05-09 22:59", "text": "Exactly. The lyrics are more introspective this time."}
{"user": "nina", "timestamp": "2025-05-09 23:12", "text": "I read it in two days. Couldn't put it down."}
{"user": "you", "timestamp": "2025-05-09 23:29", "text": "It\u2019s amazing how much improvisation there was in those scenes."}
{"user": "nina", "timestamp": "2025-05-09 23:45", "text": "Same here. I'm leaning toward something compact and portable."}
{"user": "you", "timestamp": "2025-05-09 23:56", "text": "I hope studios keep making more movies like that."}
{"user": "nina", "timestamp": "2025-05-10 09:30", "text": "Hey! How are you?"}
{"user": "nina", "timestamp": "2025-05-10 09:39", "text": "The soundtrack was a nice surprise too."}
{"user": "you", "timestamp": "2025-05-10 09:41", "text": "Same here. I'm leaning toward something compact and portable."}