{"user": "rocknrolla", "timestamp": "2025-05-05 10:00", "text": "Good morning!"}
{"user": "rocknrolla", "timestamp": "2025-05-05 10:05", "text": "Did you hear the new Arctic Monkeys album? The vibes are different."}
{"user": "you", "timestamp": "2025-05-05 10:08", "text": "I hope studios keep making more movies like that."}
{"user": "rocknrolla", "timestamp": "2025-05-05 10:21", "text": "I read it in two days. Couldn't put it down."}
{"user": "you", "timestamp": "2025-05-05 10:35", "text": "I\u2019ve heard good things about the Arturia MiniLab!"}
{"user": "rocknrolla", "timestamp": "2025-05-05 10:43", "text": "Same here. I'm leaning toward something compact and portable."}
{"user": "you", "timestamp": "2025-05-05 10:48", "text": "Totally. The pacing and character arcs were so well done."}
{"user": "rocknrolla", "timestamp": "2025-05-05 10:52", "text": "The practical effects were refreshing for once."}
{"user": "you", "timestamp": "2025-05-05 11:02", "text": "Totally. The pacing and character arcs were so well done."}
{"user": "rocknrolla", "timestamp": "2025-05-05 11:18", "text": "Totally. The pacing and character arcs were so well done."}
{"user": "you", "timestamp": "2025-05-05 11:26", "text": "I\u2019d go for a controller with at least 8 pads if you do finger drumming."}
{"user": "rocknrolla", "timestamp": "2025-05-05 11:38", "text": "Totally. The pacing and character arcs were so well done."}
{"user": "you", "timestamp": "2025-05-05 11:47", "text": "I love how it showed vulnerability without being overly dramatic."}
{"user": "rocknrolla", "timestamp": "2025-05-05 11:55", "text": "Yes! It reminded me of classic action films from the 80s."}
{"user": "you", "timestamp": "2025-05-05 12:01", "text": "Right? Not everything needs to be CGI-heavy."}
{"user": "rocknrolla", "timestamp": "2025-05-05 12:19", "text": "I\u2019ve heard good things about the Arturia MiniLab!"}
{"user": "you", "timestamp": "2025-05-05 12:30", "text": "It\u2019s amazing how much improvisation there was in those scenes."}
{"user": "rocknrolla", "timestamp": "2025-05-05 12:39", "text": "Right? Not everything needs to be CGI-heavy."}
{"user": "you", "timestamp": "2025-05-05 12:45", "text": "I love how it showed vulnerability without being overly dramatic."}
{"user": "rocknrolla", "timestamp": "2025-05-05 13:00", "text": "I\u2019d go for a controller with at least 8 pads if you do finger drumming."}
{"user": "you", "timestamp": "2025-05-05 13:17", "text": "Yeah, and it didn\u2019t feel rushed at all."}
{"user": "rocknrolla", "timestamp": "2025-05-05 13:25", "text": "Totally. The pacing and character arcs were so well done."}
{"user": "you", "timestamp": "2025-05-05 13:43", "text": "Same here. I'm leaning toward something compact and portable."}
{"user": "rocknrolla", "timestamp": "2025-05-05 14:02", "text": "I\u2019ve heard good things about the Arturia MiniLab!"}
{"user": "you", "timestamp": "2025-05-05 14:17", "text": "It\u2019s amazing how much improvisation there was in those scenes."}
{"user": "rocknrolla", "timestamp": "2025-05-05 14:34", "text": "Yeah, and it didn\u2019t feel rushed at all."}
{"user": "you", "timestamp": "2025-05-05 14:38", "text": "Yes! It reminded me of classic action films from the 80s."}
{"user": "rocknrolla", "timestamp": "2025-05-05 14:47", "text": "The soundtrack was a nice surprise too."}
{"user": "you", "timestamp": "2025-05-05 14:52", "text": "The soundtrack was a nice surprise too."}
{"user": "rocknrolla", "timestamp": "2025-05-05 15:05", "text": "Yes! It reminded me of classic action films from the 80s."}
{"user": "you", "timestamp": "2025-05-05 15:25", "text": "Yeah, and it didn\u2019t feel rushed at all."}
{"user": "rocknrolla", "timestamp": "2025-05-05 15:31", "text": "That book's been on my list. Did you cry at the ending?"}
{"user": "you", "timestamp": "2025-05-05 15:47", "text": "He said they shot the restaurant scene in one take!"}
{"user": "rocknrolla", "timestamp": "2025-05-05 15:49", "text": "Totally. The pacing and character arcs were so well done."}
{"user": "you", "timestamp": "2025-05-05 16:08", "text": "Yeah, I listened to it last night. Definitely a shift from their earlier stuff."}
{"user": "rocknrolla", "timestamp": "2025-05-05 16:12", "text": "I\u2019d go for a controller with at least 8 pads if you do finger drumming."}
{"user": "you", "timestamp": "2025-05-05 16:30", "text": "It\u2019s cool how they\u2019ve evolved as a band."}
{"user": "rocknrolla", "timestamp": "2025-05-05 16:47", "text": "Yeah, I listened to it last night. Definitely a shift from their earlier stuff."}
{"user": "you", "timestamp": "2025-05-05 17:05", "text": "Same here. I'm leaning toward something compact and portable."}
{"user": "rocknrolla", "timestamp": "2025-05-05 17:15", "text": "I read it in two days. Couldn't put it down."}
{"user": "you", "timestamp": "2025-05-05 17:18", "text": "Yes! It reminded me of classic action films from the 80s."}
{"user": "rocknrolla", "timestamp": "2025-05-05 17:32", "text": "He said they shot the restaurant scene in one take!"}
{"user": "you", "timestamp": "2025-05-05 17:47", "text": "It\u2019s amazing how much improvisation there was in those scenes."}
{"user": "rocknrolla", "timestamp": "2025-05-05 17:50", "text": "The practical effects were refreshing for once."}
{"user": "you", "timestamp": "2025-05-05 17:53", "text": "I hope studios keep making more movies like that."}
{"user": "rocknrolla", "timestamp": "2025-05-05 18:00", "text": "That book's been on my list. Did you cry at the ending?"}
{"user": "you", "timestamp": "2025-05-05 18:14", "text": "Exactly. The lyrics are more introspective this time."}
{"user": "rocknrolla", "timestamp": "2025-05-05 18:31", "text": "I love how it showed vulnerability without being overly dramatic."}
{"user": "you", "timestamp": "2025-05-05 18:37", "text": "The soundtrack was a nice surprise too."}
{"user": "rocknrolla", "timestamp": "2025-05-05 18:51", "text": "Exactly. The lyrics are more introspective this time."}
{"user": "you", "timestamp": "2025-05-05 19:01", "text": "The dialogue felt so real, especially between Sam and Sadie."}
{"user": "rocknrolla", "timestamp": "2025-05-05 19:07", "text": "The dialogue felt so real, especially between Sam and Sadie."}
{"user": "you", "timestamp": "2025-05-05 19:09", "text": "It\u2019s amazing how much improvisation there was in those scenes."}
{"user": "rocknrolla", "timestamp": "2025-05-05 19:15", "text": "It\u2019s cool how they\u2019ve evolved as a band."}
{"user": "you", "timestamp": "2025-05-05 19:33", "text": "No, but I\u2019ve seen clips. He still remembers everything in detail!"}
{"user": "rocknrolla", "timestamp": "2025-05-05 19:41", "text": "The soundtrack was a nice surprise too."}
{"user": "you", "timestamp": "2025-05-05 19:44", "text": "Yes! It reminded me of classic action films from the 80s."}
{"user": "rocknrolla", "timestamp": "2025-05-05 19:48", "text": "The practical effects were refreshing for once."}
{"user": "you", "timestamp": "2025-05-05 20:01", "text": "No, but I\u2019ve seen clips. He still remembers everything in detail!"}
{"user": "rocknrolla", "timestamp": "2025-05-05 20:07", "text": "Yes! It reminded me of classic action films from the 80s."}
{"user": "you", "timestamp": "2025-05-05 20:25", "text": "Yes! It reminded me of classic action films from the 80s."}
{"user": "rocknrolla", "timestamp": "2025-05-05 20:43", "text": "It\u2019s amazing how much improvisation there was in those scenes."}
{"user": "you", "timestamp": "2025-05-05 20:59", "text": "It\u2019s amazing how much improvisation there was in those scenes."}
{"user": "rocknrolla", "timestamp": "2025-05-05 21:17", "text": "Yeah, and it didn\u2019t feel rushed at all."}
{"user": "you", "timestamp": "2025-05-05 21:35", "text": "Same here. I'm leaning toward something compact and portable."}
{"user": "rocknrolla", "timestamp": "2025-05-05 21:49", "text": "Yes! It reminded me of classic action films from the 80s."}
{"user": "you", "timestamp": "2025-05-05 22:08", "text": "That book's been on my list. Did you cry at the ending?"}
{"user": "rocknrolla", "timestamp": "2025-05-05 22:10", "text": "It\u2019s cool how they\u2019ve evolved as a band."}
{"user": "you", "timestamp": "2025-05-05 22:16", "text": "The dialogue felt so real, especially between Sam and Sadie."}
{"user": "rocknrolla", "timestamp": "2025-05-05 22:23", "text": "No, but I\u2019ve seen clips. He still remembers everything in detail!"}
{"user": "you", "timestamp": "2025-05-05 22:36", "text": "That book's been on my list. Did you cry at the ending?"}
{"user": "rocknrolla", "timestamp": "2025-05-05 22:45", "text": "The practical effects were refreshing for once."}
{"user": "you", "timestamp": "2025-05-05 22:59", "text": "I\u2019ve heard good things about the Arturia MiniLab!"}
{"user": "rocknrolla", "timestamp": "2025-05-05 23:02", "text": "Exactly. The lyrics are more introspective this time."}
{"user": "you", "timestamp": "2025-05-05 23:16", "text": "Totally. The pacing and character arcs were so well done."}
{"user": "rocknrolla", "timestamp": "2025-05-05 23:24", "text": "He said they shot the restaurant scene in one take!"}
{"user": "you", "timestamp": "2025-05-05 23:41", "text": "The soundtrack was a nice surprise too."}
{"user": "rocknrolla", "timestamp": "2025-05-05 23:49", "text": "Right? Not everything needs to be CGI-heavy."}
{"user": "you", "timestamp": "2025-05-06 09:59", "text": "Good morning!"}
{"user": "you", "timestamp": "2025-05-06 10:02", "text": "I\u2019d go for a controller with at least 8 pads if you do finger drumming."}
{"user": "rocknrolla", "timestamp": "2025-05-06 10:19", "text": "The dialogue felt so real, especially between Sam and Sadie."}
{"user": "you", "timestamp": "2025-05-06 10:33", "text": "I hope studios keep making more movies like that."}
{"user": "rocknrolla", "timestamp": "2025-05-06 10:38", "text": "Yeah, and it didn\u2019t feel rushed at all."}
{"user": "you", "timestamp": "2025-05-06 10:41", "text": "No, but I\u2019ve seen clips. He still remembers everything in detail!"}
{"user": "rocknrolla", "timestamp": "2025-05-06 10:59", "text": "I read it in two days. Couldn't put it down."}
{"user": "you", "timestamp": "2025-05-06 11:10", "text": "It\u2019s amazing how much improvisation there was in those scenes."}
{"user": "rocknrolla", "timestamp": "2025-05-06 11:15", "text": "No, but I\u2019ve seen clips. He still remembers everything in detail!"}
{"user": "you", "timestamp": "2025-05-06 11:18", "text": "The practical effects were refreshing for once."}