{"user": "vito", "timestamp": "2025-05-06 10:00", "text": "Good evening! How\u2019s everything?"}
{"user": "vito", "timestamp": "2025-05-06 10:04", "text": "Did you catch that Coppola interview on the making of 'The Godfather'?"}
{"user": "you", "timestamp": "2025-05-06 10:21", "text": "No, but I\u2019ve seen clips. He still remembers everything in detail!"}
{"user": "vito", "timestamp": "2025-05-06 10:35", "text": "He said they shot the restaurant scene in one take!"}
{"user": "you", "timestamp": "2025-05-06 10:45", "text": "I love how it showed vulnerability without being overly dramatic."}
{"user": "vito", "timestamp": "2025-05-06 10:49", "text": "I\u2019ve heard good things about the Arturia MiniLab!"}
{"user": "you", "timestamp": "2025-05-06 11:03", "text": "I read it in two days. Couldn't put it down."}
{"user": "vito", "timestamp": "2025-05-06 11:09", "text": "It\u2019s amazing how much improvisation there was in those scenes."}
{"user": "you", "timestamp": "2025-05-06 11:15", "text": "The dialogue felt so real, especially between Sam and Sadie."}
{"user": "vito", "timestamp": "2025-05-06 11:24", "text": "It\u2019s cool how they\u2019ve evolved as a band."}
{"user": "you", "timestamp": "2025-05-06 11:39", "text": "It\u2019s cool how they\u2019ve evolved as a band."}
{"user": "vito", "timestamp": "2025-05-06 11:48", "text": "No, but I\u2019ve seen clips. He still remembers everything in detail!"}
{"user": "you", "timestamp": "2025-05-06 11:52", "text": "Same here. I'm leaning toward something compact and portable."}
{"user": "vito", "timestamp": "2025-05-06 12:09", "text": "I read it in two days. Couldn't put it down."}
{"user": "you", "timestamp": "2025-05-06 12:15", "text": "Right? Not everything needs to be CGI-heavy."}
{"user": "vito", "timestamp": "2025-05-06 12:25", "text": "Same here. I'm leaning toward something compact and portable."}
{"user": "you", "timestamp": "2025-05-06 12:28", "text": "Exactly. The lyrics are more introspective this time."}
{"user": "vito", "timestamp": "2025-05-06 12:44", "text": "It\u2019s cool how they\u2019ve evolved as a band."}
{"user": "you", "timestamp": "2025-05-06 12:54", "text": "No, but I\u2019ve seen clips. He still remembers everything in detail!"}
{"user": "vito", "timestamp": "2025-05-06 13:12", "text": "Totally. The pacing and character arcs were so well done."}
{"user": "you", "timestamp": "2025-05-06 13:27", "text": "He said they shot the restaurant scene in one take!"}
{"user": "vito", "timestamp": "2025-05-06 13:29", "text": "I read it in two days. Couldn't put it down."}
{"user": "you", "timestamp": "2025-05-06 13:43", "text": "I love how it showed vulnerability without being overly dramatic."}
{"user": "vito", "timestamp": "2025-05-06 13:56", "text": "I love how it showed vulnerability without being overly dramatic."}
{"user": "you", "timestamp": "2025-05-06 14:09", "text": "I read it in two days. Couldn't put it down."}
{"user": "vito", "timestamp": "2025-05-06 14:21", "text": "I\u2019ve heard good things about the Arturia MiniLab!"}
{"user": "you", "timestamp": "2025-05-06 14:35", "text": "Right? Not everything needs to be CGI-heavy."}
{"user": "vito", "timestamp": "2025-05-06 14:50", "text": "Right? Not everything needs to be CGI-heavy."}
{"user": "you", "timestamp": "2025-05-06 14:57", "text": "Yeah, I listened to it last night. Definitely a shift from their earlier stuff."}
{"user": "vito", "timestamp": "2025-05-06 15:15", "text": "Yes! It reminded me of classic action films from the 80s."}
{"user": "you", "timestamp": "2025-05-06 15:30", "text": "Right? Not everything needs to be CGI-heavy."}
{"user": "vito", "timestamp": "2025-05-06 15:44", "text": "Exactly. The lyrics are more introspective this time."}
{"user": "you", "timestamp": "2025-05-06 15:52", "text": "Right? Not everything needs to be CGI-heavy."}
{"user": "vito", "timestamp": "2025-05-06 16:08", "text": "Same here. I'm leaning toward something compact and portable."}
{"user": "you", "timestamp": "2025-05-06 16:16", "text": "The practical effects were refreshing for once."}
{"user": "vito", "timestamp": "2025-05-06 16:24", "text": "I love how it showed vulnerability without being overly dramatic."}
{"user": "you", "timestamp": "2025-05-06 16:35", "text": "Yes! It reminded me of classic action films from the 80s."}
{"user": "vito", "timestamp": "2025-05-06 16:47", "text": "I\u2019d go for a controller with at least 8 pads if you do finger drumming."}
{"user": "you", "timestamp": "2025-05-06 17:02", "text": "Exactly. The lyrics are more introspective this time."}
{"user": "vito", "timestamp": "2025-05-06 17:08", "text": "He said they shot the restaurant scene in one take!"}
{"user": "you", "timestamp": "2025-05-06 17:26", "text": "He said they shot the restaurant scene in one take!"}
{"user": "vito", "timestamp": "2025-05-06 17:45", "text": "Right? Not everything needs to be CGI-heavy."}
{"user": "you", "timestamp": "2025-05-06 17:57", "text": "Totally. The pacing and character arcs were so well done."}
{"user": "vito", "timestamp": "2025-05-06 17:59", "text": "The practical effects were refreshing for once."}
{"user": "you", "timestamp": "2025-05-06 18:04", "text": "I hope studios keep making more movies like that."}
{"user": "vito", "timestamp": "2025-05-06 18:14", "text": "Yes! It reminded me of classic action films from the 80s."}
{"user": "you", "timestamp": "2025-05-06 18:22", "text": "It\u2019s cool how they\u2019ve evolved as a band."}
{"user": "vito", "timestamp": "2025-05-06 18:27", "text": "Same here. I'm leaning toward something compact and portable."}
{"user": "you", "timestamp": "2025-05-06 18:33", "text": "Same here. I'm leaning toward something compact and portable."}
{"user": "vito", "timestamp": "2025-05-06 18:49", "text": "Yes! It reminded me of classic action films from the 80s."}
{"user": "you", "timestamp": "2025-05-06 18:52", "text": "I\u2019ve heard good things about the Arturia MiniLab!"}
{"user": "vito", "timestamp": "2025-05-06 19:04", "text": "I read it in two days. Couldn't put it down."}
{"user": "you", "timestamp": "2025-05-06 19:23", "text": "Yeah, and it didn\u2019t feel rushed at all."}
{"user": "vito", "timestamp": "2025-05-06 19:38", "text": "I read it in two days. Couldn't put it down."}
{"user": "you", "timestamp": "2025-05-06 19:53", "text": "The soundtrack was a nice surprise too."}
{"user": "vito", "timestamp": "2025-05-06 20:08", "text": "Yeah, I listened to it last night. Definitely a shift from their earlier stuff."}
{"user": "you", "timestamp": "2025-05-06 20:10", "text": "Totally. The pacing and character arcs were so well done."}
{"user": "vito", "timestamp": "2025-05-06 20:15", "text": "It\u2019s cool how they\u2019ve evolved as a band."}
{"user": "you", "timestamp": "2025-05-06 20:25", "text": "I hope studios keep making more movies like that."}
{"user": "vito", "timestamp": "2025-05-06 20:34", "text": "Right? Not everything needs to be CGI-heavy."}
{"user": "you", "timestamp": "2025-05-06 20:46", "text": "That book's been on my list. Did you cry at the ending?"}
{"user": "vito", "timestamp": "2025-05-06 20:48", "text": "No, but I\u2019ve seen clips. He still remembers everything in detail!"}
{"user": "you", "timestamp": "2025-05-06 21:04", "text": "Totally. The pacing and character arcs were so well done."}
{"user": "vito", "timestamp": "2025-05-06 21:09", "text": "I hope studios keep making more movies like that."}
{"user": "you", "timestamp": "2025-05-06 21:12", "text": "I\u2019d go for a controller with at least 8 pads if you do finger drumming."}
{"user": "vito", "timestamp": "2025-05-06 21:32", "text": "No, but I\u2019ve seen clips. He still remembers everything in detail!"}
{"user": "you", "timestamp": "2025-05-06 21:49", "text": "The practical effects were refreshing for once."}
{"user": "vito", "timestamp": "2025-05-06 22:05", "text": "Yes! It reminded me of classic action films from the 80s."}
{"user": "you", "timestamp": "2025-05-06 22:24", "text": "I love how it showed vulnerability without being overly dramatic."}
{"user": "vito", "timestamp": "2025-05-06 22:36", "text": "I love how it showed vulnerability without being overly dramatic."}
{"user": "you", "timestamp": "2025-05-06 22:38", "text": "Totally. The pacing and character arcs were so well done."}
{"user": "vito", "timestamp": "2025-05-06 22:55", "text": "He said they shot the restaurant scene in one take!"}
{"user": "you", "timestamp": "2025-05-06 23:04", "text": "I read it in two days. Couldn't put it down."}
{"user": "vito", "timestamp": "2025-05-06 23:14", "text": "I read it in two days. Couldn't put it down."}
{"user": "you", "timestamp": "2025-05-06 23:23", "text": "The soundtrack was a nice surprise too."}
{"user": "vito", "timestamp": "2025-05-06 23:39", "text": "Right? Not everything needs to be CGI-heavy."}
{"user": "you", "timestamp": "2025-05-06 23:45", "text": "I\u2019ve heard good things about the Arturia MiniLab!"}
{"user": "vito", "timestamp": "2025-05-06 23:59", "text": "Yeah, I listened to it last night. Definitely a shift from their earlier stuff."}
{"user": "you", "timestamp": "2025-05-07 09:12", "text": "Hey! How are you?"}
{"user": "you", "timestamp": "2025-05-07 09:14", "text": "I\u2019d go for a controller with at least 8 pads if you do finger drumming."}
{"user": "vito", "timestamp": "2025-05-07 09:26", "text": "No, but I\u2019ve seen clips. He still remembers everything in detail!"}
{"user": "you", "timestamp": "2025-05-07 09:35", "text": "Totally. The pacing and character arcs were so well done."}
{"user": "vito", "timestamp": "2025-05-07 09:49", "text": "I\u2019ve heard good things about the Arturia MiniLab!"}
{"user": "you", "timestamp": "2025-05-07 10:02", "text": "He said they shot the restaurant scene in one take!"}
{"user": "vito", "timestamp": "2025-05-07 10:16", "text": "Yes! It reminded me of classic action films from the 80s."}
{"user": "you", "timestamp": "2025-05-07 10:29", "text": "No, but I\u2019ve seen clips. He still remembers everything in detail!"}
{"user": "vito", "timestamp": "2025-05-07 10:36", "text": "That book's been on my list. Did you cry at the ending?"}
{"user": "you", "timestamp": "2025-05-07 10:55", "text": "That book's been on my list. Did you cry at the ending?"}
{"user": "vito", "timestamp": "2025-05-07 10:58", "text": "I read it in two days. Couldn't put it down."}
{"user": "you", "timestamp": "2025-05-07 11:09", "text": "It\u2019s cool how they\u2019ve evolved as a band."}
{"user": "vito", "timestamp": "2025-05-07 11:21", "text": "No, but I\u2019ve seen clips. He still remembers everything in detail!"}
{"user": "you", "timestamp": "2025-05-07 11:39", "text": "It\u2019s amazing how much improvisation there was in those scenes."}
{"user": "vito", "timestamp": "2025-05-07 11:57", "text": "That book's been on my list. Did you cry at the ending?"}
{"user": "you", "timestamp": "2025-05-07 12:10", "text": "The practical effects were refreshing for once."}
{"user": "vito", "timestamp": "2025-05-07 12:17", "text": "I\u2019ve heard good things about the Arturia MiniLab!"}
{"user": "you", "timestamp": "2025-05-07 12:30", "text": "That book's been on my list. Did you cry at the ending?"}
{"user": "vito", "timestamp": "2025-05-07 12:45", "text": "Totally. The pacing and character arcs were so well done."}
{"user": "you", "timestamp": "2025-05-07 12:56", "text": "The dialogue felt so real, especially between Sam and Sadie."}
{"user": "vito", "timestamp": "2025-05-07 13:16", "text": "I hope studios keep making more movies like that."}
{"user": "you", "timestamp": "2025-05-07 13:22", "text": "I hope studios keep making more movies like that."}
{"user": "vito", "timestamp": "2025-05-07 13:38", "text": "Exactly. The lyrics are more introspective this time."}
{"user": "you", "timestamp": "2025-05-07 13:51", "text": "Totally. The pacing and character arcs were so well done."}
{"user": "vito", "timestamp": "2025-05-07 14:00", "text": "That book's been on my list. Did you cry at the ending?"}
{"user": "you", "timestamp": "2025-05-07 14:13", "text": "It\u2019s cool how they\u2019ve evolved as a band."}
{"user": "vito", "timestamp": "2025-05-07 14:22", "text": "I\u2019d go for a controller with at least 8 pads if you do finger drumming."}
{"user": "you", "timestamp": "2025-05-07 14:28", "text": "I read it in two days. Couldn't put it down."}
{"user": "vito", "timestamp": "2025-05-07 14:41", "text": "That book's been on my list. Did you cry at the ending?"}
{"user": "you", "timestamp": "2025-05-07 14:45", "text": "Totally. The pacing and character arcs were so well done."}
{"user": "vito", "timestamp": "2025-05-07 14:52", "text": "Yes! It reminded me of classic action films from the 80s."}
{"user": "you", "timestamp": "2025-05-07 14:55", "text": "Totally. The pacing and character arcs were so well done."}
{"user": "vito", "timestamp": "2025-05-07 15:15", "text": "Yeah, I listened to it last night. Definitely a shift from their earlier stuff."}
{"user": "you", "timestamp": "2025-05-07 15:34", "text": "Yeah, I listened to it last night. Definitely a shift from their earlier stuff."}
{"user": "vito", "timestamp": "2025-05-07 15:45", "text": "The dialogue felt so real, especially between Sam and Sadie."}
{"user": "you", "timestamp": "2025-05-07 15:52", "text": "Yes! It reminded me of classic action films from the 80s."}
{"user": "vito", "timestamp": "2025-05-07 16:06", "text": "Same here. I'm leaning toward something compact and portable."}
{"user": "you", "timestamp": "2025-05-07 16:23", "text": "I read it in two days. Couldn't put it down."}
{"user": "vito", "timestamp": "2025-05-07 16:27", "text": "I\u2019ve heard good things about the Arturia MiniLab!"}
{"user": "you", "timestamp": "2025-05-07 16:29", "text": "Yes! It reminded me of classic action films from the 80s."}
{"user": "vito", "timestamp": "2025-05-07 16:48", "text": "I read it in two days. Couldn't put it down."}