{"user": "frodo", "timestamp": "2025-02-15 10:23", "text": "Can we do a Nolan-only month? \ud83e\udde0"}
{"user": "frodo", "timestamp": "2025-02-15 10:33", "text": "Just joined with snacks and a blanket \ud83d\udecb\ufe0f"}
{"user": "katniss", "timestamp": "2025-02-15 10:35", "text": "*Everything Everywhere All At Once* blew my mind \ud83e\udd2f"}
{"user": "tyler", "timestamp": "2025-02-15 10:38", "text": "*Her* is so underrated\u2014it broke me \ud83d\udc94\ud83e\udd16"}
{"type": "system", "user": "system", "timestamp": "2025-02-15 10:50", "text": "tony has joined the chat."}
{"user": "frodo", "timestamp": "2025-02-15 10:52", "text": "*The Banshees of Inisherin* was strangely beautiful."}
{"type": "system", "user": "system", "timestamp": "2025-02-15 11:01", "text": "alex has left the chat."}
{"user": "vito", "timestamp": "2025-02-15 11:13", "text": "Hey everyone \ud83d\udc4b excited for tonight\u2019s screening!"}
{"type": "system", "user": "system", "timestamp": "2025-02-15 11:23", "text": "grace has joined the chat."}
{"user": "bruce", "timestamp": "2025-02-15 11:32", "text": "We should add quotes of the week to the group \ud83d\udcfd\ufe0f"}
{"user": "nina", "timestamp": "2025-02-15 11:39", "text": "I loved the pacing in *Arrival*\u2014so smart."}
{"user": "frodo", "timestamp": "2025-02-15 11:51", "text": "Is it cool if I join late tonight?"}
{"user": "indy", "timestamp": "2025-02-15 11:59", "text": "That cinematography in *Blade Runner 2049* \ud83d\udd25"}
{"user": "tyler", "timestamp": "2025-02-15 12:03", "text": "*Parasite* still lives rent free in my head \ud83e\udde0"}
{"user": "alex", "timestamp": "2025-02-15 12:09", "text": "*La La Land* still hits hard every time. \ud83d\ude22"}
{"user": "leia", "timestamp": "2025-02-15 12:20", "text": "Should we watch something light next week? Comedy night?"}
{"type": "system", "user": "system", "timestamp": "2025-02-15 12:28", "text": "indy is now away."}
{"user": "katniss", "timestamp": "2025-02-15 12:32", "text": "Adding *Past Lives* to my top 5 list. \ud83d\udc94"}
{"user": "frodo", "timestamp": "2025-02-15 12:39", "text": "*The Whale* really broke my heart. Brendan \ud83d\udc94"}
{"type": "system", "user": "system", "timestamp": "2025-02-15 12:49", "text": "rocknrolla is now away."}
{"user": "frodo", "timestamp": "2025-02-15 12:53", "text": "I rewatched *The Matrix*\u2014still a masterpiece."}
{"user": "leia", "timestamp": "2025-02-15 13:04", "text": "Soundtrack in *Interstellar* gave me goosebumps \ud83c\udf0c"}
{"user": "tony", "timestamp": "2025-02-15 13:13", "text": "I can\u2019t believe I missed last week's session \ud83d\ude29"}
{"user": "tony", "timestamp": "2025-02-15 13:22", "text": "I\u2019ll upload the discussion notes later tonight \ud83d\udcdd"}
{"user": "alex", "timestamp": "2025-02-15 13:30", "text": "Y\u2019all, I cried during *The Pursuit of Happyness* \ud83d\ude2d"}
{"user": "vito", "timestamp": "2025-02-15 13:37", "text": "Movie night is the best part of my week \ud83e\udde1"}
{"user": "vito", "timestamp": "2025-02-15 13:42", "text": "\ud83c\udf7f Just made a giant bowl of popcorn\u2014ready to go!"}
{"user": "sarah", "timestamp": "2025-02-15 13:50", "text": "I still can't get over that twist in *Prisoners* \ud83d\ude31"}
{"type": "system", "user": "system", "timestamp": "2025-02-15 13:53", "text": "grace reconnected."}
{"user": "tyler", "timestamp": "2025-02-15 13:59", "text": "Just watched *Poor Things*\u2014visual madness!"}
{"user": "tony", "timestamp": "2025-02-15 14:06", "text": "I\u2019m inviting two friends next time! They\u2019re big cinephiles too!"}
{"type": "system", "user": "system", "timestamp": "2025-02-15 14:15", "text": "indy is now away."}
{"type": "system", "user": "system", "timestamp": "2025-02-15 14:16", "text": "trinity has joined the chat."}
{"user": "joker", "timestamp": "2025-02-15 14:19", "text": "*The Grand Budapest Hotel* is a visual treat \ud83d\ude0d"}
{"user": "emily", "timestamp": "2025-02-15 14:22", "text": "Who's picking the next film? \ud83c\udfac"}
{"user": "djmax", "timestamp": "2025-02-15 14:28", "text": "That scene in *The Godfather*... pure cinema. \ud83c\udf77"}
{"user": "alex", "timestamp": "2025-02-15 14:35", "text": "Don\u2019t forget to rate the movie after it ends! \u2b50\ufe0f"}
{"user": "vito", "timestamp": "2025-02-15 14:39", "text": "*Oppenheimer* is a masterpiece in tension and tone \ud83c\udf87"}
{"type": "system", "user": "system", "timestamp": "2025-02-15 14:50", "text": "leia has left the chat."}
{"type": "system", "user": "system", "timestamp": "2025-02-15 14:56", "text": "djmax is now away."}
{"user": "neo", "timestamp": "2025-02-15 15:03", "text": "Can we vote between *Whiplash* and *The Social Network*?"}
{"user": "bruce", "timestamp": "2025-02-15 15:08", "text": "*The Batman* had such gritty cinematography \ud83e\udd87"}
{"user": "djmax", "timestamp": "2025-02-15 15:09", "text": "Is it just me or is *Inception* still confusing? \ud83c\udf00"}
{"user": "emily", "timestamp": "2025-02-15 15:11", "text": "*No Country for Old Men* has one of the best villains ever."}
{"user": "indy", "timestamp": "2025-02-15 15:20", "text": "That monologue in *Marriage Story*... whew \ud83d\ude2e\u200d\ud83d\udca8"}
{"user": "alex", "timestamp": "2025-02-15 15:23", "text": "Movie night is the best part of my week \ud83e\udde1"}
{"user": "grace", "timestamp": "2025-02-15 15:32", "text": "That monologue in *Marriage Story*... whew \ud83d\ude2e\u200d\ud83d\udca8"}
{"type": "system", "user": "system", "timestamp": "2025-02-15 15:38", "text": "joker disconnected."}
{"user": "grace", "timestamp": "2025-02-15 15:45", "text": "Movie night is the best part of my week \ud83e\udde1"}
{"user": "bruce", "timestamp": "2025-02-15 15:55", "text": "*Oppenheimer* is a masterpiece in tension and tone \ud83c\udf87"}
{"user": "rocknrolla", "timestamp": "2025-02-15 16:00", "text": "I loved the pacing in *Arrival*\u2014so smart."}
{"user": "vito", "timestamp": "2025-02-15 16:11", "text": "*La La Land* still hits hard every time. \ud83d\ude22"}
{"user": "sarah", "timestamp": "2025-02-15 16:15", "text": "Can we vote between *Whiplash* and *The Social Network*?"}
{"user": "bruce", "timestamp": "2025-02-15 16:20", "text": "That monologue in *Marriage Story*... whew \ud83d\ude2e\u200d\ud83d\udca8"}
{"user": "joker", "timestamp": "2025-02-15 16:26", "text": "*Oppenheimer* is a masterpiece in tension and tone \ud83c\udf87"}
{"user": "leia", "timestamp": "2025-02-15 16:28", "text": "Just watched *Poor Things*\u2014visual madness!"}
{"user": "djmax", "timestamp": "2025-02-15 16:35", "text": "Hey everyone \ud83d\udc4b excited for tonight\u2019s screening!"}
{"user": "indy", "timestamp": "2025-02-15 16:46", "text": "I loved the pacing in *Arrival*\u2014so smart."}
{"user": "frodo", "timestamp": "2025-02-15 16:50", "text": "Just watched *Poor Things*\u2014visual madness!"}
{"type": "system", "user": "system", "timestamp": "2025-02-15 16:53", "text": "grace disconnected."}
{"user": "katniss", "timestamp": "2025-02-15 16:57", "text": "Is it cool if I join late tonight?"}
{"user": "grace", "timestamp": "2025-02-15 17:04", "text": "I loved the pacing in *Arrival*\u2014so smart."}
{"user": "neo", "timestamp": "2025-02-15 17:16", "text": "*Oppenheimer* is a masterpiece in tension and tone \ud83c\udf87"}
{"user": "tony", "timestamp": "2025-02-15 17:24", "text": "Can we do a Nolan-only month? \ud83e\udde0"}
{"user": "vito", "timestamp": "2025-02-15 17:26", "text": "I loved the pacing in *Arrival*\u2014so smart."}
{"user": "grace", "timestamp": "2025-02-15 17:27", "text": "*Parasite* still lives rent free in my head \ud83e\udde0"}
{"user": "trinity", "timestamp": "2025-02-15 17:34", "text": "I still can't get over that twist in *Prisoners* \ud83d\ude31"}
{"user": "leia", "timestamp": "2025-02-15 17:42", "text": "Should we watch something light next week? Comedy night?"}
{"user": "trinity", "timestamp": "2025-02-15 17:43", "text": "I\u2019ll upload the discussion notes later tonight \ud83d\udcdd"}
{"user": "indy", "timestamp": "2025-02-15 17:54", "text": "I loved the pacing in *Arrival*\u2014so smart."}
{"user": "tyler", "timestamp": "2025-02-15 17:59", "text": "Who's picking the next film? \ud83c\udfac"}
{"user": "nina", "timestamp": "2025-02-15 18:10", "text": "*The Whale* really broke my heart. Brendan \ud83d\udc94"}
{"type": "system", "user": "system", "timestamp": "2025-02-15 18:13", "text": "neo reconnected."}
{"user": "vito", "timestamp": "2025-02-15 18:25", "text": "*The Whale* really broke my heart. Brendan \ud83d\udc94"}
{"type": "system", "user": "system", "timestamp": "2025-02-15 18:35", "text": "indy reconnected."}
{"user": "nina", "timestamp": "2025-02-15 18:44", "text": "Soundtrack in *Interstellar* gave me goosebumps \ud83c\udf0c"}
{"user": "sarah", "timestamp": "2025-02-15 18:47", "text": "Don\u2019t forget to rate the movie after it ends! \u2b50\ufe0f"}
{"user": "trinity", "timestamp": "2025-02-15 18:52", "text": "*Oppenheimer* is a masterpiece in tension and tone \ud83c\udf87"}
{"user": "emily", "timestamp": "2025-02-15 18:53", "text": "I\u2019ll upload the discussion notes later tonight \ud83d\udcdd"}
{"user": "trinity", "timestamp": "2025-02-15 19:02", "text": "Who's picking the next film? \ud83c\udfac"}
{"user": "neo", "timestamp": "2025-02-15 19:06", "text": "*La La Land* still hits hard every time. \ud83d\ude22"}
{"user": "sarah", "timestamp": "2025-02-15 19:17", "text": "Don\u2019t forget to rate the movie after it ends! \u2b50\ufe0f"}
{"user": "grace", "timestamp": "2025-02-15 19:26", "text": "I\u2019ll upload the discussion notes later tonight \ud83d\udcdd"}
{"user": "emily", "timestamp": "2025-02-15 19:36", "text": "I can\u2019t believe I missed last week's session \ud83d\ude29"}
{"user": "indy", "timestamp": "2025-02-15 19:42", "text": "That monologue in *Marriage Story*... whew \ud83d\ude2e\u200d\ud83d\udca8"}
{"user": "trinity", "timestamp": "2025-02-15 19:53", "text": "I rewatched *The Matrix*\u2014still a masterpiece."}
{"type": "system", "user": "system", "timestamp": "2025-02-15 20:04", "text": "neo disconnected."}
{"user": "tyler", "timestamp": "2025-02-15 20:11", "text": "Can we vote between *Whiplash* and *The Social Network*?"}
{"user": "alex", "timestamp": "2025-02-15 20:23", "text": "Soundtrack in *Interstellar* gave me goosebumps \ud83c\udf0c"}
{"user": "bruce", "timestamp": "2025-02-15 20:27", "text": "That cinematography in *Blade Runner 2049* \ud83d\udd25"}
{"user": "leia", "timestamp": "2025-02-15 20:32", "text": "*Parasite* still lives rent free in my head \ud83e\udde0"}
{"user": "leia", "timestamp": "2025-02-15 20:43", "text": "*Her* is so underrated\u2014it broke me \ud83d\udc94\ud83e\udd16"}
{"user": "sarah", "timestamp": "2025-02-15 20:53", "text": "I still can't get over that twist in *Prisoners* \ud83d\ude31"}
{"user": "nina", "timestamp": "2025-02-15 21:05", "text": "That monologue in *Marriage Story*... whew \ud83d\ude2e\u200d\ud83d\udca8"}
{"user": "frodo", "timestamp": "2025-02-15 21:17", "text": "Just watched *Poor Things*\u2014visual madness!"}
{"user": "vito", "timestamp": "2025-02-15 21:24", "text": "Who's picking the next film? \ud83c\udfac"}
{"user": "bruce", "timestamp": "2025-02-15 21:28", "text": "That cinematography in *Blade Runner 2049* \ud83d\udd25"}
{"type": "system", "user": "system", "timestamp": "2025-02-15 21:38", "text": "nina reconnected."}
{"user": "rocknrolla", "timestamp": "2025-02-15 21:41", "text": "That monologue in *Marriage Story*... whew \ud83d\ude2e\u200d\ud83d\udca8"}
{"type": "system", "user": "system", "timestamp": "2025-02-15 21:48", "text": "alex has joined the chat."}
{"user": "trinity", "timestamp": "2025-02-15 21:49", "text": "Is it cool if I join late tonight?"}
{"user": "neo", "timestamp": "2025-02-15 21:57", "text": "Can we vote between *Whiplash* and *The Social Network*?"}
{"user": "trinity", "timestamp": "2025-02-15 22:05", "text": "*The Grand Budapest Hotel* is a visual treat \ud83d\ude0d"}
{"user": "nina", "timestamp": "2025-02-15 22:06", "text": "\ud83c\udf7f Just made a giant bowl of popcorn\u2014ready to go!"}
{"user": "leia", "timestamp": "2025-02-15 22:15", "text": "*The Grand Budapest Hotel* is a visual treat \ud83d\ude0d"}
{"user": "sarah", "timestamp": "2025-02-15 22:18", "text": "Just joined with snacks and a blanket \ud83d\udecb\ufe0f"}
{"user": "alex", "timestamp": "2025-02-15 22:22", "text": "Hey everyone \ud83d\udc4b excited for tonight\u2019s screening!"}
{"user": "nina", "timestamp": "2025-02-15 22:32", "text": "Should we watch something light next week? Comedy night?"}
{"user": "djmax", "timestamp": "2025-02-15 22:42", "text": "*The Grand Budapest Hotel* is a visual treat \ud83d\ude0d"}
{"user": "trinity", "timestamp": "2025-02-15 22:53", "text": "Adding *Past Lives* to my top 5 list. \ud83d\udc94"}
{"user": "emily", "timestamp": "2025-02-15 23:04", "text": "*Oppenheimer* is a masterpiece in tension and tone \ud83c\udf87"}
{"user": "djmax", "timestamp": "2025-02-15 23:13", "text": "Just joined with snacks and a blanket \ud83d\udecb\ufe0f"}
{"user": "leia", "timestamp": "2025-02-15 23:25", "text": "I can\u2019t believe I missed last week's session \ud83d\ude29"}
{"user": "leia", "timestamp": "2025-02-15 23:32", "text": "*Her* is so underrated\u2014it broke me \ud83d\udc94\ud83e\udd16"}
{"type": "system", "user": "system", "timestamp": "2025-02-15 23:42", "text": "vito is now online."}
{"user": "joker", "timestamp": "2025-02-15 23:48", "text": "*Everything Everywhere All At Once* blew my mind \ud83e\udd2f"}
{"user": "bruce", "timestamp": "2025-02-15 23:57", "text": "*The Grand Budapest Hotel* is a visual treat \ud83d\ude0d"}
{"type": "system", "user": "system", "timestamp": "2025-02-16 00:08", "text": "alex has joined the chat."}
{"user": "tony", "timestamp": "2025-02-16 00:11", "text": "That scene in *The Godfather*... pure cinema. \ud83c\udf77"}
{"type": "system", "user": "system", "timestamp": "2025-02-16 00:22", "text": "bruce has joined the chat."}
{"type": "system", "user": "system", "timestamp": "2025-02-16 00:33", "text": "emily has joined the chat."}
{"user": "vito", "timestamp": "2025-02-16 00:42", "text": "Adding *Past Lives* to my top 5 list. \ud83d\udc94"}
{"user": "vito", "timestamp": "2025-02-16 00:54", "text": "That monologue in *Marriage Story*... whew \ud83d\ude2e\u200d\ud83d\udca8"}
{"user": "nina", "timestamp": "2025-02-16 00:58", "text": "*The Batman* had such gritty cinematography \ud83e\udd87"}
{"user": "joker", "timestamp": "2025-02-16 00:59", "text": "*Her* is so underrated\u2014it broke me \ud83d\udc94\ud83e\udd16"}
{"user": "katniss", "timestamp": "2025-02-16 01:00", "text": "*The Banshees of Inisherin* was strangely beautiful."}
{"user": "grace", "timestamp": "2025-02-16 01:11", "text": "*Oppenheimer* is a masterpiece in tension and tone \ud83c\udf87"}
{"user": "nina", "timestamp": "2025-02-16 01:15", "text": "*Her* is so underrated\u2014it broke me \ud83d\udc94\ud83e\udd16"}
{"user": "trinity", "timestamp": "2025-02-16 01:22", "text": "I still can't get over that twist in *Prisoners* \ud83d\ude31"}
{"user": "joker", "timestamp": "2025-02-16 01:29", "text": "I still can't get over that twist in *Prisoners* \ud83d\ude31"}
{"user": "vito", "timestamp": "2025-02-16 01:35", "text": "That scene in *The Godfather*... pure cinema. \ud83c\udf77"}
{"user": "indy", "timestamp": "2025-02-16 01:43", "text": "Can we vote between *Whiplash* and *The Social Network*?"}
{"user": "joker", "timestamp": "2025-02-16 01:51", "text": "*The Batman* had such gritty cinematography \ud83e\udd87"}
{"user": "nina", "timestamp": "2025-02-16 01:58", "text": "*The Banshees of Inisherin* was strangely beautiful."}
{"user": "tony", "timestamp": "2025-02-16 02:08", "text": "I rewatched *The Matrix*\u2014still a masterpiece."}
{"user": "leia", "timestamp": "2025-02-16 02:16", "text": "\ud83c\udf7f Just made a giant bowl of popcorn\u2014ready to go!"}
{"type": "system", "user": "system", "timestamp": "2025-02-16 02:17", "text": "grace is now away."}
{"user": "joker", "timestamp": "2025-02-16 02:29", "text": "That monologue in *Marriage Story*... whew \ud83d\ude2e\u200d\ud83d\udca8"}
{"user": "nina", "timestamp": "2025-02-16 02:32", "text": "*The Whale* really broke my heart. Brendan \ud83d\udc94"}
{"type": "system", "user": "system", "timestamp": "2025-02-16 02:35", "text": "indy reconnected."}
{"type": "system", "user": "system", "timestamp": "2025-02-16 02:37", "text": "frodo is now away."}
{"user": "bruce", "timestamp": "2025-02-16 02:49", "text": "*La La Land* still hits hard every time. \ud83d\ude22"}
{"user": "rocknrolla", "timestamp": "2025-02-16 02:51", "text": "Adding *Past Lives* to my top 5 list. \ud83d\udc94"}
{"user": "tyler", "timestamp": "2025-02-16 02:57", "text": "Just watched *Poor Things*\u2014visual madness!"}
{"user": "emily", "timestamp": "2025-02-16 03:08", "text": "*La La Land* still hits hard every time. \ud83d\ude22"}
{"user": "tyler", "timestamp": "2025-02-16 03:10", "text": "Hey everyone \ud83d\udc4b excited for tonight\u2019s screening!"}
{"user": "trinity", "timestamp": "2025-02-16 03:11", "text": "Is it cool if I join late tonight?"}
{"user": "nina", "timestamp": "2025-02-16 03:21", "text": "*The Batman* had such gritty cinematography \ud83e\udd87"}
{"user": "leia", "timestamp": "2025-02-16 03:24", "text": "Should we watch something light next week? Comedy night?"}
{"type": "system", "user": "system", "timestamp": "2025-02-16 03:27", "text": "indy reconnected."}
{"user": "katniss", "timestamp": "2025-02-16 03:37", "text": "*Everything Everywhere All At Once* blew my mind \ud83e\udd2f"}
{"user": "katniss", "timestamp": "2025-02-16 03:43", "text": "*Oppenheimer* is a masterpiece in tension and tone \ud83c\udf87"}
{"user": "alex", "timestamp": "2025-02-16 03:49", "text": "*The Batman* had such gritty cinematography \ud83e\udd87"}
{"user": "frodo", "timestamp": "2025-02-16 03:57", "text": "I\u2019ll upload the discussion notes later tonight \ud83d\udcdd"}
{"type": "system", "user": "system", "timestamp": "2025-02-16 04:03", "text": "vito has joined the chat."}
{"user": "frodo", "timestamp": "2025-02-16 04:14", "text": "Y\u2019all, I cried during *The Pursuit of Happyness* \ud83d\ude2d"}
{"type": "system", "user": "system", "timestamp": "2025-02-16 04:21", "text": "tony reconnected."}
{"user": "joker", "timestamp": "2025-02-16 04:27", "text": "Is it cool if I join late tonight?"}
{"user": "leia", "timestamp": "2025-02-16 04:38", "text": "Just joined with snacks and a blanket \ud83d\udecb\ufe0f"}
{"user": "tony", "timestamp": "2025-02-16 04:40", "text": "That scene in *The Godfather*... pure cinema. \ud83c\udf77"}
{"user": "alex", "timestamp": "2025-02-16 04:52", "text": "*Oppenheimer* is a masterpiece in tension and tone \ud83c\udf87"}
{"user": "frodo", "timestamp": "2025-02-16 05:02", "text": "*La La Land* still hits hard every time. \ud83d\ude22"}
{"user": "vito", "timestamp": "2025-02-16 05:06", "text": "I can\u2019t believe I missed last week's session \ud83d\ude29"}
{"type": "system", "user": "system", "timestamp": "2025-02-16 05:18", "text": "trinity disconnected."}
{"user": "djmax", "timestamp": "2025-02-16 05:26", "text": "That monologue in *Marriage Story*... whew \ud83d\ude2e\u200d\ud83d\udca8"}
{"user": "indy", "timestamp": "2025-02-16 05:31", "text": "*The Batman* had such gritty cinematography \ud83e\udd87"}
{"user": "joker", "timestamp": "2025-02-16 05:34", "text": "*Everything Everywhere All At Once* blew my mind \ud83e\udd2f"}
{"user": "tony", "timestamp": "2025-02-16 05:37", "text": "Can we do a Nolan-only month? \ud83e\udde0"}
{"user": "sarah", "timestamp": "2025-02-16 05:45", "text": "Who's picking the next film? \ud83c\udfac"}
{"user": "alex", "timestamp": "2025-02-16 05:54", "text": "Don\u2019t forget to rate the movie after it ends! \u2b50\ufe0f"}
{"user": "djmax", "timestamp": "2025-02-16 06:05", "text": "Is it just me or is *Inception* still confusing? \ud83c\udf00"}
{"user": "neo", "timestamp": "2025-02-16 06:16", "text": "Just joined with snacks and a blanket \ud83d\udecb\ufe0f"}
{"user": "vito", "timestamp": "2025-02-16 06:25", "text": "Can we do a Nolan-only month? \ud83e\udde0"}
{"user": "frodo", "timestamp": "2025-02-16 06:37", "text": "*Oppenheimer* is a masterpiece in tension and tone \ud83c\udf87"}
{"user": "grace", "timestamp": "2025-02-16 06:43", "text": "I loved the pacing in *Arrival*\u2014so smart."}
{"user": "sarah", "timestamp": "2025-02-16 06:45", "text": "Should we watch something light next week? Comedy night?"}
{"user": "vito", "timestamp": "2025-02-16 06:50", "text": "Just joined with snacks and a blanket \ud83d\udecb\ufe0f"}
{"user": "sarah", "timestamp": "2025-02-16 06:51", "text": "Who's picking the next film? \ud83c\udfac"}
{"user": "djmax", "timestamp": "2025-02-16 06:53", "text": "I\u2019ll upload the discussion notes later tonight \ud83d\udcdd"}
{"user": "indy", "timestamp": "2025-02-16 06:54", "text": "Movie night is the best part of my week \ud83e\udde1"}
{"type": "system", "user": "system", "timestamp": "2025-02-16 07:04", "text": "vito has joined the chat."}
{"user": "alex", "timestamp": "2025-02-16 07:09", "text": "\ud83c\udf7f Just made a giant bowl of popcorn\u2014ready to go!"}
{"user": "katniss", "timestamp": "2025-02-16 07:16", "text": "*Everything Everywhere All At Once* blew my mind \ud83e\udd2f"}
{"user": "frodo", "timestamp": "2025-02-16 07:18", "text": "*Oppenheimer* is a masterpiece in tension and tone \ud83c\udf87"}
{"user": "joker", "timestamp": "2025-02-16 07:22", "text": "*La La Land* still hits hard every time. \ud83d\ude22"}
{"user": "rocknrolla", "timestamp": "2025-02-16 07:33", "text": "Who's picking the next film? \ud83c\udfac"}
{"user": "leia", "timestamp": "2025-02-16 07:35", "text": "*Parasite* still lives rent free in my head \ud83e\udde0"}
{"user": "joker", "timestamp": "2025-02-16 07:47", "text": "Don\u2019t forget to rate the movie after it ends! \u2b50\ufe0f"}
{"user": "neo", "timestamp": "2025-02-16 07:57", "text": "*The Grand Budapest Hotel* is a visual treat \ud83d\ude0d"}
{"user": "katniss", "timestamp": "2025-02-16 08:01", "text": "Adding *Past Lives* to my top 5 list. \ud83d\udc94"}
{"user": "neo", "timestamp": "2025-02-16 08:08", "text": "I still can't get over that twist in *Prisoners* \ud83d\ude31"}
{"user": "joker", "timestamp": "2025-02-16 08:16", "text": "*Oppenheimer* is a masterpiece in tension and tone \ud83c\udf87"}
{"type": "system", "user": "system", "timestamp": "2025-02-16 08:25", "text": "sarah disconnected."}
{"user": "bruce", "timestamp": "2025-02-16 08:28", "text": "*The Banshees of Inisherin* was strangely beautiful."}
{"user": "frodo", "timestamp": "2025-02-16 08:38", "text": "Who's picking the next film? \ud83c\udfac"}
{"user": "grace", "timestamp": "2025-02-16 08:44", "text": "I can\u2019t believe I missed last week's session \ud83d\ude29"}
{"user": "indy", "timestamp": "2025-02-16 08:50", "text": "I\u2019m inviting two friends next time! They\u2019re big cinephiles too!"}
{"user": "emily", "timestamp": "2025-02-16 08:57", "text": "*Her* is so underrated\u2014it broke me \ud83d\udc94\ud83e\udd16"}
{"user": "indy", "timestamp": "2025-02-16 09:07", "text": "I\u2019ll upload the discussion notes later tonight \ud83d\udcdd"}
{"user": "trinity", "timestamp": "2025-02-16 09:09", "text": "Is it just me or is *Inception* still confusing? \ud83c\udf00"}
{"user": "grace", "timestamp": "2025-02-16 09:17", "text": "That scene in *The Godfather*... pure cinema. \ud83c\udf77"}
{"user": "nina", "timestamp": "2025-02-16 09:20", "text": "I still can't get over that twist in *Prisoners* \ud83d\ude31"}
{"user": "sarah", "timestamp": "2025-02-16 09:29", "text": "*Everything Everywhere All At Once* blew my mind \ud83e\udd2f"}
{"user": "vito", "timestamp": "2025-02-16 09:37", "text": "Don\u2019t forget to rate the movie after it ends! \u2b50\ufe0f"}
{"user": "tony", "timestamp": "2025-02-16 09:48", "text": "That monologue in *Marriage Story*... whew \ud83d\ude2e\u200d\ud83d\udca8"}
{"user": "rocknrolla", "timestamp": "2025-02-16 09:56", "text": "Is it cool if I join late tonight?"}
{"user": "grace", "timestamp": "2025-02-16 10:00", "text": "Is it just me or is *Inception* still confusing? \ud83c\udf00"}
{"user": "bruce", "timestamp": "2025-02-16 10:06", "text": "*Everything Everywhere All At Once* blew my mind \ud83e\udd2f"}
{"user": "leia", "timestamp": "2025-02-16 10:10", "text": "Can we do a Nolan-only month? \ud83e\udde0"}
{"user": "leia", "timestamp": "2025-02-16 10:14", "text": "*The Banshees of Inisherin* was strangely beautiful."}
{"user": "vito", "timestamp": "2025-02-16 10:19", "text": "Should we watch something light next week? Comedy night?"}
{"user": "vito", "timestamp": "2025-02-16 10:28", "text": "*La La Land* still hits hard every time. \ud83d\ude22"}
{"user": "alex", "timestamp": "2025-02-16 10:32", "text": "I\u2019ll upload the discussion notes later tonight \ud83d\udcdd"}
{"user": "vito", "timestamp": "2025-02-16 10:39", "text": "I still can't get over that twist in *Prisoners* \ud83d\ude31"}
{"user": "katniss", "timestamp": "2025-02-16 10:41", "text": "Is it cool if I join late tonight?"}
{"user": "leia", "timestamp": "2025-02-16 10:43", "text": "*Everything Everywhere All At Once* blew my mind \ud83e\udd2f"}
{"user": "emily", "timestamp": "2025-02-16 10:54", "text": "Can we do a Nolan-only month? \ud83e\udde0"}
{"user": "emily", "timestamp": "2025-02-16 11:00", "text": "I rewatched *The Matrix*\u2014still a masterpiece."}
{"user": "nina", "timestamp": "2025-02-16 11:02", "text": "Y\u2019all, I cried during *The Pursuit of Happyness* \ud83d\ude2d"}
{"user": "grace", "timestamp": "2025-02-16 11:04", "text": "*The Whale* really broke my heart. Brendan \ud83d\udc94"}
{"user": "frodo", "timestamp": "2025-02-16 11:11", "text": "*Her* is so underrated\u2014it broke me \ud83d\udc94\ud83e\udd16"}
{"user": "trinity", "timestamp": "2025-02-16 11:13", "text": "I\u2019ll upload the discussion notes later tonight \ud83d\udcdd"}
{"user": "grace", "timestamp": "2025-02-16 11:15", "text": "That scene in *The Godfather*... pure cinema. \ud83c\udf77"}
{"user": "indy", "timestamp": "2025-02-16 11:20", "text": "I\u2019m inviting two friends next time! They\u2019re big cinephiles too!"}
{"user": "tony", "timestamp": "2025-02-16 11:30", "text": "That cinematography in *Blade Runner 2049* \ud83d\udd25"}
{"user": "frodo", "timestamp": "2025-02-16 11:34", "text": "I\u2019ll upload the discussion notes later tonight \ud83d\udcdd"}
{"type": "system", "user": "system", "timestamp": "2025-02-16 11:37", "text": "trinity is now online."}
{"user": "tyler", "timestamp": "2025-02-16 11:41", "text": "Can we do a Nolan-only month? \ud83e\udde0"}
{"type": "system", "user": "system", "timestamp": "2025-02-16 11:46", "text": "bruce reconnected."}
{"user": "frodo", "timestamp": "2025-02-16 11:56", "text": "Is it cool if I join late tonight?"}
{"user": "sarah", "timestamp": "2025-02-16 12:02", "text": "I can\u2019t believe I missed last week's session \ud83d\ude29"}
{"user": "indy", "timestamp": "2025-02-16 12:09", "text": "I loved the pacing in *Arrival*\u2014so smart."}
{"user": "frodo", "timestamp": "2025-02-16 12:14", "text": "Is it cool if I join late tonight?"}
{"user": "nina", "timestamp": "2025-02-16 12:16", "text": "*The Batman* had such gritty cinematography \ud83e\udd87"}
{"user": "katniss", "timestamp": "2025-02-16 12:22", "text": "Should we watch something light next week? Comedy night?"}
{"user": "rocknrolla", "timestamp": "2025-02-16 12:26", "text": "Is it cool if I join late tonight?"}
{"user": "trinity", "timestamp": "2025-02-16 12:34", "text": "I still can't get over that twist in *Prisoners* \ud83d\ude31"}
{"user": "tony", "timestamp": "2025-02-16 12:41", "text": "Should we watch something light next week? Comedy night?"}
{"user": "frodo", "timestamp": "2025-02-16 12:45", "text": "*The Banshees of Inisherin* was strangely beautiful."}
{"user": "tyler", "timestamp": "2025-02-16 12:54", "text": "Don\u2019t forget to rate the movie after it ends! \u2b50\ufe0f"}
{"type": "system", "user": "system", "timestamp": "2025-02-16 13:04", "text": "tony is now online."}
{"user": "tony", "timestamp": "2025-02-16 13:14", "text": "Adding *Past Lives* to my top 5 list. \ud83d\udc94"}
{"user": "rocknrolla", "timestamp": "2025-02-16 13:22", "text": "Can we do a Nolan-only month? \ud83e\udde0"}
{"user": "grace", "timestamp": "2025-02-16 13:29", "text": "Who's picking the next film? \ud83c\udfac"}
{"user": "indy", "timestamp": "2025-02-16 13:34", "text": "*Parasite* still lives rent free in my head \ud83e\udde0"}
{"user": "indy", "timestamp": "2025-02-16 13:37", "text": "I loved the pacing in *Arrival*\u2014so smart."}
{"user": "katniss", "timestamp": "2025-02-16 13:44", "text": "That scene in *The Godfather*... pure cinema. \ud83c\udf77"}
{"user": "katniss", "timestamp": "2025-02-16 13:53", "text": "I can\u2019t believe I missed last week's session \ud83d\ude29"}
{"user": "alex", "timestamp": "2025-02-16 13:55", "text": "Who's picking the next film? \ud83c\udfac"}
{"user": "djmax", "timestamp": "2025-02-16 14:01", "text": "Should we watch something light next week? Comedy night?"}
{"type": "system", "user": "system", "timestamp": "2025-02-16 14:11", "text": "alex is now away."}
{"user": "rocknrolla", "timestamp": "2025-02-16 14:17", "text": "Just watched *Poor Things*\u2014visual madness!"}
{"type": "system", "user": "system", "timestamp": "2025-02-16 14:20", "text": "joker has joined the chat."}
{"user": "grace", "timestamp": "2025-02-16 14:30", "text": "Soundtrack in *Interstellar* gave me goosebumps \ud83c\udf0c"}
{"user": "neo", "timestamp": "2025-02-16 14:32", "text": "*Everything Everywhere All At Once* blew my mind \ud83e\udd2f"}
{"user": "grace", "timestamp": "2025-02-16 14:42", "text": "I still can't get over that twist in *Prisoners* \ud83d\ude31"}
{"user": "nina", "timestamp": "2025-02-16 14:47", "text": "I loved the pacing in *Arrival*\u2014so smart."}
{"type": "system", "user": "system", "timestamp": "2025-02-16 14:50", "text": "alex is now away."}
{"user": "katniss", "timestamp": "2025-02-16 14:57", "text": "I can\u2019t believe I missed last week's session \ud83d\ude29"}
{"user": "indy", "timestamp": "2025-02-16 15:04", "text": "Is it just me or is *Inception* still confusing? \ud83c\udf00"}
{"user": "sarah", "timestamp": "2025-02-16 15:10", "text": "Soundtrack in *Interstellar* gave me goosebumps \ud83c\udf0c"}
{"type": "system", "user": "system", "timestamp": "2025-02-16 15:13", "text": "tony reconnected."}
{"user": "katniss", "timestamp": "2025-02-16 15:21", "text": "I\u2019ll upload the discussion notes later tonight \ud83d\udcdd"}
{"user": "leia", "timestamp": "2025-02-16 15:29", "text": "*The Banshees of Inisherin* was strangely beautiful."}
{"user": "frodo", "timestamp": "2025-02-16 15:32", "text": "That cinematography in *Blade Runner 2049* \ud83d\udd25"}
{"user": "grace", "timestamp": "2025-02-16 15:40", "text": "*No Country for Old Men* has one of the best villains ever."}
{"user": "rocknrolla", "timestamp": "2025-02-16 15:49", "text": "I loved the pacing in *Arrival*\u2014so smart."}
{"type": "system", "user": "system", "timestamp": "2025-02-16 15:59", "text": "vito has joined the chat."}
{"user": "grace", "timestamp": "2025-02-16 16:00", "text": "*The Batman* had such gritty cinematography \ud83e\udd87"}
{"user": "indy", "timestamp": "2025-02-16 16:09", "text": "Can we do a Nolan-only month? \ud83e\udde0"}
{"user": "grace", "timestamp": "2025-02-16 16:17", "text": "I still can't get over that twist in *Prisoners* \ud83d\ude31"}
{"user": "grace", "timestamp": "2025-02-16 16:19", "text": "I\u2019ll upload the discussion notes later tonight \ud83d\udcdd"}
{"user": "emily", "timestamp": "2025-02-16 16:26", "text": "Just joined with snacks and a blanket \ud83d\udecb\ufe0f"}
{"user": "nina", "timestamp": "2025-02-16 16:36", "text": "We should add quotes of the week to the group \ud83d\udcfd\ufe0f"}
{"user": "djmax", "timestamp": "2025-02-16 16:39", "text": "*Oppenheimer* is a masterpiece in tension and tone \ud83c\udf87"}
{"type": "system", "user": "system", "timestamp": "2025-02-16 16:51", "text": "indy reconnected."}
{"type": "system", "user": "system", "timestamp": "2025-02-16 16:53", "text": "nina has joined the chat."}
{"type": "system", "user": "system", "timestamp": "2025-02-16 17:05", "text": "bruce has left the chat."}
{"user": "nina", "timestamp": "2025-02-16 17:06", "text": "Adding *Past Lives* to my top 5 list. \ud83d\udc94"}
{"user": "neo", "timestamp": "2025-02-16 17:09", "text": "I can\u2019t believe I missed last week's session \ud83d\ude29"}
{"user": "trinity", "timestamp": "2025-02-16 17:20", "text": "Soundtrack in *Interstellar* gave me goosebumps \ud83c\udf0c"}
{"type": "system", "user": "system", "timestamp": "2025-02-16 17:25", "text": "djmax is now away."}
{"user": "indy", "timestamp": "2025-02-16 17:29", "text": "Adding *Past Lives* to my top 5 list. \ud83d\udc94"}
{"user": "sarah", "timestamp": "2025-02-16 17:34", "text": "That monologue in *Marriage Story*... whew \ud83d\ude2e\u200d\ud83d\udca8"}
{"user": "alex", "timestamp": "2025-02-16 17:38", "text": "*Parasite* still lives rent free in my head \ud83e\udde0"}
{"user": "tyler", "timestamp": "2025-02-16 17:40", "text": "*The Banshees of Inisherin* was strangely beautiful."}
{"user": "sarah", "timestamp": "2025-02-16 17:46", "text": "*La La Land* still hits hard every time. \ud83d\ude22"}
{"user": "nina", "timestamp": "2025-02-16 17:53", "text": "We should add quotes of the week to the group \ud83d\udcfd\ufe0f"}
{"user": "katniss", "timestamp": "2025-02-16 18:02", "text": "*Oppenheimer* is a masterpiece in tension and tone \ud83c\udf87"}
{"user": "tony", "timestamp": "2025-02-16 18:04", "text": "I can\u2019t believe I missed last week's session \ud83d\ude29"}
{"user": "emily", "timestamp": "2025-02-16 18:14", "text": "I still can't get over that twist in *Prisoners* \ud83d\ude31"}
{"user": "rocknrolla", "timestamp": "2025-02-16 18:25", "text": "Just watched *Poor Things*\u2014visual madness!"}
{"user": "katniss", "timestamp": "2025-02-16 18:26", "text": "Can we vote between *Whiplash* and *The Social Network*?"}
{"user": "vito", "timestamp": "2025-02-16 18:33", "text": "Just joined with snacks and a blanket \ud83d\udecb\ufe0f"}
{"user": "bruce", "timestamp": "2025-02-16 18:43", "text": "I can\u2019t believe I missed last week's session \ud83d\ude29"}
{"user": "bruce", "timestamp": "2025-02-16 18:55", "text": "I loved the pacing in *Arrival*\u2014so smart."}
{"user": "djmax", "timestamp": "2025-02-16 19:05", "text": "I\u2019ll upload the discussion notes later tonight \ud83d\udcdd"}
{"user": "bruce", "timestamp": "2025-02-16 19:12", "text": "*Everything Everywhere All At Once* blew my mind \ud83e\udd2f"}
{"user": "leia", "timestamp": "2025-02-16 19:21", "text": "Soundtrack in *Interstellar* gave me goosebumps \ud83c\udf0c"}
{"type": "system", "user": "system", "timestamp": "2025-02-16 19:31", "text": "tyler has left the chat."}
{"user": "katniss", "timestamp": "2025-02-16 19:32", "text": "*Her* is so underrated\u2014it broke me \ud83d\udc94\ud83e\udd16"}
{"user": "grace", "timestamp": "2025-02-16 19:37", "text": "Hey everyone \ud83d\udc4b excited for tonight\u2019s screening!"}
{"user": "nina", "timestamp": "2025-02-16 19:41", "text": "I still can't get over that twist in *Prisoners* \ud83d\ude31"}
{"user": "tyler", "timestamp": "2025-02-16 19:52", "text": "Can we do a Nolan-only month? \ud83e\udde0"}
{"user": "nina", "timestamp": "2025-02-16 19:55", "text": "Adding *Past Lives* to my top 5 list. \ud83d\udc94"}
{"type": "system", "user": "system", "timestamp": "2025-02-16 20:00", "text": "trinity reconnected."}
{"user": "bruce", "timestamp": "2025-02-16 20:07", "text": "That cinematography in *Blade Runner 2049* \ud83d\udd25"}
{"user": "tyler", "timestamp": "2025-02-16 20:17", "text": "*Her* is so underrated\u2014it broke me \ud83d\udc94\ud83e\udd16"}
{"user": "alex", "timestamp": "2025-02-16 20:20", "text": "*Everything Everywhere All At Once* blew my mind \ud83e\udd2f"}
{"user": "leia", "timestamp": "2025-02-16 20:27", "text": "We should add quotes of the week to the group \ud83d\udcfd\ufe0f"}
{"user": "neo", "timestamp": "2025-02-16 20:39", "text": "Who's picking the next film? \ud83c\udfac"}
{"user": "tony", "timestamp": "2025-02-16 20:46", "text": "\ud83c\udf7f Just made a giant bowl of popcorn\u2014ready to go!"}
{"user": "emily", "timestamp": "2025-02-16 20:56", "text": "Just joined with snacks and a blanket \ud83d\udecb\ufe0f"}
{"user": "rocknrolla", "timestamp": "2025-02-16 21:03", "text": "I loved the pacing in *Arrival*\u2014so smart."}
{"user": "nina", "timestamp": "2025-02-16 21:15", "text": "Is it just me or is *Inception* still confusing? \ud83c\udf00"}
{"user": "neo", "timestamp": "2025-02-16 21:23", "text": "I\u2019m inviting two friends next time! They\u2019re big cinephiles too!"}
{"type": "system", "user": "system", "timestamp": "2025-02-16 21:24", "text": "trinity has left the chat."}
{"user": "katniss", "timestamp": "2025-02-16 21:33", "text": "I\u2019m inviting two friends next time! They\u2019re big cinephiles too!"}
{"user": "katniss", "timestamp": "2025-02-16 21:44", "text": "Soundtrack in *Interstellar* gave me goosebumps \ud83c\udf0c"}
{"user": "djmax", "timestamp": "2025-02-16 21:50", "text": "That monologue in *Marriage Story*... whew \ud83d\ude2e\u200d\ud83d\udca8"}
{"type": "system", "user": "system", "timestamp": "2025-02-16 21:54", "text": "tony has joined the chat."}
{"user": "vito", "timestamp": "2025-02-16 21:59", "text": "\ud83c\udf7f Just made a giant bowl of popcorn\u2014ready to go!"}
{"user": "trinity", "timestamp": "2025-02-16 22:04", "text": "Just watched *Poor Things*\u2014visual madness!"}
{"user": "djmax", "timestamp": "2025-02-16 22:13", "text": "*The Grand Budapest Hotel* is a visual treat \ud83d\ude0d"}
{"user": "trinity", "timestamp": "2025-02-16 22:20", "text": "*Everything Everywhere All At Once* blew my mind \ud83e\udd2f"}
{"type": "system", "user": "system", "timestamp": "2025-02-16 22:25", "text": "katniss reconnected."}
{"user": "nina", "timestamp": "2025-02-16 22:31", "text": "*La La Land* still hits hard every time. \ud83d\ude22"}
{"user": "emily", "timestamp": "2025-02-16 22:37", "text": "That monologue in *Marriage Story*... whew \ud83d\ude2e\u200d\ud83d\udca8"}
{"user": "trinity", "timestamp": "2025-02-16 22:43", "text": "I loved the pacing in *Arrival*\u2014so smart."}
{"type": "system", "user": "system", "timestamp": "2025-02-16 22:44", "text": "tony disconnected."}
{"user": "sarah", "timestamp": "2025-02-16 22:48", "text": "Don\u2019t forget to rate the movie after it ends! \u2b50\ufe0f"}
{"user": "bruce", "timestamp": "2025-02-16 22:56", "text": "I can\u2019t believe I missed last week's session \ud83d\ude29"}
{"user": "djmax", "timestamp": "2025-02-16 23:07", "text": "Y\u2019all, I cried during *The Pursuit of Happyness* \ud83d\ude2d"}
{"user": "vito", "timestamp": "2025-02-16 23:12", "text": "Just watched *Poor Things*\u2014visual madness!"}
{"user": "nina", "timestamp": "2025-02-16 23:22", "text": "*The Batman* had such gritty cinematography \ud83e\udd87"}
{"type": "system", "user": "system", "timestamp": "2025-02-16 23:33", "text": "katniss has left the chat."}
{"user": "bruce", "timestamp": "2025-02-16 23:34", "text": "That scene in *The Godfather*... pure cinema. \ud83c\udf77"}
{"user": "emily", "timestamp": "2025-02-16 23:45", "text": "Is it cool if I join late tonight?"}
{"user": "emily", "timestamp": "2025-02-16 23:47", "text": "Soundtrack in *Interstellar* gave me goosebumps \ud83c\udf0c"}
{"user": "djmax", "timestamp": "2025-02-16 23:58", "text": "Is it just me or is *Inception* still confusing? \ud83c\udf00"}
{"user": "frodo", "timestamp": "2025-02-17 00:02", "text": "*No Country for Old Men* has one of the best villains ever."}
{"user": "trinity", "timestamp": "2025-02-17 00:10", "text": "Who's picking the next film? \ud83c\udfac"}
{"user": "indy", "timestamp": "2025-02-17 00:17", "text": "Can we do a Nolan-only month? \ud83e\udde0"}
{"user": "alex", "timestamp": "2025-02-17 00:28", "text": "\ud83c\udf7f Just made a giant bowl of popcorn\u2014ready to go!"}
{"user": "grace", "timestamp": "2025-02-17 00:30", "text": "*Oppenheimer* is a masterpiece in tension and tone \ud83c\udf87"}
{"user": "djmax", "timestamp": "2025-02-17 00:31", "text": "We should add quotes of the week to the group \ud83d\udcfd\ufe0f"}
{"user": "bruce", "timestamp": "2025-02-17 00:43", "text": "*La La Land* still hits hard every time. \ud83d\ude22"}
{"user": "joker", "timestamp": "2025-02-17 00:52", "text": "\ud83c\udf7f Just made a giant bowl of popcorn\u2014ready to go!"}
{"type": "system", "user": "system", "timestamp": "2025-02-17 01:02", "text": "emily reconnected."}
{"user": "sarah", "timestamp": "2025-02-17 01:07", "text": "That cinematography in *Blade Runner 2049* \ud83d\udd25"}
{"user": "vito", "timestamp": "2025-02-17 01:11", "text": "*The Grand Budapest Hotel* is a visual treat \ud83d\ude0d"}
{"user": "neo", "timestamp": "2025-02-17 01:16", "text": "I loved the pacing in *Arrival*\u2014so smart."}
{"user": "emily", "timestamp": "2025-02-17 01:23", "text": "*Her* is so underrated\u2014it broke me \ud83d\udc94\ud83e\udd16"}
{"user": "joker", "timestamp": "2025-02-17 01:29", "text": "*Everything Everywhere All At Once* blew my mind \ud83e\udd2f"}
{"user": "frodo", "timestamp": "2025-02-17 01:30", "text": "Just watched *Poor Things*\u2014visual madness!"}
{"user": "bruce", "timestamp": "2025-02-17 01:36", "text": "Can we vote between *Whiplash* and *The Social Network*?"}
{"user": "leia", "timestamp": "2025-02-17 01:41", "text": "That scene in *The Godfather*... pure cinema. \ud83c\udf77"}
{"user": "bruce", "timestamp": "2025-02-17 01:44", "text": "Should we watch something light next week? Comedy night?"}
{"user": "tony", "timestamp": "2025-02-17 01:55", "text": "That monologue in *Marriage Story*... whew \ud83d\ude2e\u200d\ud83d\udca8"}
{"user": "tony", "timestamp": "2025-02-17 01:57", "text": "I\u2019m inviting two friends next time! They\u2019re big cinephiles too!"}
{"user": "emily", "timestamp": "2025-02-17 02:08", "text": "Hey everyone \ud83d\udc4b excited for tonight\u2019s screening!"}
{"user": "frodo", "timestamp": "2025-02-17 02:17", "text": "I rewatched *The Matrix*\u2014still a masterpiece."}
{"user": "emily", "timestamp": "2025-02-17 02:19", "text": "Should we watch something light next week? Comedy night?"}
{"user": "frodo", "timestamp": "2025-02-17 02:29", "text": "Adding *Past Lives* to my top 5 list. \ud83d\udc94"}
{"user": "alex", "timestamp": "2025-02-17 02:41", "text": "*The Grand Budapest Hotel* is a visual treat \ud83d\ude0d"}
{"user": "rocknrolla", "timestamp": "2025-02-17 02:48", "text": "Hey everyone \ud83d\udc4b excited for tonight\u2019s screening!"}
{"user": "katniss", "timestamp": "2025-02-17 02:53", "text": "That monologue in *Marriage Story*... whew \ud83d\ude2e\u200d\ud83d\udca8"}
{"user": "indy", "timestamp": "2025-02-17 02:59", "text": "Is it just me or is *Inception* still confusing? \ud83c\udf00"}
{"user": "trinity", "timestamp": "2025-02-17 03:11", "text": "Who's picking the next film? \ud83c\udfac"}
{"type": "system", "user": "system", "timestamp": "2025-02-17 03:19", "text": "neo is now online."}
{"user": "joker", "timestamp": "2025-02-17 03:29", "text": "*The Grand Budapest Hotel* is a visual treat \ud83d\ude0d"}
{"user": "katniss", "timestamp": "2025-02-17 03:31", "text": "I rewatched *The Matrix*\u2014still a masterpiece."}
{"user": "vito", "timestamp": "2025-02-17 03:34", "text": "Y\u2019all, I cried during *The Pursuit of Happyness* \ud83d\ude2d"}
{"user": "nina", "timestamp": "2025-02-17 03:44", "text": "That scene in *The Godfather*... pure cinema. \ud83c\udf77"}
{"type": "system", "user": "system", "timestamp": "2025-02-17 03:56", "text": "frodo reconnected."}
{"user": "frodo", "timestamp": "2025-02-17 04:03", "text": "*The Grand Budapest Hotel* is a visual treat \ud83d\ude0d"}
{"user": "katniss", "timestamp": "2025-02-17 04:09", "text": "I loved the pacing in *Arrival*\u2014so smart."}
{"user": "sarah", "timestamp": "2025-02-17 04:11", "text": "Soundtrack in *Interstellar* gave me goosebumps \ud83c\udf0c"}
{"user": "djmax", "timestamp": "2025-02-17 04:14", "text": "Can we vote between *Whiplash* and *The Social Network*?"}
{"user": "sarah", "timestamp": "2025-02-17 04:26", "text": "That monologue in *Marriage Story*... whew \ud83d\ude2e\u200d\ud83d\udca8"}
{"user": "djmax", "timestamp": "2025-02-17 04:33", "text": "I still can't get over that twist in *Prisoners* \ud83d\ude31"}
{"user": "neo", "timestamp": "2025-02-17 04:42", "text": "We should add quotes of the week to the group \ud83d\udcfd\ufe0f"}
{"user": "grace", "timestamp": "2025-02-17 04:52", "text": "I still can't get over that twist in *Prisoners* \ud83d\ude31"}
{"user": "bruce", "timestamp": "2025-02-17 05:01", "text": "I\u2019ll upload the discussion notes later tonight \ud83d\udcdd"}
{"user": "bruce", "timestamp": "2025-02-17 05:08", "text": "*La La Land* still hits hard every time. \ud83d\ude22"}
{"user": "indy", "timestamp": "2025-02-17 05:11", "text": "\ud83c\udf7f Just made a giant bowl of popcorn\u2014ready to go!"}
{"user": "frodo", "timestamp": "2025-02-17 05:14", "text": "\ud83c\udf7f Just made a giant bowl of popcorn\u2014ready to go!"}
{"user": "indy", "timestamp": "2025-02-17 05:21", "text": "I\u2019m inviting two friends next time! They\u2019re big cinephiles too!"}
{"user": "grace", "timestamp": "2025-02-17 05:30", "text": "Y\u2019all, I cried during *The Pursuit of Happyness* \ud83d\ude2d"}
{"user": "joker", "timestamp": "2025-02-17 05:36", "text": "Is it just me or is *Inception* still confusing? \ud83c\udf00"}
{"user": "sarah", "timestamp": "2025-02-17 05:48", "text": "Movie night is the best part of my week \ud83e\udde1"}
{"user": "joker", "timestamp": "2025-02-17 05:55", "text": "\ud83c\udf7f Just made a giant bowl of popcorn\u2014ready to go!"}
{"user": "vito", "timestamp": "2025-02-17 06:06", "text": "*Her* is so underrated\u2014it broke me \ud83d\udc94\ud83e\udd16"}
{"user": "alex", "timestamp": "2025-02-17 06:16", "text": "Hey everyone \ud83d\udc4b excited for tonight\u2019s screening!"}
{"type": "system", "user": "system", "timestamp": "2025-02-17 06:24", "text": "grace has joined the chat."}
{"user": "emily", "timestamp": "2025-02-17 06:35", "text": "*The Batman* had such gritty cinematography \ud83e\udd87"}
{"type": "system", "user": "system", "timestamp": "2025-02-17 06:41", "text": "alex is now away."}
{"user": "bruce", "timestamp": "2025-02-17 06:47", "text": "That scene in *The Godfather*... pure cinema. \ud83c\udf77"}
{"user": "leia", "timestamp": "2025-02-17 06:52", "text": "Adding *Past Lives* to my top 5 list. \ud83d\udc94"}
{"user": "indy", "timestamp": "2025-02-17 06:54", "text": "*La La Land* still hits hard every time. \ud83d\ude22"}
{"user": "grace", "timestamp": "2025-02-17 07:02", "text": "Can we do a Nolan-only month? \ud83e\udde0"}
{"user": "djmax", "timestamp": "2025-02-17 07:13", "text": "That scene in *The Godfather*... pure cinema. \ud83c\udf77"}
{"type": "system", "user": "system", "timestamp": "2025-02-17 07:20", "text": "tyler has left the chat."}
{"user": "emily", "timestamp": "2025-02-17 07:22", "text": "I\u2019ll upload the discussion notes later tonight \ud83d\udcdd"}
{"user": "sarah", "timestamp": "2025-02-17 07:27", "text": "*Parasite* still lives rent free in my head \ud83e\udde0"}
{"type": "system", "user": "system", "timestamp": "2025-02-17 07:39", "text": "trinity has left the chat."}
{"user": "sarah", "timestamp": "2025-02-17 07:42", "text": "*La La Land* still hits hard every time. \ud83d\ude22"}
{"user": "katniss", "timestamp": "2025-02-17 07:44", "text": "Who's picking the next film? \ud83c\udfac"}
{"user": "bruce", "timestamp": "2025-02-17 07:45", "text": "Y\u2019all, I cried during *The Pursuit of Happyness* \ud83d\ude2d"}
{"user": "katniss", "timestamp": "2025-02-17 07:49", "text": "Can we vote between *Whiplash* and *The Social Network*?"}
{"user": "emily", "timestamp": "2025-02-17 07:54", "text": "Adding *Past Lives* to my top 5 list. \ud83d\udc94"}
{"user": "tyler", "timestamp": "2025-02-17 08:00", "text": "Just joined with snacks and a blanket \ud83d\udecb\ufe0f"}
{"user": "tony", "timestamp": "2025-02-17 08:07", "text": "I\u2019m inviting two friends next time! They\u2019re big cinephiles too!"}
{"type": "system", "user": "system", "timestamp": "2025-02-17 08:15", "text": "nina reconnected."}
{"type": "system", "user": "system", "timestamp": "2025-02-17 08:24", "text": "alex is now away."}
{"type": "system", "user": "system", "timestamp": "2025-02-17 08:32", "text": "tony has joined the chat."}
{"user": "joker", "timestamp": "2025-02-17 08:42", "text": "Movie night is the best part of my week \ud83e\udde1"}
{"user": "grace", "timestamp": "2025-02-17 08:50", "text": "*Her* is so underrated\u2014it broke me \ud83d\udc94\ud83e\udd16"}
{"user": "djmax", "timestamp": "2025-02-17 09:01", "text": "That monologue in *Marriage Story*... whew \ud83d\ude2e\u200d\ud83d\udca8"}
{"user": "trinity", "timestamp": "2025-02-17 09:08", "text": "Is it just me or is *Inception* still confusing? \ud83c\udf00"}
{"user": "leia", "timestamp": "2025-02-17 09:20", "text": "That scene in *The Godfather*... pure cinema. \ud83c\udf77"}
{"user": "vito", "timestamp": "2025-02-17 09:26", "text": "That cinematography in *Blade Runner 2049* \ud83d\udd25"}
{"user": "rocknrolla", "timestamp": "2025-02-17 09:31", "text": "Is it cool if I join late tonight?"}
{"user": "alex", "timestamp": "2025-02-17 09:38", "text": "I can\u2019t believe I missed last week's session \ud83d\ude29"}
{"type": "system", "user": "system", "timestamp": "2025-02-17 09:46", "text": "frodo is now away."}
{"user": "leia", "timestamp": "2025-02-17 09:48", "text": "*Parasite* still lives rent free in my head \ud83e\udde0"}
{"user": "emily", "timestamp": "2025-02-17 09:54", "text": "Don\u2019t forget to rate the movie after it ends! \u2b50\ufe0f"}
{"type": "system", "user": "system", "timestamp": "2025-02-17 10:03", "text": "alex is now away."}
{"user": "emily", "timestamp": "2025-02-17 10:13", "text": "Can we vote between *Whiplash* and *The Social Network*?"}
{"user": "katniss", "timestamp": "2025-02-17 10:22", "text": "*Oppenheimer* is a masterpiece in tension and tone \ud83c\udf87"}
{"user": "emily", "timestamp": "2025-02-17 10:33", "text": "I\u2019ll upload the discussion notes later tonight \ud83d\udcdd"}
{"user": "djmax", "timestamp": "2025-02-17 10:34", "text": "Y\u2019all, I cried during *The Pursuit of Happyness* \ud83d\ude2d"}
{"user": "tony", "timestamp": "2025-02-17 10:35", "text": "\ud83c\udf7f Just made a giant bowl of popcorn\u2014ready to go!"}
{"type": "system", "user": "system", "timestamp": "2025-02-17 10:38", "text": "vito disconnected."}
{"user": "tyler", "timestamp": "2025-02-17 10:47", "text": "*Everything Everywhere All At Once* blew my mind \ud83e\udd2f"}
{"user": "indy", "timestamp": "2025-02-17 10:49", "text": "\ud83c\udf7f Just made a giant bowl of popcorn\u2014ready to go!"}
{"user": "neo", "timestamp": "2025-02-17 10:56", "text": "*The Grand Budapest Hotel* is a visual treat \ud83d\ude0d"}
{"user": "indy", "timestamp": "2025-02-17 11:08", "text": "*The Banshees of Inisherin* was strangely beautiful."}
{"user": "sarah", "timestamp": "2025-02-17 11:11", "text": "Who's picking the next film? \ud83c\udfac"}
{"type": "system", "user": "system", "timestamp": "2025-02-17 11:14", "text": "joker has left the chat."}
{"user": "alex", "timestamp": "2025-02-17 11:23", "text": "*Her* is so underrated\u2014it broke me \ud83d\udc94\ud83e\udd16"}
{"type": "system", "user": "system", "timestamp": "2025-02-17 11:26", "text": "djmax has left the chat."}
{"user": "rocknrolla", "timestamp": "2025-02-17 11:37", "text": "*The Banshees of Inisherin* was strangely beautiful."}
{"user": "leia", "timestamp": "2025-02-17 11:45", "text": "Should we watch something light next week? Comedy night?"}
{"user": "katniss", "timestamp": "2025-02-17 11:53", "text": "I\u2019m inviting two friends next time! They\u2019re big cinephiles too!"}
{"user": "sarah", "timestamp": "2025-02-17 12:04", "text": "I rewatched *The Matrix*\u2014still a masterpiece."}
{"user": "neo", "timestamp": "2025-02-17 12:11", "text": "*Oppenheimer* is a masterpiece in tension and tone \ud83c\udf87"}
{"user": "joker", "timestamp": "2025-02-17 12:16", "text": "Should we watch something light next week? Comedy night?"}
{"user": "frodo", "timestamp": "2025-02-17 12:21", "text": "Adding *Past Lives* to my top 5 list. \ud83d\udc94"}
{"user": "joker", "timestamp": "2025-02-17 12:23", "text": "*The Batman* had such gritty cinematography \ud83e\udd87"}
{"type": "system", "user": "system", "timestamp": "2025-02-17 12:32", "text": "tony has left the chat."}
{"user": "vito", "timestamp": "2025-02-17 12:36", "text": "*The Batman* had such gritty cinematography \ud83e\udd87"}
{"user": "katniss", "timestamp": "2025-02-17 12:43", "text": "I\u2019m inviting two friends next time! They\u2019re big cinephiles too!"}
{"user": "joker", "timestamp": "2025-02-17 12:46", "text": "*Everything Everywhere All At Once* blew my mind \ud83e\udd2f"}
{"user": "tyler", "timestamp": "2025-02-17 12:57", "text": "Just joined with snacks and a blanket \ud83d\udecb\ufe0f"}
{"type": "system", "user": "system", "timestamp": "2025-02-17 13:04", "text": "nina has left the chat."}
{"user": "rocknrolla", "timestamp": "2025-02-17 13:12", "text": "That scene in *The Godfather*... pure cinema. \ud83c\udf77"}
{"user": "nina", "timestamp": "2025-02-17 13:14", "text": "*Parasite* still lives rent free in my head \ud83e\udde0"}
{"user": "leia", "timestamp": "2025-02-17 13:18", "text": "*La La Land* still hits hard every time. \ud83d\ude22"}
{"user": "neo", "timestamp": "2025-02-17 13:21", "text": "Hey everyone \ud83d\udc4b excited for tonight\u2019s screening!"}
{"user": "grace", "timestamp": "2025-02-17 13:22", "text": "*The Banshees of Inisherin* was strangely beautiful."}
{"user": "trinity", "timestamp": "2025-02-17 13:28", "text": "I loved the pacing in *Arrival*\u2014so smart."}
{"user": "tyler", "timestamp": "2025-02-17 13:35", "text": "That scene in *The Godfather*... pure cinema. \ud83c\udf77"}
{"user": "djmax", "timestamp": "2025-02-17 13:36", "text": "I still can't get over that twist in *Prisoners* \ud83d\ude31"}
{"user": "tyler", "timestamp": "2025-02-17 13:40", "text": "Who's picking the next film? \ud83c\udfac"}
{"user": "rocknrolla", "timestamp": "2025-02-17 13:42", "text": "*Oppenheimer* is a masterpiece in tension and tone \ud83c\udf87"}
{"user": "bruce", "timestamp": "2025-02-17 13:54", "text": "I\u2019ll upload the discussion notes later tonight \ud83d\udcdd"}
{"user": "sarah", "timestamp": "2025-02-17 13:59", "text": "*La La Land* still hits hard every time. \ud83d\ude22"}
{"user": "indy", "timestamp": "2025-02-17 14:04", "text": "Adding *Past Lives* to my top 5 list. \ud83d\udc94"}
{"user": "bruce", "timestamp": "2025-02-17 14:06", "text": "*The Banshees of Inisherin* was strangely beautiful."}
{"user": "bruce", "timestamp": "2025-02-17 14:18", "text": "*The Banshees of Inisherin* was strangely beautiful."}
{"user": "tyler", "timestamp": "2025-02-17 14:28", "text": "Y\u2019all, I cried during *The Pursuit of Happyness* \ud83d\ude2d"}
{"user": "tony", "timestamp": "2025-02-17 14:34", "text": "Hey everyone \ud83d\udc4b excited for tonight\u2019s screening!"}
{"user": "tony", "timestamp": "2025-02-17 14:41", "text": "*Her* is so underrated\u2014it broke me \ud83d\udc94\ud83e\udd16"}
{"user": "nina", "timestamp": "2025-02-17 14:49", "text": "That monologue in *Marriage Story*... whew \ud83d\ude2e\u200d\ud83d\udca8"}
{"user": "frodo", "timestamp": "2025-02-17 14:59", "text": "I rewatched *The Matrix*\u2014still a masterpiece."}
{"user": "tony", "timestamp": "2025-02-17 15:00", "text": "Don\u2019t forget to rate the movie after it ends! \u2b50\ufe0f"}
{"user": "grace", "timestamp": "2025-02-17 15:02", "text": "*No Country for Old Men* has one of the best villains ever."}
{"user": "grace", "timestamp": "2025-02-17 15:11", "text": "That cinematography in *Blade Runner 2049* \ud83d\udd25"}
{"user": "tony", "timestamp": "2025-02-17 15:18", "text": "Movie night is the best part of my week \ud83e\udde1"}
{"user": "tony", "timestamp": "2025-02-17 15:23", "text": "Just watched *Poor Things*\u2014visual madness!"}
{"user": "tyler", "timestamp": "2025-02-17 15:34", "text": "I\u2019ll upload the discussion notes later tonight \ud83d\udcdd"}
{"user": "tony", "timestamp": "2025-02-17 15:41", "text": "I loved the pacing in *Arrival*\u2014so smart."}
{"user": "emily", "timestamp": "2025-02-17 15:53", "text": "*Everything Everywhere All At Once* blew my mind \ud83e\udd2f"}
{"user": "nina", "timestamp": "2025-02-17 16:03", "text": "Y\u2019all, I cried during *The Pursuit of Happyness* \ud83d\ude2d"}
{"user": "trinity", "timestamp": "2025-02-17 16:13", "text": "Can we do a Nolan-only month? \ud83e\udde0"}
{"user": "sarah", "timestamp": "2025-02-17 16:21", "text": "*Oppenheimer* is a masterpiece in tension and tone \ud83c\udf87"}
{"type": "system", "user": "system", "timestamp": "2025-02-17 16:27", "text": "indy has joined the chat."}
{"user": "vito", "timestamp": "2025-02-17 16:31", "text": "*Oppenheimer* is a masterpiece in tension and tone \ud83c\udf87"}
{"type": "system", "user": "system", "timestamp": "2025-02-17 16:39", "text": "tony is now away."}
{"user": "sarah", "timestamp": "2025-02-17 16:45", "text": "Adding *Past Lives* to my top 5 list. \ud83d\udc94"}
{"user": "neo", "timestamp": "2025-02-17 16:49", "text": "*The Whale* really broke my heart. Brendan \ud83d\udc94"}
{"type": "system", "user": "system", "timestamp": "2025-02-17 17:00", "text": "djmax reconnected."}
{"user": "emily", "timestamp": "2025-02-17 17:03", "text": "*Parasite* still lives rent free in my head \ud83e\udde0"}
{"type": "system", "user": "system", "timestamp": "2025-02-17 17:12", "text": "bruce reconnected."}
{"user": "emily", "timestamp": "2025-02-17 17:21", "text": "Don\u2019t forget to rate the movie after it ends! \u2b50\ufe0f"}
{"user": "rocknrolla", "timestamp": "2025-02-17 17:33", "text": "*La La Land* still hits hard every time. \ud83d\ude22"}
{"user": "leia", "timestamp": "2025-02-17 17:44", "text": "Y\u2019all, I cried during *The Pursuit of Happyness* \ud83d\ude2d"}
{"user": "leia", "timestamp": "2025-02-17 17:53", "text": "Can we vote between *Whiplash* and *The Social Network*?"}
{"type": "system", "user": "system", "timestamp": "2025-02-17 17:58", "text": "trinity disconnected."}
{"user": "rocknrolla", "timestamp": "2025-02-17 18:03", "text": "I can\u2019t believe I missed last week's session \ud83d\ude29"}
{"user": "alex", "timestamp": "2025-02-17 18:14", "text": "Adding *Past Lives* to my top 5 list. \ud83d\udc94"}
{"user": "indy", "timestamp": "2025-02-17 18:16", "text": "Y\u2019all, I cried during *The Pursuit of Happyness* \ud83d\ude2d"}
{"type": "system", "user": "system", "timestamp": "2025-02-17 18:27", "text": "neo disconnected."}
{"user": "neo", "timestamp": "2025-02-17 18:37", "text": "Don\u2019t forget to rate the movie after it ends! \u2b50\ufe0f"}
{"user": "bruce", "timestamp": "2025-02-17 18:48", "text": "Adding *Past Lives* to my top 5 list. \ud83d\udc94"}
{"type": "system", "user": "system", "timestamp": "2025-02-17 18:54", "text": "neo has left the chat."}
{"user": "grace", "timestamp": "2025-02-17 19:02", "text": "I still can't get over that twist in *Prisoners* \ud83d\ude31"}
{"user": "emily", "timestamp": "2025-02-17 19:07", "text": "Adding *Past Lives* to my top 5 list. \ud83d\udc94"}
{"user": "emily", "timestamp": "2025-02-17 19:16", "text": "I loved the pacing in *Arrival*\u2014so smart."}
{"user": "trinity", "timestamp": "2025-02-17 19:19", "text": "Can we do a Nolan-only month? \ud83e\udde0"}
{"type": "system", "user": "system", "timestamp": "2025-02-17 19:30", "text": "rocknrolla reconnected."}
{"user": "frodo", "timestamp": "2025-02-17 19:42", "text": "*The Grand Budapest Hotel* is a visual treat \ud83d\ude0d"}
{"user": "trinity", "timestamp": "2025-02-17 19:52", "text": "*Her* is so underrated\u2014it broke me \ud83d\udc94\ud83e\udd16"}
{"user": "vito", "timestamp": "2025-02-17 19:59", "text": "Who's picking the next film? \ud83c\udfac"}
{"user": "joker", "timestamp": "2025-02-17 20:09", "text": "Adding *Past Lives* to my top 5 list. \ud83d\udc94"}
{"user": "katniss", "timestamp": "2025-02-17 20:19", "text": "*The Banshees of Inisherin* was strangely beautiful."}
{"user": "leia", "timestamp": "2025-02-17 20:29", "text": "That scene in *The Godfather*... pure cinema. \ud83c\udf77"}
{"user": "trinity", "timestamp": "2025-02-17 20:36", "text": "I\u2019m inviting two friends next time! They\u2019re big cinephiles too!"}
{"user": "vito", "timestamp": "2025-02-17 20:44", "text": "That scene in *The Godfather*... pure cinema. \ud83c\udf77"}
{"user": "emily", "timestamp": "2025-02-17 20:56", "text": "*Her* is so underrated\u2014it broke me \ud83d\udc94\ud83e\udd16"}
{"user": "rocknrolla", "timestamp": "2025-02-17 21:06", "text": "*No Country for Old Men* has one of the best villains ever."}
{"user": "alex", "timestamp": "2025-02-17 21:07", "text": "*La La Land* still hits hard every time. \ud83d\ude22"}
{"user": "trinity", "timestamp": "2025-02-17 21:08", "text": "That monologue in *Marriage Story*... whew \ud83d\ude2e\u200d\ud83d\udca8"}
{"type": "system", "user": "system", "timestamp": "2025-02-17 21:16", "text": "tony has left the chat."}
{"user": "grace", "timestamp": "2025-02-17 21:28", "text": "That monologue in *Marriage Story*... whew \ud83d\ude2e\u200d\ud83d\udca8"}
{"user": "grace", "timestamp": "2025-02-17 21:30", "text": "That monologue in *Marriage Story*... whew \ud83d\ude2e\u200d\ud83d\udca8"}
{"user": "alex", "timestamp": "2025-02-17 21:37", "text": "I rewatched *The Matrix*\u2014still a masterpiece."}
{"type": "system", "user": "system", "timestamp": "2025-02-17 21:42", "text": "katniss is now away."}
{"user": "nina", "timestamp": "2025-02-17 21:43", "text": "Can we vote between *Whiplash* and *The Social Network*?"}
{"user": "neo", "timestamp": "2025-02-17 21:50", "text": "I\u2019m inviting two friends next time! They\u2019re big cinephiles too!"}
{"user": "emily", "timestamp": "2025-02-17 22:00", "text": "Y\u2019all, I cried during *The Pursuit of Happyness* \ud83d\ude2d"}
{"user": "rocknrolla", "timestamp": "2025-02-17 22:12", "text": "I still can't get over that twist in *Prisoners* \ud83d\ude31"}
{"user": "leia", "timestamp": "2025-02-17 22:22", "text": "Who's picking the next film? \ud83c\udfac"}
{"user": "alex", "timestamp": "2025-02-17 22:30", "text": "Just joined with snacks and a blanket \ud83d\udecb\ufe0f"}
{"user": "nina", "timestamp": "2025-02-17 22:40", "text": "Soundtrack in *Interstellar* gave me goosebumps \ud83c\udf0c"}
{"type": "system", "user": "system", "timestamp": "2025-02-17 22:49", "text": "sarah is now away."}
{"user": "trinity", "timestamp": "2025-02-17 22:55", "text": "Is it cool if I join late tonight?"}
{"user": "bruce", "timestamp": "2025-02-17 23:04", "text": "Should we watch something light next week? Comedy night?"}
{"type": "system", "user": "system", "timestamp": "2025-02-17 23:09", "text": "tony is now away."}
{"user": "bruce", "timestamp": "2025-02-17 23:10", "text": "*The Whale* really broke my heart. Brendan \ud83d\udc94"}
{"user": "joker", "timestamp": "2025-02-17 23:17", "text": "That cinematography in *Blade Runner 2049* \ud83d\udd25"}
{"user": "emily", "timestamp": "2025-02-17 23:18", "text": "\ud83c\udf7f Just made a giant bowl of popcorn\u2014ready to go!"}
{"user": "vito", "timestamp": "2025-02-17 23:28", "text": "*No Country for Old Men* has one of the best villains ever."}
{"user": "emily", "timestamp": "2025-02-17 23:37", "text": "*The Grand Budapest Hotel* is a visual treat \ud83d\ude0d"}
{"user": "leia", "timestamp": "2025-02-17 23:40", "text": "*Oppenheimer* is a masterpiece in tension and tone \ud83c\udf87"}
{"user": "tony", "timestamp": "2025-02-17 23:45", "text": "I rewatched *The Matrix*\u2014still a masterpiece."}
{"user": "frodo", "timestamp": "2025-02-17 23:54", "text": "*The Whale* really broke my heart. Brendan \ud83d\udc94"}
{"user": "bruce", "timestamp": "2025-02-18 00:06", "text": "Adding *Past Lives* to my top 5 list. \ud83d\udc94"}
{"user": "leia", "timestamp": "2025-02-18 00:18", "text": "*Her* is so underrated\u2014it broke me \ud83d\udc94\ud83e\udd16"}
