{"user": "beatdrop", "timestamp": "2025-02-15 10:29", "text": "Any synthwave fans here? That retro vibe hits different \u2728"}
{"user": "grace", "timestamp": "2025-02-15 10:40", "text": "Mic check 1, 2\u2014ready for the open mic session \ud83c\udf99\ufe0f"}
{"user": "harmonizer", "timestamp": "2025-02-15 10:50", "text": "I sampled my dog barking and turned it into a snare \ud83d\ude06"}
{"user": "tyler", "timestamp": "2025-02-15 10:54", "text": "Late night production crew, where you at? \ud83c\udf19"}
{"user": "chorusqueen", "timestamp": "2025-02-15 10:56", "text": "What\u2019s your go-to tempo for chill tracks?"}
{"user": "grace", "timestamp": "2025-02-15 11:02", "text": "Can we vote on the next remix contest theme?"}
{"type": "system", "user": "system", "timestamp": "2025-02-15 11:10", "text": "grace is now online."}
{"user": "melodymike", "timestamp": "2025-02-15 11:14", "text": "Let\u2019s drop our favorite plugins in #tools \ud83e\uddf0"}
{"user": "tyler", "timestamp": "2025-02-15 11:26", "text": "Anyone wanna do a producer challenge this weekend?"}
{"user": "tyler", "timestamp": "2025-02-15 11:38", "text": "Lofi beats and coffee = perfect combo \u2615\ud83c\udfa7"}
{"user": "chorusqueen", "timestamp": "2025-02-15 11:49", "text": "Created a chill lo-fi playlist to work to \u2615"}
{"type": "system", "user": "system", "timestamp": "2025-02-15 11:54", "text": "lofi_luke has left the jam."}
{"user": "nina", "timestamp": "2025-02-15 12:06", "text": "Just uploaded the stems for the collab project \ud83d\udd25"}
{"user": "lofi_luke", "timestamp": "2025-02-15 12:12", "text": "Anyone use FL Studio here? I need help with automation."}
{"user": "djmax", "timestamp": "2025-02-15 12:20", "text": "I finally got my MIDI keyboard working again \ud83c\udfb9"}
{"user": "alex", "timestamp": "2025-02-15 12:23", "text": "Vocals clipping a bit\u2014might need to re-record \ud83d\udd01"}
{"user": "beatdrop", "timestamp": "2025-02-15 12:30", "text": "My neighbors must love me practicing bass at midnight \ud83d\ude05"}
{"user": "alex", "timestamp": "2025-02-15 12:36", "text": "Shared my new mix in #tracks. Feedback welcome! \ud83c\udfa7"}
{"user": "alex", "timestamp": "2025-02-15 12:40", "text": "Trying to master this track before the weekend \ud83d\udcbd"}
{"user": "emily", "timestamp": "2025-02-15 12:44", "text": "Made a beat with only household items \ud83d\ude02"}
{"user": "melodymike", "timestamp": "2025-02-15 12:53", "text": "Just added some ambient pads to the mix\u2014smooth \ud83c\udf0a"}
{"user": "grace", "timestamp": "2025-02-15 12:55", "text": "Live jam tonight at 8pm\u2014who\u2019s joining? \ud83c\udfa4"}
{"user": "lofi_luke", "timestamp": "2025-02-15 13:03", "text": "Can\u2019t stop looping this beat I made last night \ud83c\udf9b\ufe0f"}
{"user": "lofi_luke", "timestamp": "2025-02-15 13:14", "text": "Starting my weekend with some vinyl spins \ud83c\udfb6"}
{"type": "system", "user": "system", "timestamp": "2025-02-15 13:17", "text": "harmonizer went AFK."}
{"user": "harmonizer", "timestamp": "2025-02-15 13:23", "text": "Those harmonies in the chorus gave me chills \ud83e\uddca"}
{"user": "nina", "timestamp": "2025-02-15 13:28", "text": "The groove on that bassline is unreal \ud83d\ude0d"}
{"user": "beatdrop", "timestamp": "2025-02-15 13:37", "text": "Listening to the new Tame Impala album\u2014SO GOOD \ud83e\udd2f"}
{"user": "harmonizer", "timestamp": "2025-02-15 13:41", "text": "I finally got the timing right on that hi-hat loop \ud83e\udd41"}
{"user": "lofi_luke", "timestamp": "2025-02-15 13:43", "text": "The vibes in that track remind me of Daft Punk \ud83d\udd76\ufe0f"}
{"user": "alex", "timestamp": "2025-02-15 13:46", "text": "S/O to @grace for mixing magic on that last collab \ud83e\ude84"}
{"user": "djmax", "timestamp": "2025-02-15 13:52", "text": "We hit 1K plays on our last track! \ud83d\udd25\ud83d\udd25\ud83d\udd25"}
{"type": "system", "user": "system", "timestamp": "2025-02-15 13:56", "text": "djmax disconnected."}
{"user": "lofi_luke", "timestamp": "2025-02-15 14:02", "text": "Can we do a theme night: 'Only acoustic'? \ud83c\udfb8"}
{"user": "rocknrolla", "timestamp": "2025-02-15 14:11", "text": "I wrote a hook in the shower this morning \ud83d\udebf\ud83c\udfb6"}
{"user": "emily", "timestamp": "2025-02-15 14:22", "text": "Lofi beats and coffee = perfect combo \u2615\ud83c\udfa7"}
{"user": "emily", "timestamp": "2025-02-15 14:27", "text": "Can\u2019t stop looping this beat I made last night \ud83c\udf9b\ufe0f"}
{"user": "sarah", "timestamp": "2025-02-15 14:29", "text": "Trying to master this track before the weekend \ud83d\udcbd"}
{"user": "grace", "timestamp": "2025-02-15 14:38", "text": "S/O to @grace for mixing magic on that last collab \ud83e\ude84"}
{"user": "emily", "timestamp": "2025-02-15 14:42", "text": "What\u2019s your go-to tempo for chill tracks?"}
{"user": "lofi_luke", "timestamp": "2025-02-15 14:47", "text": "Just uploaded the stems for the collab project \ud83d\udd25"}
{"user": "lofi_luke", "timestamp": "2025-02-15 14:56", "text": "S/O to @grace for mixing magic on that last collab \ud83e\ude84"}
{"user": "tyler", "timestamp": "2025-02-15 14:58", "text": "Listening to the new Tame Impala album\u2014SO GOOD \ud83e\udd2f"}
{"user": "tyler", "timestamp": "2025-02-15 15:05", "text": "Can we vote on the next remix contest theme?"}
{"user": "djmax", "timestamp": "2025-02-15 15:08", "text": "The vibes in that track remind me of Daft Punk \ud83d\udd76\ufe0f"}
{"type": "system", "user": "system", "timestamp": "2025-02-15 15:16", "text": "alex went AFK."}
{"user": "tyler", "timestamp": "2025-02-15 15:27", "text": "Those harmonies in the chorus gave me chills \ud83e\uddca"}
{"user": "harmonizer", "timestamp": "2025-02-15 15:39", "text": "Lofi beats and coffee = perfect combo \u2615\ud83c\udfa7"}
{"user": "lofi_luke", "timestamp": "2025-02-15 15:51", "text": "Can we do a theme night: 'Only acoustic'? \ud83c\udfb8"}
{"type": "system", "user": "system", "timestamp": "2025-02-15 15:53", "text": "djmax disconnected."}
{"user": "melodymike", "timestamp": "2025-02-15 15:55", "text": "I wrote a hook in the shower this morning \ud83d\udebf\ud83c\udfb6"}
{"user": "tyler", "timestamp": "2025-02-15 15:59", "text": "My neighbors must love me practicing bass at midnight \ud83d\ude05"}
{"user": "grace", "timestamp": "2025-02-15 16:09", "text": "Anyone use FL Studio here? I need help with automation."}
{"user": "emily", "timestamp": "2025-02-15 16:17", "text": "We hit 1K plays on our last track! \ud83d\udd25\ud83d\udd25\ud83d\udd25"}
{"user": "harmonizer", "timestamp": "2025-02-15 16:19", "text": "The groove on that bassline is unreal \ud83d\ude0d"}
{"type": "system", "user": "system", "timestamp": "2025-02-15 16:21", "text": "melodymike is now online."}
{"type": "system", "user": "system", "timestamp": "2025-02-15 16:25", "text": "chorusqueen has joined the studio."}
{"user": "tyler", "timestamp": "2025-02-15 16:34", "text": "Mic check 1, 2\u2014ready for the open mic session \ud83c\udf99\ufe0f"}
{"user": "nina", "timestamp": "2025-02-15 16:37", "text": "Just added some ambient pads to the mix\u2014smooth \ud83c\udf0a"}
{"user": "nina", "timestamp": "2025-02-15 16:46", "text": "I finally got the timing right on that hi-hat loop \ud83e\udd41"}
{"user": "beatdrop", "timestamp": "2025-02-15 16:48", "text": "S/O to @grace for mixing magic on that last collab \ud83e\ude84"}
{"user": "djmax", "timestamp": "2025-02-15 16:57", "text": "Late night production crew, where you at? \ud83c\udf19"}
{"user": "harmonizer", "timestamp": "2025-02-15 17:04", "text": "Made a beat with only household items \ud83d\ude02"}
{"user": "nina", "timestamp": "2025-02-15 17:16", "text": "I finally got the timing right on that hi-hat loop \ud83e\udd41"}
{"user": "harmonizer", "timestamp": "2025-02-15 17:28", "text": "Anyone use FL Studio here? I need help with automation."}
{"type": "system", "user": "system", "timestamp": "2025-02-15 17:38", "text": "emily went AFK."}
{"user": "lofi_luke", "timestamp": "2025-02-15 17:45", "text": "What\u2019s your go-to tempo for chill tracks?"}
{"user": "tyler", "timestamp": "2025-02-15 17:56", "text": "Mic check 1, 2\u2014ready for the open mic session \ud83c\udf99\ufe0f"}
{"user": "rocknrolla", "timestamp": "2025-02-15 18:00", "text": "Can we do a theme night: 'Only acoustic'? \ud83c\udfb8"}
{"user": "lofi_luke", "timestamp": "2025-02-15 18:01", "text": "Let\u2019s drop our favorite plugins in #tools \ud83e\uddf0"}
{"user": "lofi_luke", "timestamp": "2025-02-15 18:07", "text": "Those harmonies in the chorus gave me chills \ud83e\uddca"}
{"user": "grace", "timestamp": "2025-02-15 18:12", "text": "Just uploaded the stems for the collab project \ud83d\udd25"}
{"user": "harmonizer", "timestamp": "2025-02-15 18:22", "text": "Those harmonies in the chorus gave me chills \ud83e\uddca"}
{"user": "melodymike", "timestamp": "2025-02-15 18:32", "text": "Live jam tonight at 8pm\u2014who\u2019s joining? \ud83c\udfa4"}
{"user": "lofi_luke", "timestamp": "2025-02-15 18:43", "text": "I finally got the timing right on that hi-hat loop \ud83e\udd41"}
{"user": "alex", "timestamp": "2025-02-15 18:54", "text": "Any synthwave fans here? That retro vibe hits different \u2728"}
{"user": "beatdrop", "timestamp": "2025-02-15 18:56", "text": "Created a chill lo-fi playlist to work to \u2615"}
{"user": "grace", "timestamp": "2025-02-15 18:57", "text": "Just added some ambient pads to the mix\u2014smooth \ud83c\udf0a"}
{"user": "nina", "timestamp": "2025-02-15 19:05", "text": "The vibes in that track remind me of Daft Punk \ud83d\udd76\ufe0f"}
{"user": "beatdrop", "timestamp": "2025-02-15 19:11", "text": "Mic check 1, 2\u2014ready for the open mic session \ud83c\udf99\ufe0f"}
{"type": "system", "user": "system", "timestamp": "2025-02-15 19:19", "text": "lofi_luke has left the jam."}
{"type": "system", "user": "system", "timestamp": "2025-02-15 19:24", "text": "harmonizer has joined the studio."}
{"user": "rocknrolla", "timestamp": "2025-02-15 19:31", "text": "Any synthwave fans here? That retro vibe hits different \u2728"}
{"user": "sarah", "timestamp": "2025-02-15 19:41", "text": "Live jam tonight at 8pm\u2014who\u2019s joining? \ud83c\udfa4"}
{"user": "melodymike", "timestamp": "2025-02-15 19:43", "text": "The vibes in that track remind me of Daft Punk \ud83d\udd76\ufe0f"}
{"user": "sarah", "timestamp": "2025-02-15 19:51", "text": "Shared my new mix in #tracks. Feedback welcome! \ud83c\udfa7"}
{"user": "tyler", "timestamp": "2025-02-15 19:53", "text": "Created a chill lo-fi playlist to work to \u2615"}
{"user": "sarah", "timestamp": "2025-02-15 19:59", "text": "We hit 1K plays on our last track! \ud83d\udd25\ud83d\udd25\ud83d\udd25"}
{"user": "lofi_luke", "timestamp": "2025-02-15 20:03", "text": "I finally got my MIDI keyboard working again \ud83c\udfb9"}
{"user": "sarah", "timestamp": "2025-02-15 20:10", "text": "Late night production crew, where you at? \ud83c\udf19"}
{"user": "rocknrolla", "timestamp": "2025-02-15 20:13", "text": "Anyone wanna do a producer challenge this weekend?"}
{"user": "harmonizer", "timestamp": "2025-02-15 20:16", "text": "Created a chill lo-fi playlist to work to \u2615"}
{"user": "beatdrop", "timestamp": "2025-02-15 20:17", "text": "Just added some ambient pads to the mix\u2014smooth \ud83c\udf0a"}
{"user": "emily", "timestamp": "2025-02-15 20:24", "text": "Just uploaded the stems for the collab project \ud83d\udd25"}
{"user": "harmonizer", "timestamp": "2025-02-15 20:31", "text": "Let\u2019s drop our favorite plugins in #tools \ud83e\uddf0"}
{"user": "chorusqueen", "timestamp": "2025-02-15 20:39", "text": "Mic check 1, 2\u2014ready for the open mic session \ud83c\udf99\ufe0f"}
{"user": "emily", "timestamp": "2025-02-15 20:42", "text": "I wrote a hook in the shower this morning \ud83d\udebf\ud83c\udfb6"}
{"user": "beatdrop", "timestamp": "2025-02-15 20:46", "text": "Late night production crew, where you at? \ud83c\udf19"}
{"user": "harmonizer", "timestamp": "2025-02-15 20:54", "text": "Created a chill lo-fi playlist to work to \u2615"}
{"user": "chorusqueen", "timestamp": "2025-02-15 20:55", "text": "Made a beat with only household items \ud83d\ude02"}
{"user": "tyler", "timestamp": "2025-02-15 20:56", "text": "Late night production crew, where you at? \ud83c\udf19"}
{"user": "sarah", "timestamp": "2025-02-15 21:02", "text": "Let\u2019s drop our favorite plugins in #tools \ud83e\uddf0"}
{"type": "system", "user": "system", "timestamp": "2025-02-15 21:09", "text": "chorusqueen went AFK."}
{"user": "tyler", "timestamp": "2025-02-15 21:10", "text": "The vibes in that track remind me of Daft Punk \ud83d\udd76\ufe0f"}
{"user": "alex", "timestamp": "2025-02-15 21:22", "text": "Made a beat with only household items \ud83d\ude02"}
{"user": "lofi_luke", "timestamp": "2025-02-15 21:34", "text": "Can we vote on the next remix contest theme?"}
{"user": "chorusqueen", "timestamp": "2025-02-15 21:44", "text": "I finally got my MIDI keyboard working again \ud83c\udfb9"}
{"user": "chorusqueen", "timestamp": "2025-02-15 21:48", "text": "Let\u2019s drop our favorite plugins in #tools \ud83e\uddf0"}
{"user": "harmonizer", "timestamp": "2025-02-15 21:53", "text": "Can we vote on the next remix contest theme?"}
{"user": "beatdrop", "timestamp": "2025-02-15 22:05", "text": "Anyone wanna do a producer challenge this weekend?"}
{"user": "tyler", "timestamp": "2025-02-15 22:11", "text": "Just added some ambient pads to the mix\u2014smooth \ud83c\udf0a"}
{"type": "system", "user": "system", "timestamp": "2025-02-15 22:20", "text": "tyler has left the jam."}
{"user": "chorusqueen", "timestamp": "2025-02-15 22:32", "text": "Anyone use FL Studio here? I need help with automation."}
{"user": "alex", "timestamp": "2025-02-15 22:34", "text": "Can\u2019t stop looping this beat I made last night \ud83c\udf9b\ufe0f"}
{"user": "chorusqueen", "timestamp": "2025-02-15 22:38", "text": "We hit 1K plays on our last track! \ud83d\udd25\ud83d\udd25\ud83d\udd25"}
{"user": "sarah", "timestamp": "2025-02-15 22:41", "text": "Listening to the new Tame Impala album\u2014SO GOOD \ud83e\udd2f"}
{"user": "djmax", "timestamp": "2025-02-15 22:46", "text": "The groove on that bassline is unreal \ud83d\ude0d"}
{"user": "nina", "timestamp": "2025-02-15 22:58", "text": "Shared my new mix in #tracks. Feedback welcome! \ud83c\udfa7"}
{"user": "alex", "timestamp": "2025-02-15 23:07", "text": "Any synthwave fans here? That retro vibe hits different \u2728"}
{"user": "sarah", "timestamp": "2025-02-15 23:18", "text": "Can we do a theme night: 'Only acoustic'? \ud83c\udfb8"}
{"user": "emily", "timestamp": "2025-02-15 23:26", "text": "Any synthwave fans here? That retro vibe hits different \u2728"}
{"user": "tyler", "timestamp": "2025-02-15 23:27", "text": "Mic check 1, 2\u2014ready for the open mic session \ud83c\udf99\ufe0f"}
{"user": "sarah", "timestamp": "2025-02-15 23:30", "text": "Let\u2019s drop our favorite plugins in #tools \ud83e\uddf0"}
{"user": "lofi_luke", "timestamp": "2025-02-15 23:34", "text": "Vocals clipping a bit\u2014might need to re-record \ud83d\udd01"}
{"user": "lofi_luke", "timestamp": "2025-02-15 23:42", "text": "Lofi beats and coffee = perfect combo \u2615\ud83c\udfa7"}
{"user": "djmax", "timestamp": "2025-02-15 23:48", "text": "Just added some ambient pads to the mix\u2014smooth \ud83c\udf0a"}
{"user": "harmonizer", "timestamp": "2025-02-15 23:49", "text": "I sampled my dog barking and turned it into a snare \ud83d\ude06"}
{"user": "sarah", "timestamp": "2025-02-15 23:57", "text": "Anyone wanna do a producer challenge this weekend?"}
{"user": "beatdrop", "timestamp": "2025-02-16 00:04", "text": "The groove on that bassline is unreal \ud83d\ude0d"}
{"user": "grace", "timestamp": "2025-02-16 00:06", "text": "Mic check 1, 2\u2014ready for the open mic session \ud83c\udf99\ufe0f"}
{"user": "emily", "timestamp": "2025-02-16 00:11", "text": "I finally got my MIDI keyboard working again \ud83c\udfb9"}
{"user": "grace", "timestamp": "2025-02-16 00:17", "text": "Live jam tonight at 8pm\u2014who\u2019s joining? \ud83c\udfa4"}
{"user": "melodymike", "timestamp": "2025-02-16 00:23", "text": "Can we do a theme night: 'Only acoustic'? \ud83c\udfb8"}
{"user": "beatdrop", "timestamp": "2025-02-16 00:27", "text": "Anyone use FL Studio here? I need help with automation."}
{"user": "melodymike", "timestamp": "2025-02-16 00:35", "text": "I finally got the timing right on that hi-hat loop \ud83e\udd41"}
{"user": "lofi_luke", "timestamp": "2025-02-16 00:41", "text": "Can we vote on the next remix contest theme?"}
{"user": "alex", "timestamp": "2025-02-16 00:44", "text": "The vibes in that track remind me of Daft Punk \ud83d\udd76\ufe0f"}
{"type": "system", "user": "system", "timestamp": "2025-02-16 00:48", "text": "djmax has joined the studio."}
{"user": "alex", "timestamp": "2025-02-16 00:56", "text": "Listening to the new Tame Impala album\u2014SO GOOD \ud83e\udd2f"}
{"user": "nina", "timestamp": "2025-02-16 00:59", "text": "Anyone use FL Studio here? I need help with automation."}
{"user": "tyler", "timestamp": "2025-02-16 01:04", "text": "Shared my new mix in #tracks. Feedback welcome! \ud83c\udfa7"}
{"user": "sarah", "timestamp": "2025-02-16 01:14", "text": "I wrote a hook in the shower this morning \ud83d\udebf\ud83c\udfb6"}
{"user": "lofi_luke", "timestamp": "2025-02-16 01:18", "text": "I sampled my dog barking and turned it into a snare \ud83d\ude06"}
{"user": "djmax", "timestamp": "2025-02-16 01:29", "text": "My neighbors must love me practicing bass at midnight \ud83d\ude05"}
{"user": "chorusqueen", "timestamp": "2025-02-16 01:38", "text": "I finally got my MIDI keyboard working again \ud83c\udfb9"}
{"user": "alex", "timestamp": "2025-02-16 01:43", "text": "Made a beat with only household items \ud83d\ude02"}
{"user": "nina", "timestamp": "2025-02-16 01:54", "text": "We hit 1K plays on our last track! \ud83d\udd25\ud83d\udd25\ud83d\udd25"}
{"user": "rocknrolla", "timestamp": "2025-02-16 02:01", "text": "Anyone use FL Studio here? I need help with automation."}
{"user": "chorusqueen", "timestamp": "2025-02-16 02:13", "text": "I wrote a hook in the shower this morning \ud83d\udebf\ud83c\udfb6"}
{"user": "emily", "timestamp": "2025-02-16 02:15", "text": "Trying to master this track before the weekend \ud83d\udcbd"}
{"user": "lofi_luke", "timestamp": "2025-02-16 02:27", "text": "I wrote a hook in the shower this morning \ud83d\udebf\ud83c\udfb6"}
{"type": "system", "user": "system", "timestamp": "2025-02-16 02:39", "text": "djmax is now online."}
{"user": "alex", "timestamp": "2025-02-16 02:42", "text": "Vocals clipping a bit\u2014might need to re-record \ud83d\udd01"}
{"user": "nina", "timestamp": "2025-02-16 02:44", "text": "Can\u2019t stop looping this beat I made last night \ud83c\udf9b\ufe0f"}
{"type": "system", "user": "system", "timestamp": "2025-02-16 02:52", "text": "alex went AFK."}
{"user": "tyler", "timestamp": "2025-02-16 02:53", "text": "Anyone use FL Studio here? I need help with automation."}
{"user": "lofi_luke", "timestamp": "2025-02-16 02:56", "text": "Live jam tonight at 8pm\u2014who\u2019s joining? \ud83c\udfa4"}
{"type": "system", "user": "system", "timestamp": "2025-02-16 03:00", "text": "tyler has joined the studio."}
{"type": "system", "user": "system", "timestamp": "2025-02-16 03:06", "text": "sarah reconnected."}
{"user": "emily", "timestamp": "2025-02-16 03:18", "text": "Let\u2019s drop our favorite plugins in #tools \ud83e\uddf0"}
{"user": "sarah", "timestamp": "2025-02-16 03:19", "text": "Just added some ambient pads to the mix\u2014smooth \ud83c\udf0a"}
{"user": "melodymike", "timestamp": "2025-02-16 03:24", "text": "Those harmonies in the chorus gave me chills \ud83e\uddca"}
{"user": "tyler", "timestamp": "2025-02-16 03:29", "text": "Mic check 1, 2\u2014ready for the open mic session \ud83c\udf99\ufe0f"}
{"user": "tyler", "timestamp": "2025-02-16 03:39", "text": "Can we do a theme night: 'Only acoustic'? \ud83c\udfb8"}
{"user": "emily", "timestamp": "2025-02-16 03:49", "text": "We hit 1K plays on our last track! \ud83d\udd25\ud83d\udd25\ud83d\udd25"}
{"type": "system", "user": "system", "timestamp": "2025-02-16 03:50", "text": "harmonizer went AFK."}
{"user": "rocknrolla", "timestamp": "2025-02-16 04:02", "text": "Trying to master this track before the weekend \ud83d\udcbd"}
{"user": "chorusqueen", "timestamp": "2025-02-16 04:03", "text": "Just added some ambient pads to the mix\u2014smooth \ud83c\udf0a"}
{"user": "harmonizer", "timestamp": "2025-02-16 04:05", "text": "Those harmonies in the chorus gave me chills \ud83e\uddca"}
{"user": "nina", "timestamp": "2025-02-16 04:17", "text": "Shared my new mix in #tracks. Feedback welcome! \ud83c\udfa7"}
{"user": "emily", "timestamp": "2025-02-16 04:25", "text": "I wrote a hook in the shower this morning \ud83d\udebf\ud83c\udfb6"}
{"type": "system", "user": "system", "timestamp": "2025-02-16 04:36", "text": "grace has left the jam."}
{"user": "beatdrop", "timestamp": "2025-02-16 04:39", "text": "I sampled my dog barking and turned it into a snare \ud83d\ude06"}
{"user": "grace", "timestamp": "2025-02-16 04:48", "text": "Made a beat with only household items \ud83d\ude02"}
{"user": "djmax", "timestamp": "2025-02-16 04:52", "text": "Any synthwave fans here? That retro vibe hits different \u2728"}
{"user": "harmonizer", "timestamp": "2025-02-16 04:59", "text": "I finally got the timing right on that hi-hat loop \ud83e\udd41"}
{"user": "harmonizer", "timestamp": "2025-02-16 05:00", "text": "Starting my weekend with some vinyl spins \ud83c\udfb6"}
{"user": "emily", "timestamp": "2025-02-16 05:06", "text": "Made a beat with only household items \ud83d\ude02"}
{"user": "beatdrop", "timestamp": "2025-02-16 05:08", "text": "Just added some ambient pads to the mix\u2014smooth \ud83c\udf0a"}
{"user": "grace", "timestamp": "2025-02-16 05:14", "text": "Made a beat with only household items \ud83d\ude02"}
{"user": "grace", "timestamp": "2025-02-16 05:22", "text": "I wrote a hook in the shower this morning \ud83d\udebf\ud83c\udfb6"}
{"user": "beatdrop", "timestamp": "2025-02-16 05:26", "text": "My neighbors must love me practicing bass at midnight \ud83d\ude05"}
{"user": "melodymike", "timestamp": "2025-02-16 05:30", "text": "Can we do a theme night: 'Only acoustic'? \ud83c\udfb8"}
{"user": "harmonizer", "timestamp": "2025-02-16 05:40", "text": "The vibes in that track remind me of Daft Punk \ud83d\udd76\ufe0f"}
{"type": "system", "user": "system", "timestamp": "2025-02-16 05:49", "text": "nina is now online."}
{"user": "grace", "timestamp": "2025-02-16 06:00", "text": "Starting my weekend with some vinyl spins \ud83c\udfb6"}
{"user": "sarah", "timestamp": "2025-02-16 06:02", "text": "Anyone wanna do a producer challenge this weekend?"}
{"user": "melodymike", "timestamp": "2025-02-16 06:14", "text": "We hit 1K plays on our last track! \ud83d\udd25\ud83d\udd25\ud83d\udd25"}
{"user": "djmax", "timestamp": "2025-02-16 06:24", "text": "Listening to the new Tame Impala album\u2014SO GOOD \ud83e\udd2f"}
{"user": "grace", "timestamp": "2025-02-16 06:28", "text": "The groove on that bassline is unreal \ud83d\ude0d"}
{"user": "nina", "timestamp": "2025-02-16 06:38", "text": "What\u2019s your go-to tempo for chill tracks?"}
{"user": "rocknrolla", "timestamp": "2025-02-16 06:50", "text": "What\u2019s your go-to tempo for chill tracks?"}
{"user": "melodymike", "timestamp": "2025-02-16 06:53", "text": "Trying to master this track before the weekend \ud83d\udcbd"}
{"user": "lofi_luke", "timestamp": "2025-02-16 07:04", "text": "Can we vote on the next remix contest theme?"}
{"user": "harmonizer", "timestamp": "2025-02-16 07:07", "text": "Lofi beats and coffee = perfect combo \u2615\ud83c\udfa7"}
{"user": "beatdrop", "timestamp": "2025-02-16 07:08", "text": "Mic check 1, 2\u2014ready for the open mic session \ud83c\udf99\ufe0f"}
{"user": "grace", "timestamp": "2025-02-16 07:11", "text": "I sampled my dog barking and turned it into a snare \ud83d\ude06"}
{"user": "grace", "timestamp": "2025-02-16 07:15", "text": "Mic check 1, 2\u2014ready for the open mic session \ud83c\udf99\ufe0f"}
{"user": "sarah", "timestamp": "2025-02-16 07:22", "text": "Any synthwave fans here? That retro vibe hits different \u2728"}
{"user": "sarah", "timestamp": "2025-02-16 07:24", "text": "Anyone use FL Studio here? I need help with automation."}
{"user": "grace", "timestamp": "2025-02-16 07:32", "text": "I sampled my dog barking and turned it into a snare \ud83d\ude06"}
{"user": "beatdrop", "timestamp": "2025-02-16 07:33", "text": "Vocals clipping a bit\u2014might need to re-record \ud83d\udd01"}
{"user": "lofi_luke", "timestamp": "2025-02-16 07:39", "text": "Lofi beats and coffee = perfect combo \u2615\ud83c\udfa7"}
{"user": "melodymike", "timestamp": "2025-02-16 07:44", "text": "I finally got my MIDI keyboard working again \ud83c\udfb9"}
{"user": "djmax", "timestamp": "2025-02-16 07:54", "text": "Can we vote on the next remix contest theme?"}
{"user": "alex", "timestamp": "2025-02-16 08:06", "text": "Trying to master this track before the weekend \ud83d\udcbd"}
{"user": "nina", "timestamp": "2025-02-16 08:10", "text": "I finally got the timing right on that hi-hat loop \ud83e\udd41"}
{"user": "tyler", "timestamp": "2025-02-16 08:15", "text": "Live jam tonight at 8pm\u2014who\u2019s joining? \ud83c\udfa4"}
{"user": "grace", "timestamp": "2025-02-16 08:22", "text": "Can we vote on the next remix contest theme?"}
{"user": "nina", "timestamp": "2025-02-16 08:26", "text": "I wrote a hook in the shower this morning \ud83d\udebf\ud83c\udfb6"}
{"user": "alex", "timestamp": "2025-02-16 08:32", "text": "The groove on that bassline is unreal \ud83d\ude0d"}
{"type": "system", "user": "system", "timestamp": "2025-02-16 08:41", "text": "alex has joined the studio."}
{"user": "rocknrolla", "timestamp": "2025-02-16 08:43", "text": "Made a beat with only household items \ud83d\ude02"}
{"user": "djmax", "timestamp": "2025-02-16 08:50", "text": "Anyone wanna do a producer challenge this weekend?"}
{"user": "alex", "timestamp": "2025-02-16 08:59", "text": "Just added some ambient pads to the mix\u2014smooth \ud83c\udf0a"}
{"user": "djmax", "timestamp": "2025-02-16 09:08", "text": "Just uploaded the stems for the collab project \ud83d\udd25"}
{"user": "alex", "timestamp": "2025-02-16 09:14", "text": "I finally got the timing right on that hi-hat loop \ud83e\udd41"}
{"user": "harmonizer", "timestamp": "2025-02-16 09:16", "text": "Can\u2019t stop looping this beat I made last night \ud83c\udf9b\ufe0f"}
{"type": "system", "user": "system", "timestamp": "2025-02-16 09:22", "text": "rocknrolla has joined the studio."}
{"user": "sarah", "timestamp": "2025-02-16 09:23", "text": "Lofi beats and coffee = perfect combo \u2615\ud83c\udfa7"}
{"user": "harmonizer", "timestamp": "2025-02-16 09:32", "text": "Just uploaded the stems for the collab project \ud83d\udd25"}
{"user": "beatdrop", "timestamp": "2025-02-16 09:43", "text": "What\u2019s your go-to tempo for chill tracks?"}
{"user": "sarah", "timestamp": "2025-02-16 09:53", "text": "Trying to master this track before the weekend \ud83d\udcbd"}
{"user": "nina", "timestamp": "2025-02-16 09:58", "text": "Just added some ambient pads to the mix\u2014smooth \ud83c\udf0a"}
{"user": "rocknrolla", "timestamp": "2025-02-16 10:08", "text": "Made a beat with only household items \ud83d\ude02"}
{"type": "system", "user": "system", "timestamp": "2025-02-16 10:10", "text": "grace has joined the studio."}
{"user": "nina", "timestamp": "2025-02-16 10:20", "text": "I finally got the timing right on that hi-hat loop \ud83e\udd41"}
{"user": "djmax", "timestamp": "2025-02-16 10:22", "text": "Listening to the new Tame Impala album\u2014SO GOOD \ud83e\udd2f"}
{"user": "beatdrop", "timestamp": "2025-02-16 10:33", "text": "S/O to @grace for mixing magic on that last collab \ud83e\ude84"}
{"user": "sarah", "timestamp": "2025-02-16 10:39", "text": "The groove on that bassline is unreal \ud83d\ude0d"}
{"user": "lofi_luke", "timestamp": "2025-02-16 10:45", "text": "My neighbors must love me practicing bass at midnight \ud83d\ude05"}
{"user": "beatdrop", "timestamp": "2025-02-16 10:57", "text": "The vibes in that track remind me of Daft Punk \ud83d\udd76\ufe0f"}
{"type": "system", "user": "system", "timestamp": "2025-02-16 11:04", "text": "nina has left the jam."}
{"user": "harmonizer", "timestamp": "2025-02-16 11:05", "text": "We hit 1K plays on our last track! \ud83d\udd25\ud83d\udd25\ud83d\udd25"}
{"user": "alex", "timestamp": "2025-02-16 11:15", "text": "S/O to @grace for mixing magic on that last collab \ud83e\ude84"}
{"user": "beatdrop", "timestamp": "2025-02-16 11:22", "text": "What\u2019s your go-to tempo for chill tracks?"}
{"user": "grace", "timestamp": "2025-02-16 11:33", "text": "Can\u2019t stop looping this beat I made last night \ud83c\udf9b\ufe0f"}
{"user": "grace", "timestamp": "2025-02-16 11:35", "text": "Lofi beats and coffee = perfect combo \u2615\ud83c\udfa7"}
{"user": "alex", "timestamp": "2025-02-16 11:37", "text": "We hit 1K plays on our last track! \ud83d\udd25\ud83d\udd25\ud83d\udd25"}
{"user": "grace", "timestamp": "2025-02-16 11:46", "text": "Anyone use FL Studio here? I need help with automation."}
{"user": "beatdrop", "timestamp": "2025-02-16 11:56", "text": "Vocals clipping a bit\u2014might need to re-record \ud83d\udd01"}
{"type": "system", "user": "system", "timestamp": "2025-02-16 11:57", "text": "emily reconnected."}
{"user": "beatdrop", "timestamp": "2025-02-16 12:01", "text": "Late night production crew, where you at? \ud83c\udf19"}
{"user": "rocknrolla", "timestamp": "2025-02-16 12:09", "text": "Listening to the new Tame Impala album\u2014SO GOOD \ud83e\udd2f"}
{"user": "emily", "timestamp": "2025-02-16 12:19", "text": "We hit 1K plays on our last track! \ud83d\udd25\ud83d\udd25\ud83d\udd25"}
{"user": "melodymike", "timestamp": "2025-02-16 12:25", "text": "Let\u2019s drop our favorite plugins in #tools \ud83e\uddf0"}
{"user": "harmonizer", "timestamp": "2025-02-16 12:34", "text": "The vibes in that track remind me of Daft Punk \ud83d\udd76\ufe0f"}
{"user": "sarah", "timestamp": "2025-02-16 12:40", "text": "What\u2019s your go-to tempo for chill tracks?"}
{"user": "djmax", "timestamp": "2025-02-16 12:45", "text": "I finally got my MIDI keyboard working again \ud83c\udfb9"}
{"type": "system", "user": "system", "timestamp": "2025-02-16 12:57", "text": "nina disconnected."}
{"user": "djmax", "timestamp": "2025-02-16 13:08", "text": "Starting my weekend with some vinyl spins \ud83c\udfb6"}
{"type": "system", "user": "system", "timestamp": "2025-02-16 13:15", "text": "djmax went AFK."}
{"user": "nina", "timestamp": "2025-02-16 13:21", "text": "Anyone use FL Studio here? I need help with automation."}
{"user": "sarah", "timestamp": "2025-02-16 13:33", "text": "Just added some ambient pads to the mix\u2014smooth \ud83c\udf0a"}
{"user": "chorusqueen", "timestamp": "2025-02-16 13:36", "text": "The groove on that bassline is unreal \ud83d\ude0d"}
{"type": "system", "user": "system", "timestamp": "2025-02-16 13:43", "text": "melodymike has left the jam."}
{"user": "djmax", "timestamp": "2025-02-16 13:53", "text": "I finally got my MIDI keyboard working again \ud83c\udfb9"}
{"user": "sarah", "timestamp": "2025-02-16 13:56", "text": "The vibes in that track remind me of Daft Punk \ud83d\udd76\ufe0f"}
{"user": "grace", "timestamp": "2025-02-16 14:03", "text": "Live jam tonight at 8pm\u2014who\u2019s joining? \ud83c\udfa4"}
{"user": "tyler", "timestamp": "2025-02-16 14:08", "text": "Can\u2019t stop looping this beat I made last night \ud83c\udf9b\ufe0f"}
{"user": "djmax", "timestamp": "2025-02-16 14:11", "text": "Late night production crew, where you at? \ud83c\udf19"}
{"user": "lofi_luke", "timestamp": "2025-02-16 14:16", "text": "Those harmonies in the chorus gave me chills \ud83e\uddca"}
{"user": "djmax", "timestamp": "2025-02-16 14:21", "text": "Anyone wanna do a producer challenge this weekend?"}
{"user": "djmax", "timestamp": "2025-02-16 14:28", "text": "We hit 1K plays on our last track! \ud83d\udd25\ud83d\udd25\ud83d\udd25"}
{"user": "harmonizer", "timestamp": "2025-02-16 14:29", "text": "Vocals clipping a bit\u2014might need to re-record \ud83d\udd01"}
{"type": "system", "user": "system", "timestamp": "2025-02-16 14:32", "text": "sarah went AFK."}
{"user": "beatdrop", "timestamp": "2025-02-16 14:35", "text": "Trying to master this track before the weekend \ud83d\udcbd"}
{"user": "harmonizer", "timestamp": "2025-02-16 14:43", "text": "Lofi beats and coffee = perfect combo \u2615\ud83c\udfa7"}
{"user": "tyler", "timestamp": "2025-02-16 14:46", "text": "Just uploaded the stems for the collab project \ud83d\udd25"}
{"user": "rocknrolla", "timestamp": "2025-02-16 14:53", "text": "I sampled my dog barking and turned it into a snare \ud83d\ude06"}
{"user": "chorusqueen", "timestamp": "2025-02-16 15:04", "text": "I finally got the timing right on that hi-hat loop \ud83e\udd41"}
{"user": "nina", "timestamp": "2025-02-16 15:12", "text": "My neighbors must love me practicing bass at midnight \ud83d\ude05"}
{"user": "alex", "timestamp": "2025-02-16 15:20", "text": "Can we vote on the next remix contest theme?"}
{"user": "emily", "timestamp": "2025-02-16 15:23", "text": "Late night production crew, where you at? \ud83c\udf19"}
{"user": "harmonizer", "timestamp": "2025-02-16 15:26", "text": "Created a chill lo-fi playlist to work to \u2615"}
{"user": "lofi_luke", "timestamp": "2025-02-16 15:37", "text": "I finally got the timing right on that hi-hat loop \ud83e\udd41"}
{"user": "harmonizer", "timestamp": "2025-02-16 15:39", "text": "What\u2019s your go-to tempo for chill tracks?"}
{"user": "harmonizer", "timestamp": "2025-02-16 15:42", "text": "I sampled my dog barking and turned it into a snare \ud83d\ude06"}
{"user": "sarah", "timestamp": "2025-02-16 15:53", "text": "Shared my new mix in #tracks. Feedback welcome! \ud83c\udfa7"}
{"user": "rocknrolla", "timestamp": "2025-02-16 15:57", "text": "Any synthwave fans here? That retro vibe hits different \u2728"}
{"user": "tyler", "timestamp": "2025-02-16 16:02", "text": "Lofi beats and coffee = perfect combo \u2615\ud83c\udfa7"}
{"user": "sarah", "timestamp": "2025-02-16 16:06", "text": "The groove on that bassline is unreal \ud83d\ude0d"}
{"user": "rocknrolla", "timestamp": "2025-02-16 16:07", "text": "Can\u2019t stop looping this beat I made last night \ud83c\udf9b\ufe0f"}
{"user": "emily", "timestamp": "2025-02-16 16:18", "text": "I finally got my MIDI keyboard working again \ud83c\udfb9"}
{"user": "melodymike", "timestamp": "2025-02-16 16:28", "text": "Mic check 1, 2\u2014ready for the open mic session \ud83c\udf99\ufe0f"}
{"type": "system", "user": "system", "timestamp": "2025-02-16 16:31", "text": "emily is now online."}
{"user": "emily", "timestamp": "2025-02-16 16:39", "text": "Those harmonies in the chorus gave me chills \ud83e\uddca"}
{"user": "melodymike", "timestamp": "2025-02-16 16:45", "text": "Anyone use FL Studio here? I need help with automation."}
{"type": "system", "user": "system", "timestamp": "2025-02-16 16:46", "text": "grace disconnected."}
{"user": "chorusqueen", "timestamp": "2025-02-16 16:55", "text": "Can we vote on the next remix contest theme?"}
{"user": "nina", "timestamp": "2025-02-16 17:02", "text": "Let\u2019s drop our favorite plugins in #tools \ud83e\uddf0"}
{"type": "system", "user": "system", "timestamp": "2025-02-16 17:14", "text": "emily reconnected."}
{"user": "beatdrop", "timestamp": "2025-02-16 17:15", "text": "Listening to the new Tame Impala album\u2014SO GOOD \ud83e\udd2f"}
{"type": "system", "user": "system", "timestamp": "2025-02-16 17:19", "text": "lofi_luke has joined the studio."}
{"user": "tyler", "timestamp": "2025-02-16 17:31", "text": "Late night production crew, where you at? \ud83c\udf19"}
{"user": "emily", "timestamp": "2025-02-16 17:37", "text": "S/O to @grace for mixing magic on that last collab \ud83e\ude84"}
{"user": "djmax", "timestamp": "2025-02-16 17:47", "text": "I wrote a hook in the shower this morning \ud83d\udebf\ud83c\udfb6"}
{"user": "rocknrolla", "timestamp": "2025-02-16 17:54", "text": "Starting my weekend with some vinyl spins \ud83c\udfb6"}
{"user": "djmax", "timestamp": "2025-02-16 18:05", "text": "Listening to the new Tame Impala album\u2014SO GOOD \ud83e\udd2f"}
{"type": "system", "user": "system", "timestamp": "2025-02-16 18:09", "text": "lofi_luke has joined the studio."}
{"user": "chorusqueen", "timestamp": "2025-02-16 18:16", "text": "Let\u2019s drop our favorite plugins in #tools \ud83e\uddf0"}
{"type": "system", "user": "system", "timestamp": "2025-02-16 18:28", "text": "rocknrolla has left the jam."}
{"user": "melodymike", "timestamp": "2025-02-16 18:39", "text": "Vocals clipping a bit\u2014might need to re-record \ud83d\udd01"}
{"user": "grace", "timestamp": "2025-02-16 18:50", "text": "Anyone use FL Studio here? I need help with automation."}
{"user": "lofi_luke", "timestamp": "2025-02-16 18:57", "text": "My neighbors must love me practicing bass at midnight \ud83d\ude05"}
{"user": "djmax", "timestamp": "2025-02-16 19:00", "text": "Listening to the new Tame Impala album\u2014SO GOOD \ud83e\udd2f"}
{"user": "djmax", "timestamp": "2025-02-16 19:09", "text": "I finally got my MIDI keyboard working again \ud83c\udfb9"}
{"user": "nina", "timestamp": "2025-02-16 19:18", "text": "Just uploaded the stems for the collab project \ud83d\udd25"}
{"user": "harmonizer", "timestamp": "2025-02-16 19:29", "text": "Vocals clipping a bit\u2014might need to re-record \ud83d\udd01"}
{"user": "melodymike", "timestamp": "2025-02-16 19:31", "text": "What\u2019s your go-to tempo for chill tracks?"}
{"user": "chorusqueen", "timestamp": "2025-02-16 19:34", "text": "The vibes in that track remind me of Daft Punk \ud83d\udd76\ufe0f"}
{"user": "chorusqueen", "timestamp": "2025-02-16 19:45", "text": "Trying to master this track before the weekend \ud83d\udcbd"}
{"user": "harmonizer", "timestamp": "2025-02-16 19:49", "text": "The vibes in that track remind me of Daft Punk \ud83d\udd76\ufe0f"}
{"user": "emily", "timestamp": "2025-02-16 19:52", "text": "We hit 1K plays on our last track! \ud83d\udd25\ud83d\udd25\ud83d\udd25"}
{"user": "sarah", "timestamp": "2025-02-16 20:03", "text": "Late night production crew, where you at? \ud83c\udf19"}
{"user": "rocknrolla", "timestamp": "2025-02-16 20:04", "text": "The groove on that bassline is unreal \ud83d\ude0d"}
{"user": "nina", "timestamp": "2025-02-16 20:14", "text": "Those harmonies in the chorus gave me chills \ud83e\uddca"}
{"user": "harmonizer", "timestamp": "2025-02-16 20:22", "text": "S/O to @grace for mixing magic on that last collab \ud83e\ude84"}
{"user": "tyler", "timestamp": "2025-02-16 20:24", "text": "I wrote a hook in the shower this morning \ud83d\udebf\ud83c\udfb6"}
{"user": "nina", "timestamp": "2025-02-16 20:34", "text": "I sampled my dog barking and turned it into a snare \ud83d\ude06"}
{"user": "nina", "timestamp": "2025-02-16 20:38", "text": "Just uploaded the stems for the collab project \ud83d\udd25"}
{"user": "tyler", "timestamp": "2025-02-16 20:43", "text": "Can we vote on the next remix contest theme?"}
{"user": "melodymike", "timestamp": "2025-02-16 20:46", "text": "Vocals clipping a bit\u2014might need to re-record \ud83d\udd01"}
{"user": "rocknrolla", "timestamp": "2025-02-16 20:58", "text": "What\u2019s your go-to tempo for chill tracks?"}
{"user": "djmax", "timestamp": "2025-02-16 21:00", "text": "Lofi beats and coffee = perfect combo \u2615\ud83c\udfa7"}
{"user": "melodymike", "timestamp": "2025-02-16 21:03", "text": "I finally got the timing right on that hi-hat loop \ud83e\udd41"}
{"user": "alex", "timestamp": "2025-02-16 21:09", "text": "Any synthwave fans here? That retro vibe hits different \u2728"}
{"user": "djmax", "timestamp": "2025-02-16 21:11", "text": "Any synthwave fans here? That retro vibe hits different \u2728"}
{"type": "system", "user": "system", "timestamp": "2025-02-16 21:12", "text": "chorusqueen disconnected."}
{"user": "harmonizer", "timestamp": "2025-02-16 21:19", "text": "Mic check 1, 2\u2014ready for the open mic session \ud83c\udf99\ufe0f"}
{"user": "chorusqueen", "timestamp": "2025-02-16 21:22", "text": "Starting my weekend with some vinyl spins \ud83c\udfb6"}
{"user": "chorusqueen", "timestamp": "2025-02-16 21:33", "text": "Just added some ambient pads to the mix\u2014smooth \ud83c\udf0a"}
{"user": "harmonizer", "timestamp": "2025-02-16 21:45", "text": "Live jam tonight at 8pm\u2014who\u2019s joining? \ud83c\udfa4"}
{"user": "harmonizer", "timestamp": "2025-02-16 21:54", "text": "Mic check 1, 2\u2014ready for the open mic session \ud83c\udf99\ufe0f"}
{"user": "nina", "timestamp": "2025-02-16 22:05", "text": "Shared my new mix in #tracks. Feedback welcome! \ud83c\udfa7"}
{"type": "system", "user": "system", "timestamp": "2025-02-16 22:14", "text": "nina has left the jam."}
{"user": "chorusqueen", "timestamp": "2025-02-16 22:17", "text": "Shared my new mix in #tracks. Feedback welcome! \ud83c\udfa7"}
{"user": "tyler", "timestamp": "2025-02-16 22:25", "text": "I wrote a hook in the shower this morning \ud83d\udebf\ud83c\udfb6"}
{"user": "alex", "timestamp": "2025-02-16 22:31", "text": "We hit 1K plays on our last track! \ud83d\udd25\ud83d\udd25\ud83d\udd25"}
{"user": "alex", "timestamp": "2025-02-16 22:33", "text": "Can we vote on the next remix contest theme?"}
{"user": "lofi_luke", "timestamp": "2025-02-16 22:39", "text": "Listening to the new Tame Impala album\u2014SO GOOD \ud83e\udd2f"}
{"user": "chorusqueen", "timestamp": "2025-02-16 22:47", "text": "Those harmonies in the chorus gave me chills \ud83e\uddca"}
{"type": "system", "user": "system", "timestamp": "2025-02-16 22:54", "text": "emily has left the jam."}
{"type": "system", "user": "system", "timestamp": "2025-02-16 22:58", "text": "lofi_luke has joined the studio."}
{"type": "system", "user": "system", "timestamp": "2025-02-16 23:07", "text": "rocknrolla disconnected."}
{"user": "rocknrolla", "timestamp": "2025-02-16 23:12", "text": "Created a chill lo-fi playlist to work to \u2615"}
{"type": "system", "user": "system", "timestamp": "2025-02-16 23:16", "text": "grace disconnected."}
{"user": "harmonizer", "timestamp": "2025-02-16 23:26", "text": "S/O to @grace for mixing magic on that last collab \ud83e\ude84"}
{"user": "harmonizer", "timestamp": "2025-02-16 23:37", "text": "I wrote a hook in the shower this morning \ud83d\udebf\ud83c\udfb6"}
{"type": "system", "user": "system", "timestamp": "2025-02-16 23:44", "text": "harmonizer went AFK."}
{"user": "alex", "timestamp": "2025-02-16 23:48", "text": "My neighbors must love me practicing bass at midnight \ud83d\ude05"}
{"user": "harmonizer", "timestamp": "2025-02-16 23:57", "text": "Anyone wanna do a producer challenge this weekend?"}
{"user": "grace", "timestamp": "2025-02-17 00:04", "text": "Mic check 1, 2\u2014ready for the open mic session \ud83c\udf99\ufe0f"}
{"user": "sarah", "timestamp": "2025-02-17 00:05", "text": "Anyone use FL Studio here? I need help with automation."}
{"user": "beatdrop", "timestamp": "2025-02-17 00:17", "text": "Live jam tonight at 8pm\u2014who\u2019s joining? \ud83c\udfa4"}
{"user": "nina", "timestamp": "2025-02-17 00:27", "text": "Starting my weekend with some vinyl spins \ud83c\udfb6"}
{"user": "sarah", "timestamp": "2025-02-17 00:38", "text": "The vibes in that track remind me of Daft Punk \ud83d\udd76\ufe0f"}
{"user": "harmonizer", "timestamp": "2025-02-17 00:44", "text": "Those harmonies in the chorus gave me chills \ud83e\uddca"}
{"user": "chorusqueen", "timestamp": "2025-02-17 00:53", "text": "Late night production crew, where you at? \ud83c\udf19"}
{"user": "chorusqueen", "timestamp": "2025-02-17 00:54", "text": "Starting my weekend with some vinyl spins \ud83c\udfb6"}
{"user": "tyler", "timestamp": "2025-02-17 01:00", "text": "The vibes in that track remind me of Daft Punk \ud83d\udd76\ufe0f"}
{"user": "grace", "timestamp": "2025-02-17 01:11", "text": "Can we do a theme night: 'Only acoustic'? \ud83c\udfb8"}
{"user": "alex", "timestamp": "2025-02-17 01:16", "text": "Lofi beats and coffee = perfect combo \u2615\ud83c\udfa7"}
{"user": "beatdrop", "timestamp": "2025-02-17 01:20", "text": "I sampled my dog barking and turned it into a snare \ud83d\ude06"}
{"user": "tyler", "timestamp": "2025-02-17 01:27", "text": "I wrote a hook in the shower this morning \ud83d\udebf\ud83c\udfb6"}
{"type": "system", "user": "system", "timestamp": "2025-02-17 01:37", "text": "nina has left the jam."}
{"user": "beatdrop", "timestamp": "2025-02-17 01:45", "text": "I finally got my MIDI keyboard working again \ud83c\udfb9"}
{"user": "emily", "timestamp": "2025-02-17 01:48", "text": "Mic check 1, 2\u2014ready for the open mic session \ud83c\udf99\ufe0f"}
{"user": "nina", "timestamp": "2025-02-17 01:58", "text": "Shared my new mix in #tracks. Feedback welcome! \ud83c\udfa7"}
{"user": "nina", "timestamp": "2025-02-17 02:06", "text": "We hit 1K plays on our last track! \ud83d\udd25\ud83d\udd25\ud83d\udd25"}
{"user": "sarah", "timestamp": "2025-02-17 02:14", "text": "Let\u2019s drop our favorite plugins in #tools \ud83e\uddf0"}
{"user": "tyler", "timestamp": "2025-02-17 02:16", "text": "Let\u2019s drop our favorite plugins in #tools \ud83e\uddf0"}
{"user": "nina", "timestamp": "2025-02-17 02:27", "text": "Created a chill lo-fi playlist to work to \u2615"}
{"user": "grace", "timestamp": "2025-02-17 02:36", "text": "We hit 1K plays on our last track! \ud83d\udd25\ud83d\udd25\ud83d\udd25"}
{"user": "beatdrop", "timestamp": "2025-02-17 02:39", "text": "Just added some ambient pads to the mix\u2014smooth \ud83c\udf0a"}
{"user": "rocknrolla", "timestamp": "2025-02-17 02:48", "text": "Can we do a theme night: 'Only acoustic'? \ud83c\udfb8"}
{"user": "djmax", "timestamp": "2025-02-17 02:59", "text": "Anyone wanna do a producer challenge this weekend?"}
{"type": "system", "user": "system", "timestamp": "2025-02-17 03:02", "text": "alex went AFK."}
{"user": "melodymike", "timestamp": "2025-02-17 03:03", "text": "Created a chill lo-fi playlist to work to \u2615"}
{"type": "system", "user": "system", "timestamp": "2025-02-17 03:13", "text": "chorusqueen went AFK."}
{"user": "grace", "timestamp": "2025-02-17 03:15", "text": "Can\u2019t stop looping this beat I made last night \ud83c\udf9b\ufe0f"}
{"type": "system", "user": "system", "timestamp": "2025-02-17 03:24", "text": "nina disconnected."}
{"user": "rocknrolla", "timestamp": "2025-02-17 03:30", "text": "Can\u2019t stop looping this beat I made last night \ud83c\udf9b\ufe0f"}
{"user": "tyler", "timestamp": "2025-02-17 03:40", "text": "Let\u2019s drop our favorite plugins in #tools \ud83e\uddf0"}
{"user": "lofi_luke", "timestamp": "2025-02-17 03:49", "text": "Can\u2019t stop looping this beat I made last night \ud83c\udf9b\ufe0f"}
{"user": "nina", "timestamp": "2025-02-17 03:59", "text": "Just uploaded the stems for the collab project \ud83d\udd25"}
{"user": "nina", "timestamp": "2025-02-17 04:01", "text": "What\u2019s your go-to tempo for chill tracks?"}
{"user": "melodymike", "timestamp": "2025-02-17 04:08", "text": "Live jam tonight at 8pm\u2014who\u2019s joining? \ud83c\udfa4"}
{"type": "system", "user": "system", "timestamp": "2025-02-17 04:17", "text": "rocknrolla went AFK."}
{"user": "harmonizer", "timestamp": "2025-02-17 04:28", "text": "My neighbors must love me practicing bass at midnight \ud83d\ude05"}
{"user": "rocknrolla", "timestamp": "2025-02-17 04:36", "text": "The vibes in that track remind me of Daft Punk \ud83d\udd76\ufe0f"}
{"user": "rocknrolla", "timestamp": "2025-02-17 04:41", "text": "Anyone wanna do a producer challenge this weekend?"}
{"user": "harmonizer", "timestamp": "2025-02-17 04:46", "text": "Late night production crew, where you at? \ud83c\udf19"}
{"user": "beatdrop", "timestamp": "2025-02-17 04:52", "text": "Mic check 1, 2\u2014ready for the open mic session \ud83c\udf99\ufe0f"}
{"type": "system", "user": "system", "timestamp": "2025-02-17 05:03", "text": "alex has left the jam."}
{"user": "alex", "timestamp": "2025-02-17 05:14", "text": "The groove on that bassline is unreal \ud83d\ude0d"}
{"type": "system", "user": "system", "timestamp": "2025-02-17 05:24", "text": "rocknrolla has left the jam."}
{"user": "tyler", "timestamp": "2025-02-17 05:31", "text": "Starting my weekend with some vinyl spins \ud83c\udfb6"}
{"user": "alex", "timestamp": "2025-02-17 05:33", "text": "Shared my new mix in #tracks. Feedback welcome! \ud83c\udfa7"}
{"user": "djmax", "timestamp": "2025-02-17 05:44", "text": "I finally got the timing right on that hi-hat loop \ud83e\udd41"}
{"user": "sarah", "timestamp": "2025-02-17 05:49", "text": "I finally got my MIDI keyboard working again \ud83c\udfb9"}
{"user": "melodymike", "timestamp": "2025-02-17 05:55", "text": "Trying to master this track before the weekend \ud83d\udcbd"}
{"user": "beatdrop", "timestamp": "2025-02-17 06:06", "text": "Can we do a theme night: 'Only acoustic'? \ud83c\udfb8"}
{"user": "beatdrop", "timestamp": "2025-02-17 06:08", "text": "Any synthwave fans here? That retro vibe hits different \u2728"}
{"user": "sarah", "timestamp": "2025-02-17 06:20", "text": "Trying to master this track before the weekend \ud83d\udcbd"}
{"type": "system", "user": "system", "timestamp": "2025-02-17 06:25", "text": "rocknrolla reconnected."}
{"user": "melodymike", "timestamp": "2025-02-17 06:26", "text": "Lofi beats and coffee = perfect combo \u2615\ud83c\udfa7"}
{"type": "system", "user": "system", "timestamp": "2025-02-17 06:33", "text": "rocknrolla has left the jam."}
{"user": "grace", "timestamp": "2025-02-17 06:40", "text": "Anyone use FL Studio here? I need help with automation."}
{"user": "grace", "timestamp": "2025-02-17 06:51", "text": "Mic check 1, 2\u2014ready for the open mic session \ud83c\udf99\ufe0f"}
{"user": "djmax", "timestamp": "2025-02-17 07:01", "text": "Made a beat with only household items \ud83d\ude02"}
{"user": "emily", "timestamp": "2025-02-17 07:12", "text": "Created a chill lo-fi playlist to work to \u2615"}
{"user": "beatdrop", "timestamp": "2025-02-17 07:13", "text": "Made a beat with only household items \ud83d\ude02"}
{"type": "system", "user": "system", "timestamp": "2025-02-17 07:20", "text": "alex has joined the studio."}
{"user": "emily", "timestamp": "2025-02-17 07:29", "text": "Mic check 1, 2\u2014ready for the open mic session \ud83c\udf99\ufe0f"}
{"user": "harmonizer", "timestamp": "2025-02-17 07:36", "text": "I sampled my dog barking and turned it into a snare \ud83d\ude06"}
{"user": "chorusqueen", "timestamp": "2025-02-17 07:44", "text": "Trying to master this track before the weekend \ud83d\udcbd"}
{"user": "emily", "timestamp": "2025-02-17 07:54", "text": "Can we do a theme night: 'Only acoustic'? \ud83c\udfb8"}
{"user": "lofi_luke", "timestamp": "2025-02-17 07:57", "text": "The vibes in that track remind me of Daft Punk \ud83d\udd76\ufe0f"}
{"user": "lofi_luke", "timestamp": "2025-02-17 08:02", "text": "S/O to @grace for mixing magic on that last collab \ud83e\ude84"}
{"user": "rocknrolla", "timestamp": "2025-02-17 08:12", "text": "We hit 1K plays on our last track! \ud83d\udd25\ud83d\udd25\ud83d\udd25"}
{"user": "chorusqueen", "timestamp": "2025-02-17 08:21", "text": "Those harmonies in the chorus gave me chills \ud83e\uddca"}
{"user": "rocknrolla", "timestamp": "2025-02-17 08:32", "text": "Just added some ambient pads to the mix\u2014smooth \ud83c\udf0a"}
{"user": "sarah", "timestamp": "2025-02-17 08:33", "text": "Made a beat with only household items \ud83d\ude02"}
{"type": "system", "user": "system", "timestamp": "2025-02-17 08:39", "text": "djmax reconnected."}
{"type": "system", "user": "system", "timestamp": "2025-02-17 08:43", "text": "melodymike reconnected."}
{"user": "tyler", "timestamp": "2025-02-17 08:48", "text": "Listening to the new Tame Impala album\u2014SO GOOD \ud83e\udd2f"}
{"user": "lofi_luke", "timestamp": "2025-02-17 08:57", "text": "Can\u2019t stop looping this beat I made last night \ud83c\udf9b\ufe0f"}
{"user": "djmax", "timestamp": "2025-02-17 09:07", "text": "Created a chill lo-fi playlist to work to \u2615"}
{"type": "system", "user": "system", "timestamp": "2025-02-17 09:18", "text": "rocknrolla is now online."}
{"type": "system", "user": "system", "timestamp": "2025-02-17 09:27", "text": "lofi_luke reconnected."}
{"user": "tyler", "timestamp": "2025-02-17 09:37", "text": "The vibes in that track remind me of Daft Punk \ud83d\udd76\ufe0f"}
{"user": "chorusqueen", "timestamp": "2025-02-17 09:47", "text": "Just uploaded the stems for the collab project \ud83d\udd25"}
{"user": "djmax", "timestamp": "2025-02-17 09:52", "text": "My neighbors must love me practicing bass at midnight \ud83d\ude05"}
{"user": "nina", "timestamp": "2025-02-17 09:55", "text": "Mic check 1, 2\u2014ready for the open mic session \ud83c\udf99\ufe0f"}
{"user": "nina", "timestamp": "2025-02-17 10:04", "text": "Just uploaded the stems for the collab project \ud83d\udd25"}
{"user": "grace", "timestamp": "2025-02-17 10:07", "text": "What\u2019s your go-to tempo for chill tracks?"}
{"user": "tyler", "timestamp": "2025-02-17 10:13", "text": "Made a beat with only household items \ud83d\ude02"}
{"user": "lofi_luke", "timestamp": "2025-02-17 10:24", "text": "Anyone use FL Studio here? I need help with automation."}
{"user": "beatdrop", "timestamp": "2025-02-17 10:35", "text": "We hit 1K plays on our last track! \ud83d\udd25\ud83d\udd25\ud83d\udd25"}
{"user": "emily", "timestamp": "2025-02-17 10:38", "text": "I sampled my dog barking and turned it into a snare \ud83d\ude06"}
{"user": "harmonizer", "timestamp": "2025-02-17 10:43", "text": "Trying to master this track before the weekend \ud83d\udcbd"}
{"user": "sarah", "timestamp": "2025-02-17 10:55", "text": "S/O to @grace for mixing magic on that last collab \ud83e\ude84"}
{"user": "grace", "timestamp": "2025-02-17 10:58", "text": "Let\u2019s drop our favorite plugins in #tools \ud83e\uddf0"}
{"user": "rocknrolla", "timestamp": "2025-02-17 11:00", "text": "Let\u2019s drop our favorite plugins in #tools \ud83e\uddf0"}
{"user": "rocknrolla", "timestamp": "2025-02-17 11:09", "text": "I wrote a hook in the shower this morning \ud83d\udebf\ud83c\udfb6"}
{"user": "rocknrolla", "timestamp": "2025-02-17 11:21", "text": "Listening to the new Tame Impala album\u2014SO GOOD \ud83e\udd2f"}
{"user": "rocknrolla", "timestamp": "2025-02-17 11:24", "text": "Those harmonies in the chorus gave me chills \ud83e\uddca"}
{"user": "rocknrolla", "timestamp": "2025-02-17 11:26", "text": "I wrote a hook in the shower this morning \ud83d\udebf\ud83c\udfb6"}
{"user": "harmonizer", "timestamp": "2025-02-17 11:34", "text": "Can we vote on the next remix contest theme?"}
{"type": "system", "user": "system", "timestamp": "2025-02-17 11:39", "text": "djmax went AFK."}
{"user": "rocknrolla", "timestamp": "2025-02-17 11:47", "text": "Can we vote on the next remix contest theme?"}
{"user": "alex", "timestamp": "2025-02-17 11:57", "text": "Lofi beats and coffee = perfect combo \u2615\ud83c\udfa7"}
{"type": "system", "user": "system", "timestamp": "2025-02-17 12:08", "text": "rocknrolla disconnected."}
{"user": "alex", "timestamp": "2025-02-17 12:09", "text": "I wrote a hook in the shower this morning \ud83d\udebf\ud83c\udfb6"}
{"user": "melodymike", "timestamp": "2025-02-17 12:18", "text": "Trying to master this track before the weekend \ud83d\udcbd"}
{"user": "lofi_luke", "timestamp": "2025-02-17 12:22", "text": "Mic check 1, 2\u2014ready for the open mic session \ud83c\udf99\ufe0f"}
{"user": "rocknrolla", "timestamp": "2025-02-17 12:25", "text": "I sampled my dog barking and turned it into a snare \ud83d\ude06"}
{"user": "melodymike", "timestamp": "2025-02-17 12:29", "text": "Let\u2019s drop our favorite plugins in #tools \ud83e\uddf0"}
{"user": "alex", "timestamp": "2025-02-17 12:41", "text": "Vocals clipping a bit\u2014might need to re-record \ud83d\udd01"}
{"user": "rocknrolla", "timestamp": "2025-02-17 12:42", "text": "S/O to @grace for mixing magic on that last collab \ud83e\ude84"}
{"user": "emily", "timestamp": "2025-02-17 12:44", "text": "Can\u2019t stop looping this beat I made last night \ud83c\udf9b\ufe0f"}
{"user": "melodymike", "timestamp": "2025-02-17 12:56", "text": "Lofi beats and coffee = perfect combo \u2615\ud83c\udfa7"}
{"user": "harmonizer", "timestamp": "2025-02-17 13:07", "text": "Late night production crew, where you at? \ud83c\udf19"}
{"type": "system", "user": "system", "timestamp": "2025-02-17 13:18", "text": "alex disconnected."}
{"user": "tyler", "timestamp": "2025-02-17 13:26", "text": "Anyone use FL Studio here? I need help with automation."}
{"user": "melodymike", "timestamp": "2025-02-17 13:28", "text": "Those harmonies in the chorus gave me chills \ud83e\uddca"}
{"user": "chorusqueen", "timestamp": "2025-02-17 13:40", "text": "Late night production crew, where you at? \ud83c\udf19"}
{"user": "djmax", "timestamp": "2025-02-17 13:45", "text": "Let\u2019s drop our favorite plugins in #tools \ud83e\uddf0"}
{"type": "system", "user": "system", "timestamp": "2025-02-17 13:47", "text": "grace is now online."}
{"type": "system", "user": "system", "timestamp": "2025-02-17 13:58", "text": "sarah went AFK."}
{"user": "grace", "timestamp": "2025-02-17 14:08", "text": "We hit 1K plays on our last track! \ud83d\udd25\ud83d\udd25\ud83d\udd25"}
{"user": "alex", "timestamp": "2025-02-17 14:18", "text": "Starting my weekend with some vinyl spins \ud83c\udfb6"}
{"user": "tyler", "timestamp": "2025-02-17 14:30", "text": "Can\u2019t stop looping this beat I made last night \ud83c\udf9b\ufe0f"}
{"user": "emily", "timestamp": "2025-02-17 14:31", "text": "Can we vote on the next remix contest theme?"}
{"user": "lofi_luke", "timestamp": "2025-02-17 14:40", "text": "What\u2019s your go-to tempo for chill tracks?"}
{"user": "djmax", "timestamp": "2025-02-17 14:49", "text": "I sampled my dog barking and turned it into a snare \ud83d\ude06"}
{"user": "beatdrop", "timestamp": "2025-02-17 14:59", "text": "Starting my weekend with some vinyl spins \ud83c\udfb6"}
{"user": "lofi_luke", "timestamp": "2025-02-17 15:05", "text": "Vocals clipping a bit\u2014might need to re-record \ud83d\udd01"}
{"user": "melodymike", "timestamp": "2025-02-17 15:07", "text": "We hit 1K plays on our last track! \ud83d\udd25\ud83d\udd25\ud83d\udd25"}
{"user": "djmax", "timestamp": "2025-02-17 15:19", "text": "I finally got my MIDI keyboard working again \ud83c\udfb9"}
{"user": "djmax", "timestamp": "2025-02-17 15:31", "text": "Starting my weekend with some vinyl spins \ud83c\udfb6"}
{"user": "lofi_luke", "timestamp": "2025-02-17 15:43", "text": "Shared my new mix in #tracks. Feedback welcome! \ud83c\udfa7"}
{"user": "djmax", "timestamp": "2025-02-17 15:47", "text": "Mic check 1, 2\u2014ready for the open mic session \ud83c\udf99\ufe0f"}
{"user": "chorusqueen", "timestamp": "2025-02-17 15:50", "text": "Just uploaded the stems for the collab project \ud83d\udd25"}
{"type": "system", "user": "system", "timestamp": "2025-02-17 15:57", "text": "emily is now online."}
{"user": "alex", "timestamp": "2025-02-17 16:02", "text": "Lofi beats and coffee = perfect combo \u2615\ud83c\udfa7"}
{"user": "tyler", "timestamp": "2025-02-17 16:14", "text": "I sampled my dog barking and turned it into a snare \ud83d\ude06"}
{"user": "emily", "timestamp": "2025-02-17 16:26", "text": "Anyone use FL Studio here? I need help with automation."}
{"type": "system", "user": "system", "timestamp": "2025-02-17 16:33", "text": "chorusqueen has joined the studio."}
{"user": "harmonizer", "timestamp": "2025-02-17 16:45", "text": "Just added some ambient pads to the mix\u2014smooth \ud83c\udf0a"}
{"user": "chorusqueen", "timestamp": "2025-02-17 16:57", "text": "Lofi beats and coffee = perfect combo \u2615\ud83c\udfa7"}
{"user": "djmax", "timestamp": "2025-02-17 17:07", "text": "Lofi beats and coffee = perfect combo \u2615\ud83c\udfa7"}
{"user": "tyler", "timestamp": "2025-02-17 17:11", "text": "Just added some ambient pads to the mix\u2014smooth \ud83c\udf0a"}
{"user": "alex", "timestamp": "2025-02-17 17:13", "text": "I finally got my MIDI keyboard working again \ud83c\udfb9"}
{"user": "harmonizer", "timestamp": "2025-02-17 17:24", "text": "Anyone wanna do a producer challenge this weekend?"}
{"user": "chorusqueen", "timestamp": "2025-02-17 17:31", "text": "Can\u2019t stop looping this beat I made last night \ud83c\udf9b\ufe0f"}
{"user": "harmonizer", "timestamp": "2025-02-17 17:33", "text": "The vibes in that track remind me of Daft Punk \ud83d\udd76\ufe0f"}
{"type": "system", "user": "system", "timestamp": "2025-02-17 17:43", "text": "grace is now online."}
{"user": "melodymike", "timestamp": "2025-02-17 17:51", "text": "Can we vote on the next remix contest theme?"}
{"user": "djmax", "timestamp": "2025-02-17 17:55", "text": "I finally got the timing right on that hi-hat loop \ud83e\udd41"}
{"user": "lofi_luke", "timestamp": "2025-02-17 18:00", "text": "The vibes in that track remind me of Daft Punk \ud83d\udd76\ufe0f"}
{"type": "system", "user": "system", "timestamp": "2025-02-17 18:12", "text": "melodymike has left the jam."}
{"user": "harmonizer", "timestamp": "2025-02-17 18:20", "text": "Just uploaded the stems for the collab project \ud83d\udd25"}
{"user": "nina", "timestamp": "2025-02-17 18:26", "text": "Late night production crew, where you at? \ud83c\udf19"}
{"user": "grace", "timestamp": "2025-02-17 18:28", "text": "I finally got the timing right on that hi-hat loop \ud83e\udd41"}
{"user": "djmax", "timestamp": "2025-02-17 18:29", "text": "Those harmonies in the chorus gave me chills \ud83e\uddca"}
{"type": "system", "user": "system", "timestamp": "2025-02-17 18:40", "text": "grace is now online."}
{"user": "grace", "timestamp": "2025-02-17 18:52", "text": "Any synthwave fans here? That retro vibe hits different \u2728"}
{"user": "alex", "timestamp": "2025-02-17 19:00", "text": "Vocals clipping a bit\u2014might need to re-record \ud83d\udd01"}
{"user": "grace", "timestamp": "2025-02-17 19:01", "text": "Lofi beats and coffee = perfect combo \u2615\ud83c\udfa7"}
{"type": "system", "user": "system", "timestamp": "2025-02-17 19:13", "text": "rocknrolla has left the jam."}
{"user": "melodymike", "timestamp": "2025-02-17 19:17", "text": "I finally got the timing right on that hi-hat loop \ud83e\udd41"}
{"user": "chorusqueen", "timestamp": "2025-02-17 19:23", "text": "Made a beat with only household items \ud83d\ude02"}
{"user": "rocknrolla", "timestamp": "2025-02-17 19:35", "text": "What\u2019s your go-to tempo for chill tracks?"}
{"type": "system", "user": "system", "timestamp": "2025-02-17 19:46", "text": "chorusqueen is now online."}
{"type": "system", "user": "system", "timestamp": "2025-02-17 19:55", "text": "grace has left the jam."}
{"user": "emily", "timestamp": "2025-02-17 19:58", "text": "Those harmonies in the chorus gave me chills \ud83e\uddca"}
{"type": "system", "user": "system", "timestamp": "2025-02-17 19:59", "text": "chorusqueen disconnected."}
{"user": "alex", "timestamp": "2025-02-17 20:06", "text": "Late night production crew, where you at? \ud83c\udf19"}
{"user": "harmonizer", "timestamp": "2025-02-17 20:10", "text": "Shared my new mix in #tracks. Feedback welcome! \ud83c\udfa7"}
{"user": "chorusqueen", "timestamp": "2025-02-17 20:22", "text": "Can we vote on the next remix contest theme?"}
{"type": "system", "user": "system", "timestamp": "2025-02-17 20:29", "text": "chorusqueen went AFK."}
{"user": "nina", "timestamp": "2025-02-17 20:38", "text": "Made a beat with only household items \ud83d\ude02"}
{"type": "system", "user": "system", "timestamp": "2025-02-17 20:44", "text": "alex reconnected."}
{"user": "lofi_luke", "timestamp": "2025-02-17 20:52", "text": "Anyone use FL Studio here? I need help with automation."}
{"user": "emily", "timestamp": "2025-02-17 21:01", "text": "The vibes in that track remind me of Daft Punk \ud83d\udd76\ufe0f"}
{"type": "system", "user": "system", "timestamp": "2025-02-17 21:11", "text": "melodymike went AFK."}
{"user": "alex", "timestamp": "2025-02-17 21:19", "text": "My neighbors must love me practicing bass at midnight \ud83d\ude05"}
{"user": "harmonizer", "timestamp": "2025-02-17 21:20", "text": "Can\u2019t stop looping this beat I made last night \ud83c\udf9b\ufe0f"}
{"user": "djmax", "timestamp": "2025-02-17 21:32", "text": "Made a beat with only household items \ud83d\ude02"}
{"user": "harmonizer", "timestamp": "2025-02-17 21:39", "text": "S/O to @grace for mixing magic on that last collab \ud83e\ude84"}
{"type": "system", "user": "system", "timestamp": "2025-02-17 21:44", "text": "tyler disconnected."}
{"user": "grace", "timestamp": "2025-02-17 21:51", "text": "Mic check 1, 2\u2014ready for the open mic session \ud83c\udf99\ufe0f"}
{"user": "chorusqueen", "timestamp": "2025-02-17 22:00", "text": "Shared my new mix in #tracks. Feedback welcome! \ud83c\udfa7"}
{"type": "system", "user": "system", "timestamp": "2025-02-17 22:10", "text": "djmax has joined the studio."}
{"user": "lofi_luke", "timestamp": "2025-02-17 22:22", "text": "I finally got the timing right on that hi-hat loop \ud83e\udd41"}
{"user": "alex", "timestamp": "2025-02-17 22:25", "text": "What\u2019s your go-to tempo for chill tracks?"}
{"type": "system", "user": "system", "timestamp": "2025-02-17 22:32", "text": "sarah disconnected."}
{"user": "chorusqueen", "timestamp": "2025-02-17 22:40", "text": "Anyone wanna do a producer challenge this weekend?"}
{"user": "alex", "timestamp": "2025-02-17 22:44", "text": "The vibes in that track remind me of Daft Punk \ud83d\udd76\ufe0f"}
{"user": "emily", "timestamp": "2025-02-17 22:50", "text": "Starting my weekend with some vinyl spins \ud83c\udfb6"}
{"user": "tyler", "timestamp": "2025-02-17 22:59", "text": "S/O to @grace for mixing magic on that last collab \ud83e\ude84"}
{"user": "harmonizer", "timestamp": "2025-02-17 23:00", "text": "Vocals clipping a bit\u2014might need to re-record \ud83d\udd01"}
{"type": "system", "user": "system", "timestamp": "2025-02-17 23:04", "text": "harmonizer is now online."}
{"user": "lofi_luke", "timestamp": "2025-02-17 23:06", "text": "Trying to master this track before the weekend \ud83d\udcbd"}
{"user": "djmax", "timestamp": "2025-02-17 23:14", "text": "Mic check 1, 2\u2014ready for the open mic session \ud83c\udf99\ufe0f"}
{"user": "melodymike", "timestamp": "2025-02-17 23:23", "text": "Let\u2019s drop our favorite plugins in #tools \ud83e\uddf0"}
{"user": "sarah", "timestamp": "2025-02-17 23:28", "text": "We hit 1K plays on our last track! \ud83d\udd25\ud83d\udd25\ud83d\udd25"}
{"user": "sarah", "timestamp": "2025-02-17 23:37", "text": "Those harmonies in the chorus gave me chills \ud83e\uddca"}


{"user":"you","timestamp":"2025-05-16 15:45","text":"Hey folks, have you heared SOAD's new song?"}
